{"meta": {"format": 3, "version": "7.11.0", "timestamp": "2025-12-17T09:16:10.645103", "branch_coverage": true, "show_contexts": false}, "files": {"src\\bioetl\\__init__.py": {"executed_lines": [1, 3], "summary": {"covered_lines": 1, "num_statements": 1, "percent_covered": 100.0, "percent_covered_display": "100", "missing_lines": 0, "excluded_lines": 0, "num_branches": 0, "num_partial_branches": 0, "covered_branches": 0, "missing_branches": 0}, "missing_lines": [], "excluded_lines": [], "executed_branches": [], "missing_branches": [], "functions": {"": {"executed_lines": [1, 3], "summary": {"covered_lines": 1, "num_statements": 1, "percent_covered": 100.0, "percent_covered_display": "100", "missing_lines": 0, "excluded_lines": 0, "num_branches": 0, "num_partial_branches": 0, "covered_branches": 0, "missing_branches": 0}, "missing_lines": [], "excluded_lines": [], "executed_branches": [], "missing_branches": []}}, "classes": {"": {"executed_lines": [1, 3], "summary": {"covered_lines": 1, "num_statements": 1, "percent_covered": 100.0, "percent_covered_display": "100", "missing_lines": 0, "excluded_lines": 0, "num_branches": 0, "num_partial_branches": 0, "covered_branches": 0, "missing_branches": 0}, "missing_lines": [], "excluded_lines": [], "executed_branches": [], "missing_branches": []}}}, "src\\bioetl\\application\\__init__.py": {"executed_lines": [1], "summary": {"covered_lines": 0, "num_statements": 0, "percent_covered": 100.0, "percent_covered_display": "100", "missing_lines": 0, "excluded_lines": 0, "num_branches": 0, "num_partial_branches": 0, "covered_branches": 0, "missing_branches": 0}, "missing_lines": [], "excluded_lines": [], "executed_branches": [], "missing_branches": [], "functions": {"": {"executed_lines": [1], "summary": {"covered_lines": 0, "num_statements": 0, "percent_covered": 100.0, "percent_covered_display": "100", "missing_lines": 0, "excluded_lines": 0, "num_branches": 0, "num_partial_branches": 0, "covered_branches": 0, "missing_branches": 0}, "missing_lines": [], "excluded_lines": [], "executed_branches": [], "missing_branches": []}}, "classes": {"": {"executed_lines": [1], "summary": {"covered_lines": 0, "num_statements": 0, "percent_covered": 100.0, "percent_covered_display": "100", "missing_lines": 0, "excluded_lines": 0, "num_branches": 0, "num_partial_branches": 0, "covered_branches": 0, "missing_branches": 0}, "missing_lines": [], "excluded_lines": [], "executed_branches": [], "missing_branches": []}}}, "src\\bioetl\\application\\core\\__init__.py": {"executed_lines": [1, 8, 9, 10, 11, 12, 16, 17, 18, 19, 21], "summary": {"covered_lines": 10, "num_statements": 10, "percent_covered": 100.0, "percent_covered_display": "100", "missing_lines": 0, "excluded_lines": 0, "num_branches": 0, "num_partial_branches": 0, "covered_branches": 0, "missing_branches": 0}, "missing_lines": [], "excluded_lines": [], "executed_branches": [], "missing_branches": [], "functions": {"": {"executed_lines": [1, 8, 9, 10, 11, 12, 16, 17, 18, 19, 21], "summary": {"covered_lines": 10, "num_statements": 10, "percent_covered": 100.0, "percent_covered_display": "100", "missing_lines": 0, "excluded_lines": 0, "num_branches": 0, "num_partial_branches": 0, "covered_branches": 0, "missing_branches": 0}, "missing_lines": [], "excluded_lines": [], "executed_branches": [], "missing_branches": []}}, "classes": {"": {"executed_lines": [1, 8, 9, 10, 11, 12, 16, 17, 18, 19, 21], "summary": {"covered_lines": 10, "num_statements": 10, "percent_covered": 100.0, "percent_covered_display": "100", "missing_lines": 0, "excluded_lines": 0, "num_branches": 0, "num_partial_branches": 0, "covered_branches": 0, "missing_branches": 0}, "missing_lines": [], "excluded_lines": [], "executed_branches": [], "missing_branches": []}}}, "src\\bioetl\\application\\core\\base.py": {"executed_lines": [1, 11, 13, 14, 15, 16, 17, 19, 20, 24, 25, 26, 27, 28, 29, 37, 43, 50, 51, 59, 66, 67, 68, 69, 70, 74, 79, 82, 83, 84, 85, 86, 90, 91, 93, 95, 96, 98, 100, 101, 103, 105, 106, 110, 111, 113, 115, 116, 120, 121, 127, 128, 130, 132, 133, 135, 137, 138, 140, 142, 143, 145, 147, 148, 150, 152, 153, 159, 160, 164, 165, 169, 170, 174, 175, 179, 180, 184, 185, 191, 192, 198, 199, 214, 215, 224, 225, 247, 248, 250, 263, 267, 268, 324, 326, 328, 329, 335, 341, 348], "summary": {"covered_lines": 95, "num_statements": 133, "percent_covered": 67.13286713286713, "percent_covered_display": "67", "missing_lines": 38, "excluded_lines": 10, "num_branches": 10, "num_partial_branches": 1, "covered_branches": 1, "missing_branches": 9}, "missing_lines": [108, 118, 123, 155, 162, 167, 172, 177, 182, 187, 194, 195, 196, 201, 202, 212, 217, 218, 222, 227, 228, 230, 245, 251, 253, 291, 299, 306, 311, 320, 339, 345, 352, 353, 354, 355, 356, 358], "excluded_lines": [43, 44, 46, 47, 328, 329, 330, 331, 332, 333], "executed_branches": [[250, 263]], "missing_branches": [[194, 195], [194, 196], [201, 202], [201, 212], [217, 218], [217, 222], [227, 228], [227, 245], [250, 251]], "functions": {"BasePipeline.__init__": {"executed_lines": [66, 67, 68, 69, 70, 74, 79, 82, 83, 84, 85, 86], "summary": {"covered_lines": 12, "num_statements": 12, "percent_covered": 100.0, "percent_covered_display": "100", "missing_lines": 0, "excluded_lines": 0, "num_branches": 0, "num_partial_branches": 0, "covered_branches": 0, "missing_branches": 0}, "missing_lines": [], "excluded_lines": [], "executed_branches": [], "missing_branches": []}, "BasePipeline.config": {"executed_lines": [93], "summary": {"covered_lines": 1, "num_statements": 1, "percent_covered": 100.0, "percent_covered_display": "100", "missing_lines": 0, "excluded_lines": 0, "num_branches": 0, "num_partial_branches": 0, "covered_branches": 0, "missing_branches": 0}, "missing_lines": [], "excluded_lines": [], "executed_branches": [], "missing_branches": []}, "BasePipeline.runtime": {"executed_lines": [98], "summary": {"covered_lines": 1, "num_statements": 1, "percent_covered": 100.0, "percent_covered_display": "100", "missing_lines": 0, "excluded_lines": 0, "num_branches": 0, "num_partial_branches": 0, "covered_branches": 0, "missing_branches": 0}, "missing_lines": [], "excluded_lines": [], "executed_branches": [], "missing_branches": []}, "BasePipeline.services": {"executed_lines": [103], "summary": {"covered_lines": 1, "num_statements": 1, "percent_covered": 100.0, "percent_covered_display": "100", "missing_lines": 0, "excluded_lines": 0, "num_branches": 0, "num_partial_branches": 0, "covered_branches": 0, "missing_branches": 0}, "missing_lines": [], "excluded_lines": [], "executed_branches": [], "missing_branches": []}, "BasePipeline.run_id": {"executed_lines": [], "summary": {"covered_lines": 0, "num_statements": 1, "percent_covered": 0.0, "percent_covered_display": "0", "missing_lines": 1, "excluded_lines": 0, "num_branches": 0, "num_partial_branches": 0, "covered_branches": 0, "missing_branches": 0}, "missing_lines": [108], "excluded_lines": [], "executed_branches": [], "missing_branches": []}, "BasePipeline.context": {"executed_lines": [113], "summary": {"covered_lines": 1, "num_statements": 1, "percent_covered": 100.0, "percent_covered_display": "100", "missing_lines": 0, "excluded_lines": 0, "num_branches": 0, "num_partial_branches": 0, "covered_branches": 0, "missing_branches": 0}, "missing_lines": [], "excluded_lines": [], "executed_branches": [], "missing_branches": []}, "BasePipeline.logger": {"executed_lines": [], "summary": {"covered_lines": 0, "num_statements": 1, "percent_covered": 0.0, "percent_covered_display": "0", "missing_lines": 1, "excluded_lines": 0, "num_branches": 0, "num_partial_branches": 0, "covered_branches": 0, "missing_branches": 0}, "missing_lines": [118], "excluded_lines": [], "executed_branches": [], "missing_branches": []}, "BasePipeline.shutdown_signal": {"executed_lines": [], "summary": {"covered_lines": 0, "num_statements": 1, "percent_covered": 0.0, "percent_covered_display": "0", "missing_lines": 1, "excluded_lines": 0, "num_branches": 0, "num_partial_branches": 0, "covered_branches": 0, "missing_branches": 0}, "missing_lines": [123], "excluded_lines": [], "executed_branches": [], "missing_branches": []}, "BasePipeline.pipeline_name": {"executed_lines": [130], "summary": {"covered_lines": 1, "num_statements": 1, "percent_covered": 100.0, "percent_covered_display": "100", "missing_lines": 0, "excluded_lines": 0, "num_branches": 0, "num_partial_branches": 0, "covered_branches": 0, "missing_branches": 0}, "missing_lines": [], "excluded_lines": [], "executed_branches": [], "missing_branches": []}, "BasePipeline.provider": {"executed_lines": [135], "summary": {"covered_lines": 1, "num_statements": 1, "percent_covered": 100.0, "percent_covered_display": "100", "missing_lines": 0, "excluded_lines": 0, "num_branches": 0, "num_partial_branches": 0, "covered_branches": 0, "missing_branches": 0}, "missing_lines": [], "excluded_lines": [], "executed_branches": [], "missing_branches": []}, "BasePipeline.entity_type": {"executed_lines": [140], "summary": {"covered_lines": 1, "num_statements": 1, "percent_covered": 100.0, "percent_covered_display": "100", "missing_lines": 0, "excluded_lines": 0, "num_branches": 0, "num_partial_branches": 0, "covered_branches": 0, "missing_branches": 0}, "missing_lines": [], "excluded_lines": [], "executed_branches": [], "missing_branches": []}, "BasePipeline.run_type": {"executed_lines": [145], "summary": {"covered_lines": 1, "num_statements": 1, "percent_covered": 100.0, "percent_covered_display": "100", "missing_lines": 0, "excluded_lines": 0, "num_branches": 0, "num_partial_branches": 0, "covered_branches": 0, "missing_branches": 0}, "missing_lines": [], "excluded_lines": [], "executed_branches": [], "missing_branches": []}, "BasePipeline.resume": {"executed_lines": [150], "summary": {"covered_lines": 1, "num_statements": 1, "percent_covered": 100.0, "percent_covered_display": "100", "missing_lines": 0, "excluded_lines": 0, "num_branches": 0, "num_partial_branches": 0, "covered_branches": 0, "missing_branches": 0}, "missing_lines": [], "excluded_lines": [], "executed_branches": [], "missing_branches": []}, "BasePipeline.limit": {"executed_lines": [], "summary": {"covered_lines": 0, "num_statements": 1, "percent_covered": 0.0, "percent_covered_display": "0", "missing_lines": 1, "excluded_lines": 0, "num_branches": 0, "num_partial_branches": 0, "covered_branches": 0, "missing_branches": 0}, "missing_lines": [155], "excluded_lines": [], "executed_branches": [], "missing_branches": []}, "BasePipeline.data_source": {"executed_lines": [], "summary": {"covered_lines": 0, "num_statements": 1, "percent_covered": 0.0, "percent_covered_display": "0", "missing_lines": 1, "excluded_lines": 0, "num_branches": 0, "num_partial_branches": 0, "covered_branches": 0, "missing_branches": 0}, "missing_lines": [162], "excluded_lines": [], "executed_branches": [], "missing_branches": []}, "BasePipeline.storage": {"executed_lines": [], "summary": {"covered_lines": 0, "num_statements": 1, "percent_covered": 0.0, "percent_covered_display": "0", "missing_lines": 1, "excluded_lines": 0, "num_branches": 0, "num_partial_branches": 0, "covered_branches": 0, "missing_branches": 0}, "missing_lines": [167], "excluded_lines": [], "executed_branches": [], "missing_branches": []}, "BasePipeline.lock": {"executed_lines": [], "summary": {"covered_lines": 0, "num_statements": 1, "percent_covered": 0.0, "percent_covered_display": "0", "missing_lines": 1, "excluded_lines": 0, "num_branches": 0, "num_partial_branches": 0, "covered_branches": 0, "missing_branches": 0}, "missing_lines": [172], "excluded_lines": [], "executed_branches": [], "missing_branches": []}, "BasePipeline.checkpoint": {"executed_lines": [], "summary": {"covered_lines": 0, "num_statements": 1, "percent_covered": 0.0, "percent_covered_display": "0", "missing_lines": 1, "excluded_lines": 0, "num_branches": 0, "num_partial_branches": 0, "covered_branches": 0, "missing_branches": 0}, "missing_lines": [177], "excluded_lines": [], "executed_branches": [], "missing_branches": []}, "BasePipeline.quarantine": {"executed_lines": [], "summary": {"covered_lines": 0, "num_statements": 1, "percent_covered": 0.0, "percent_covered_display": "0", "missing_lines": 1, "excluded_lines": 0, "num_branches": 0, "num_partial_branches": 0, "covered_branches": 0, "missing_branches": 0}, "missing_lines": [182], "excluded_lines": [], "executed_branches": [], "missing_branches": []}, "BasePipeline.metrics": {"executed_lines": [], "summary": {"covered_lines": 0, "num_statements": 1, "percent_covered": 0.0, "percent_covered_display": "0", "missing_lines": 1, "excluded_lines": 0, "num_branches": 0, "num_partial_branches": 0, "covered_branches": 0, "missing_branches": 0}, "missing_lines": [187], "excluded_lines": [], "executed_branches": [], "missing_branches": []}, "BasePipeline.error_classifier": {"executed_lines": [], "summary": {"covered_lines": 0, "num_statements": 3, "percent_covered": 0.0, "percent_covered_display": "0", "missing_lines": 3, "excluded_lines": 0, "num_branches": 2, "num_partial_branches": 0, "covered_branches": 0, "missing_branches": 2}, "missing_lines": [194, 195, 196], "excluded_lines": [], "executed_branches": [], "missing_branches": [[194, 195], [194, 196]]}, "BasePipeline.checkpoint_manager": {"executed_lines": [], "summary": {"covered_lines": 0, "num_statements": 3, "percent_covered": 0.0, "percent_covered_display": "0", "missing_lines": 3, "excluded_lines": 0, "num_branches": 2, "num_partial_branches": 0, "covered_branches": 0, "missing_branches": 2}, "missing_lines": [201, 202, 212], "excluded_lines": [], "executed_branches": [], "missing_branches": [[201, 202], [201, 212]]}, "BasePipeline.quarantine_manager": {"executed_lines": [], "summary": {"covered_lines": 0, "num_statements": 3, "percent_covered": 0.0, "percent_covered_display": "0", "missing_lines": 3, "excluded_lines": 0, "num_branches": 2, "num_partial_branches": 0, "covered_branches": 0, "missing_branches": 2}, "missing_lines": [217, 218, 222], "excluded_lines": [], "executed_branches": [], "missing_branches": [[217, 218], [217, 222]]}, "BasePipeline.executor": {"executed_lines": [], "summary": {"covered_lines": 0, "num_statements": 4, "percent_covered": 0.0, "percent_covered_display": "0", "missing_lines": 4, "excluded_lines": 0, "num_branches": 2, "num_partial_branches": 0, "covered_branches": 0, "missing_branches": 2}, "missing_lines": [227, 228, 230, 245], "excluded_lines": [], "executed_branches": [], "missing_branches": [[227, 228], [227, 245]]}, "BasePipeline.orchestrator": {"executed_lines": [250, 263], "summary": {"covered_lines": 2, "num_statements": 4, "percent_covered": 50.0, "percent_covered_display": "50", "missing_lines": 2, "excluded_lines": 0, "num_branches": 2, "num_partial_branches": 1, "covered_branches": 1, "missing_branches": 1}, "missing_lines": [251, 253], "excluded_lines": [], "executed_branches": [[250, 263]], "missing_branches": [[250, 251]]}, "BasePipeline.from_params": {"executed_lines": [], "summary": {"covered_lines": 0, "num_statements": 5, "percent_covered": 0.0, "percent_covered_display": "0", "missing_lines": 5, "excluded_lines": 0, "num_branches": 0, "num_partial_branches": 0, "covered_branches": 0, "missing_branches": 0}, "missing_lines": [291, 299, 306, 311, 320], "excluded_lines": [], "executed_branches": [], "missing_branches": []}, "BasePipeline.run": {"executed_lines": [326], "summary": {"covered_lines": 1, "num_statements": 1, "percent_covered": 100.0, "percent_covered_display": "100", "missing_lines": 0, "excluded_lines": 0, "num_branches": 0, "num_partial_branches": 0, "covered_branches": 0, "missing_branches": 0}, "missing_lines": [], "excluded_lines": [], "executed_branches": [], "missing_branches": []}, "BasePipeline.transform_bronze_to_silver": {"executed_lines": [], "summary": {"covered_lines": 0, "num_statements": 0, "percent_covered": 100.0, "percent_covered_display": "100", "missing_lines": 0, "excluded_lines": 2, "num_branches": 0, "num_partial_branches": 0, "covered_branches": 0, "missing_branches": 0}, "missing_lines": [], "excluded_lines": [332, 333], "executed_branches": [], "missing_branches": []}, "BasePipeline.should_write_gold": {"executed_lines": [], "summary": {"covered_lines": 0, "num_statements": 1, "percent_covered": 0.0, "percent_covered_display": "0", "missing_lines": 1, "excluded_lines": 0, "num_branches": 0, "num_partial_branches": 0, "covered_branches": 0, "missing_branches": 0}, "missing_lines": [339], "excluded_lines": [], "executed_branches": [], "missing_branches": []}, "BasePipeline.extract_watermark": {"executed_lines": [], "summary": {"covered_lines": 0, "num_statements": 1, "percent_covered": 0.0, "percent_covered_display": "0", "missing_lines": 1, "excluded_lines": 0, "num_branches": 0, "num_partial_branches": 0, "covered_branches": 0, "missing_branches": 0}, "missing_lines": [345], "excluded_lines": [], "executed_branches": [], "missing_branches": []}, "run_pipeline_flow": {"executed_lines": [], "summary": {"covered_lines": 0, "num_statements": 6, "percent_covered": 0.0, "percent_covered_display": "0", "missing_lines": 6, "excluded_lines": 0, "num_branches": 0, "num_partial_branches": 0, "covered_branches": 0, "missing_branches": 0}, "missing_lines": [352, 353, 354, 355, 356, 358], "excluded_lines": [], "executed_branches": [], "missing_branches": []}, "": {"executed_lines": [1, 11, 13, 14, 15, 16, 17, 19, 20, 24, 25, 26, 27, 28, 29, 37, 43, 50, 51, 59, 90, 91, 95, 96, 100, 101, 105, 106, 110, 111, 115, 116, 120, 121, 127, 128, 132, 133, 137, 138, 142, 143, 147, 148, 152, 153, 159, 160, 164, 165, 169, 170, 174, 175, 179, 180, 184, 185, 191, 192, 198, 199, 214, 215, 224, 225, 247, 248, 267, 268, 324, 328, 329, 335, 341, 348], "summary": {"covered_lines": 71, "num_statements": 71, "percent_covered": 100.0, "percent_covered_display": "100", "missing_lines": 0, "excluded_lines": 8, "num_branches": 0, "num_partial_branches": 0, "covered_branches": 0, "missing_branches": 0}, "missing_lines": [], "excluded_lines": [43, 44, 46, 47, 328, 329, 330, 331], "executed_branches": [], "missing_branches": []}}, "classes": {"BasePipeline": {"executed_lines": [66, 67, 68, 69, 70, 74, 79, 82, 83, 84, 85, 86, 93, 98, 103, 113, 130, 135, 140, 145, 150, 250, 263, 326], "summary": {"covered_lines": 24, "num_statements": 56, "percent_covered": 37.878787878787875, "percent_covered_display": "38", "missing_lines": 32, "excluded_lines": 2, "num_branches": 10, "num_partial_branches": 1, "covered_branches": 1, "missing_branches": 9}, "missing_lines": [108, 118, 123, 155, 162, 167, 172, 177, 182, 187, 194, 195, 196, 201, 202, 212, 217, 218, 222, 227, 228, 230, 245, 251, 253, 291, 299, 306, 311, 320, 339, 345], "excluded_lines": [332, 333], "executed_branches": [[250, 263]], "missing_branches": [[194, 195], [194, 196], [201, 202], [201, 212], [217, 218], [217, 222], [227, 228], [227, 245], [250, 251]]}, "": {"executed_lines": [1, 11, 13, 14, 15, 16, 17, 19, 20, 24, 25, 26, 27, 28, 29, 37, 43, 50, 51, 59, 90, 91, 95, 96, 100, 101, 105, 106, 110, 111, 115, 116, 120, 121, 127, 128, 132, 133, 137, 138, 142, 143, 147, 148, 152, 153, 159, 160, 164, 165, 169, 170, 174, 175, 179, 180, 184, 185, 191, 192, 198, 199, 214, 215, 224, 225, 247, 248, 267, 268, 324, 328, 329, 335, 341, 348], "summary": {"covered_lines": 71, "num_statements": 77, "percent_covered": 92.20779220779221, "percent_covered_display": "92", "missing_lines": 6, "excluded_lines": 8, "num_branches": 0, "num_partial_branches": 0, "covered_branches": 0, "missing_branches": 0}, "missing_lines": [352, 353, 354, 355, 356, 358], "excluded_lines": [43, 44, 46, 47, 328, 329, 330, 331], "executed_branches": [], "missing_branches": []}}}, "src\\bioetl\\application\\core\\checkpoint_manager.py": {"executed_lines": [1, 7, 8, 10, 11, 13, 17, 18, 20, 36, 49, 66], "summary": {"covered_lines": 9, "num_statements": 25, "percent_covered": 31.03448275862069, "percent_covered_display": "31", "missing_lines": 16, "excluded_lines": 2, "num_branches": 4, "num_partial_branches": 0, "covered_branches": 0, "missing_branches": 4}, "missing_lines": [29, 30, 31, 32, 33, 34, 38, 39, 40, 41, 42, 46, 47, 58, 59, 68], "excluded_lines": [13, 14], "executed_branches": [], "missing_branches": [[38, 39], [38, 47], [40, 41], [40, 47]], "functions": {"CheckpointManager.__init__": {"executed_lines": [], "summary": {"covered_lines": 0, "num_statements": 6, "percent_covered": 0.0, "percent_covered_display": "0", "missing_lines": 6, "excluded_lines": 0, "num_branches": 0, "num_partial_branches": 0, "covered_branches": 0, "missing_branches": 0}, "missing_lines": [29, 30, 31, 32, 33, 34], "excluded_lines": [], "executed_branches": [], "missing_branches": []}, "CheckpointManager.load_checkpoint": {"executed_lines": [], "summary": {"covered_lines": 0, "num_statements": 7, "percent_covered": 0.0, "percent_covered_display": "0", "missing_lines": 7, "excluded_lines": 0, "num_branches": 4, "num_partial_branches": 0, "covered_branches": 0, "missing_branches": 4}, "missing_lines": [38, 39, 40, 41, 42, 46, 47], "excluded_lines": [], "executed_branches": [], "missing_branches": [[38, 39], [38, 47], [40, 41], [40, 47]]}, "CheckpointManager.save_checkpoint": {"executed_lines": [], "summary": {"covered_lines": 0, "num_statements": 2, "percent_covered": 0.0, "percent_covered_display": "0", "missing_lines": 2, "excluded_lines": 0, "num_branches": 0, "num_partial_branches": 0, "covered_branches": 0, "missing_branches": 0}, "missing_lines": [58, 59], "excluded_lines": [], "executed_branches": [], "missing_branches": []}, "CheckpointManager.delete_checkpoint": {"executed_lines": [], "summary": {"covered_lines": 0, "num_statements": 1, "percent_covered": 0.0, "percent_covered_display": "0", "missing_lines": 1, "excluded_lines": 0, "num_branches": 0, "num_partial_branches": 0, "covered_branches": 0, "missing_branches": 0}, "missing_lines": [68], "excluded_lines": [], "executed_branches": [], "missing_branches": []}, "": {"executed_lines": [1, 7, 8, 10, 11, 13, 17, 18, 20, 36, 49, 66], "summary": {"covered_lines": 9, "num_statements": 9, "percent_covered": 100.0, "percent_covered_display": "100", "missing_lines": 0, "excluded_lines": 2, "num_branches": 0, "num_partial_branches": 0, "covered_branches": 0, "missing_branches": 0}, "missing_lines": [], "excluded_lines": [13, 14], "executed_branches": [], "missing_branches": []}}, "classes": {"CheckpointManager": {"executed_lines": [], "summary": {"covered_lines": 0, "num_statements": 16, "percent_covered": 0.0, "percent_covered_display": "0", "missing_lines": 16, "excluded_lines": 0, "num_branches": 4, "num_partial_branches": 0, "covered_branches": 0, "missing_branches": 4}, "missing_lines": [29, 30, 31, 32, 33, 34, 38, 39, 40, 41, 42, 46, 47, 58, 59, 68], "excluded_lines": [], "executed_branches": [], "missing_branches": [[38, 39], [38, 47], [40, 41], [40, 47]]}, "": {"executed_lines": [1, 7, 8, 10, 11, 13, 17, 18, 20, 36, 49, 66], "summary": {"covered_lines": 9, "num_statements": 9, "percent_covered": 100.0, "percent_covered_display": "100", "missing_lines": 0, "excluded_lines": 2, "num_branches": 0, "num_partial_branches": 0, "covered_branches": 0, "missing_branches": 0}, "missing_lines": [], "excluded_lines": [13, 14], "executed_branches": [], "missing_branches": []}}}, "src\\bioetl\\application\\core\\executor.py": {"executed_lines": [1, 5, 7, 8, 9, 11, 12, 13, 14, 15, 16, 17, 18, 21, 22, 27, 28, 30, 46, 47, 48, 49, 50, 51, 55, 67, 68, 69, 70, 71, 73, 74, 75, 77, 78, 85, 86, 87, 89, 90, 91, 93, 94, 98, 99, 101, 102, 105, 106, 107, 108, 110, 113, 118], "summary": {"covered_lines": 52, "num_statements": 55, "percent_covered": 91.30434782608695, "percent_covered_display": "91", "missing_lines": 3, "excluded_lines": 0, "num_branches": 14, "num_partial_branches": 1, "covered_branches": 11, "missing_branches": 3}, "missing_lines": [79, 80, 83], "excluded_lines": [], "executed_branches": [[77, 78], [77, 98], [78, 85], [89, 90], [89, 93], [93, 77], [93, 94], [98, -73], [98, 99], [113, -110], [113, 118]], "missing_branches": [[78, 79], [79, 80], [79, 83]], "functions": {"PipelineExecutor.__init__": {"executed_lines": [46, 47, 48, 49, 50, 51, 55, 67, 68, 69, 70, 71], "summary": {"covered_lines": 12, "num_statements": 12, "percent_covered": 100.0, "percent_covered_display": "100", "missing_lines": 0, "excluded_lines": 0, "num_branches": 0, "num_partial_branches": 0, "covered_branches": 0, "missing_branches": 0}, "missing_lines": [], "excluded_lines": [], "executed_branches": [], "missing_branches": []}, "PipelineExecutor.execute": {"executed_lines": [74, 75, 77, 78, 85, 86, 87, 89, 90, 91, 93, 94, 98, 99], "summary": {"covered_lines": 14, "num_statements": 17, "percent_covered": 79.3103448275862, "percent_covered_display": "79", "missing_lines": 3, "excluded_lines": 0, "num_branches": 12, "num_partial_branches": 1, "covered_branches": 9, "missing_branches": 3}, "missing_lines": [79, 80, 83], "excluded_lines": [], "executed_branches": [[77, 78], [77, 98], [78, 85], [89, 90], [89, 93], [93, 77], [93, 94], [98, -73], [98, 99]], "missing_branches": [[78, 79], [79, 80], [79, 83]]}, "PipelineExecutor._process_and_update_counts": {"executed_lines": [102, 105, 106, 107, 108], "summary": {"covered_lines": 5, "num_statements": 5, "percent_covered": 100.0, "percent_covered_display": "100", "missing_lines": 0, "excluded_lines": 0, "num_branches": 0, "num_partial_branches": 0, "covered_branches": 0, "missing_branches": 0}, "missing_lines": [], "excluded_lines": [], "executed_branches": [], "missing_branches": []}, "PipelineExecutor._extract": {"executed_lines": [113, 118], "summary": {"covered_lines": 2, "num_statements": 2, "percent_covered": 100.0, "percent_covered_display": "100", "missing_lines": 0, "excluded_lines": 0, "num_branches": 2, "num_partial_branches": 0, "covered_branches": 2, "missing_branches": 0}, "missing_lines": [], "excluded_lines": [], "executed_branches": [[113, -110], [113, 118]], "missing_branches": []}, "": {"executed_lines": [1, 5, 7, 8, 9, 11, 12, 13, 14, 15, 16, 17, 18, 21, 22, 27, 28, 30, 73, 101, 110], "summary": {"covered_lines": 19, "num_statements": 19, "percent_covered": 100.0, "percent_covered_display": "100", "missing_lines": 0, "excluded_lines": 0, "num_branches": 0, "num_partial_branches": 0, "covered_branches": 0, "missing_branches": 0}, "missing_lines": [], "excluded_lines": [], "executed_branches": [], "missing_branches": []}}, "classes": {"PipelineExecutor": {"executed_lines": [46, 47, 48, 49, 50, 51, 55, 67, 68, 69, 70, 71, 74, 75, 77, 78, 85, 86, 87, 89, 90, 91, 93, 94, 98, 99, 102, 105, 106, 107, 108, 113, 118], "summary": {"covered_lines": 33, "num_statements": 36, "percent_covered": 88.0, "percent_covered_display": "88", "missing_lines": 3, "excluded_lines": 0, "num_branches": 14, "num_partial_branches": 1, "covered_branches": 11, "missing_branches": 3}, "missing_lines": [79, 80, 83], "excluded_lines": [], "executed_branches": [[77, 78], [77, 98], [78, 85], [89, 90], [89, 93], [93, 77], [93, 94], [98, -73], [98, 99], [113, -110], [113, 118]], "missing_branches": [[78, 79], [79, 80], [79, 83]]}, "": {"executed_lines": [1, 5, 7, 8, 9, 11, 12, 13, 14, 15, 16, 17, 18, 21, 22, 27, 28, 30, 73, 101, 110], "summary": {"covered_lines": 19, "num_statements": 19, "percent_covered": 100.0, "percent_covered_display": "100", "missing_lines": 0, "excluded_lines": 0, "num_branches": 0, "num_partial_branches": 0, "covered_branches": 0, "missing_branches": 0}, "missing_lines": [], "excluded_lines": [], "executed_branches": [], "missing_branches": []}}}, "src\\bioetl\\application\\core\\lock_manager.py": {"executed_lines": [1, 3, 5, 6, 8, 9, 10, 12, 16, 17, 22, 36, 37, 38, 39, 40, 41, 42, 43, 45, 46, 71, 72, 78, 79, 81, 82, 84, 85, 86, 87, 88, 89, 90, 91, 94, 96, 97, 99, 100, 101, 102, 105, 106, 107, 108, 110, 111, 112, 113, 114, 115, 117, 123], "summary": {"covered_lines": 51, "num_statements": 54, "percent_covered": 92.1875, "percent_covered_display": "92", "missing_lines": 3, "excluded_lines": 2, "num_branches": 10, "num_partial_branches": 2, "covered_branches": 8, "missing_branches": 2}, "missing_lines": [58, 59, 61], "excluded_lines": [12, 13], "executed_branches": [[78, 79], [78, 81], [85, 86], [85, 91], [100, 101], [105, 106], [112, 113], [112, 114]], "missing_branches": [[100, -99], [105, 100]], "functions": {"LockManager.__init__": {"executed_lines": [36, 37, 38, 39, 40, 41, 42, 43], "summary": {"covered_lines": 8, "num_statements": 8, "percent_covered": 100.0, "percent_covered_display": "100", "missing_lines": 0, "excluded_lines": 0, "num_branches": 0, "num_partial_branches": 0, "covered_branches": 0, "missing_branches": 0}, "missing_lines": [], "excluded_lines": [], "executed_branches": [], "missing_branches": []}, "LockManager.create": {"executed_lines": [], "summary": {"covered_lines": 0, "num_statements": 3, "percent_covered": 0.0, "percent_covered_display": "0", "missing_lines": 3, "excluded_lines": 0, "num_branches": 0, "num_partial_branches": 0, "covered_branches": 0, "missing_branches": 0}, "missing_lines": [58, 59, 61], "excluded_lines": [], "executed_branches": [], "missing_branches": []}, "LockManager.acquire": {"executed_lines": [72, 78, 79, 81, 82], "summary": {"covered_lines": 5, "num_statements": 5, "percent_covered": 100.0, "percent_covered_display": "100", "missing_lines": 0, "excluded_lines": 0, "num_branches": 2, "num_partial_branches": 0, "covered_branches": 2, "missing_branches": 0}, "missing_lines": [], "excluded_lines": [], "executed_branches": [[78, 79], [78, 81]], "missing_branches": []}, "LockManager.release": {"executed_lines": [85, 86, 87, 88, 89, 90, 91, 94], "summary": {"covered_lines": 8, "num_statements": 8, "percent_covered": 100.0, "percent_covered_display": "100", "missing_lines": 0, "excluded_lines": 0, "num_branches": 2, "num_partial_branches": 0, "covered_branches": 2, "missing_branches": 0}, "missing_lines": [], "excluded_lines": [], "executed_branches": [[85, 86], [85, 91]], "missing_branches": []}, "LockManager.start_heartbeat": {"executed_lines": [97], "summary": {"covered_lines": 1, "num_statements": 1, "percent_covered": 100.0, "percent_covered_display": "100", "missing_lines": 0, "excluded_lines": 0, "num_branches": 0, "num_partial_branches": 0, "covered_branches": 0, "missing_branches": 0}, "missing_lines": [], "excluded_lines": [], "executed_branches": [], "missing_branches": []}, "LockManager._heartbeat_loop": {"executed_lines": [100, 101, 102, 105, 106, 107, 108], "summary": {"covered_lines": 7, "num_statements": 7, "percent_covered": 81.81818181818181, "percent_covered_display": "82", "missing_lines": 0, "excluded_lines": 0, "num_branches": 4, "num_partial_branches": 2, "covered_branches": 2, "missing_branches": 2}, "missing_lines": [], "excluded_lines": [], "executed_branches": [[100, 101], [105, 106]], "missing_branches": [[100, -99], [105, 100]]}, "LockManager.__aenter__": {"executed_lines": [111, 112, 113, 114, 115], "summary": {"covered_lines": 5, "num_statements": 5, "percent_covered": 100.0, "percent_covered_display": "100", "missing_lines": 0, "excluded_lines": 0, "num_branches": 2, "num_partial_branches": 0, "covered_branches": 2, "missing_branches": 0}, "missing_lines": [], "excluded_lines": [], "executed_branches": [[112, 113], [112, 114]], "missing_branches": []}, "LockManager.__aexit__": {"executed_lines": [123], "summary": {"covered_lines": 1, "num_statements": 1, "percent_covered": 100.0, "percent_covered_display": "100", "missing_lines": 0, "excluded_lines": 0, "num_branches": 0, "num_partial_branches": 0, "covered_branches": 0, "missing_branches": 0}, "missing_lines": [], "excluded_lines": [], "executed_branches": [], "missing_branches": []}, "": {"executed_lines": [1, 3, 5, 6, 8, 9, 10, 12, 16, 17, 22, 45, 46, 71, 84, 96, 99, 110, 117], "summary": {"covered_lines": 16, "num_statements": 16, "percent_covered": 100.0, "percent_covered_display": "100", "missing_lines": 0, "excluded_lines": 2, "num_branches": 0, "num_partial_branches": 0, "covered_branches": 0, "missing_branches": 0}, "missing_lines": [], "excluded_lines": [12, 13], "executed_branches": [], "missing_branches": []}}, "classes": {"LockManager": {"executed_lines": [36, 37, 38, 39, 40, 41, 42, 43, 72, 78, 79, 81, 82, 85, 86, 87, 88, 89, 90, 91, 94, 97, 100, 101, 102, 105, 106, 107, 108, 111, 112, 113, 114, 115, 123], "summary": {"covered_lines": 35, "num_statements": 38, "percent_covered": 89.58333333333333, "percent_covered_display": "90", "missing_lines": 3, "excluded_lines": 0, "num_branches": 10, "num_partial_branches": 2, "covered_branches": 8, "missing_branches": 2}, "missing_lines": [58, 59, 61], "excluded_lines": [], "executed_branches": [[78, 79], [78, 81], [85, 86], [85, 91], [100, 101], [105, 106], [112, 113], [112, 114]], "missing_branches": [[100, -99], [105, 100]]}, "": {"executed_lines": [1, 3, 5, 6, 8, 9, 10, 12, 16, 17, 22, 45, 46, 71, 84, 96, 99, 110, 117], "summary": {"covered_lines": 16, "num_statements": 16, "percent_covered": 100.0, "percent_covered_display": "100", "missing_lines": 0, "excluded_lines": 2, "num_branches": 0, "num_partial_branches": 0, "covered_branches": 0, "missing_branches": 0}, "missing_lines": [], "excluded_lines": [12, 13], "executed_branches": [], "missing_branches": []}}}, "src\\bioetl\\application\\core\\orchestrator.py": {"executed_lines": [1, 10, 12, 13, 14, 15, 17, 18, 22, 23, 24, 25, 27, 33, 34, 45, 81, 82, 110, 111, 115, 207, 219, 233], "summary": {"covered_lines": 21, "num_statements": 83, "percent_covered": 22.580645161290324, "percent_covered_display": "23", "missing_lines": 62, "excluded_lines": 3, "num_branches": 10, "num_partial_branches": 0, "covered_branches": 0, "missing_branches": 10}, "missing_lines": [70, 71, 72, 73, 74, 75, 76, 77, 78, 79, 98, 113, 117, 118, 120, 124, 126, 127, 129, 130, 136, 137, 138, 139, 141, 142, 146, 147, 148, 150, 157, 158, 161, 162, 163, 164, 165, 166, 168, 169, 170, 171, 172, 173, 175, 178, 181, 182, 192, 197, 209, 210, 211, 214, 215, 216, 217, 222, 223, 226, 228, 229], "excluded_lines": [27, 28, 30], "executed_branches": [], "missing_branches": [[136, 137], [136, 141], [168, 169], [168, 175], [192, -115], [192, 197], [209, -207], [209, 210], [214, 209], [214, 215]], "functions": {"PipelineOrchestrator.__init__": {"executed_lines": [], "summary": {"covered_lines": 0, "num_statements": 10, "percent_covered": 0.0, "percent_covered_display": "0", "missing_lines": 10, "excluded_lines": 0, "num_branches": 0, "num_partial_branches": 0, "covered_branches": 0, "missing_branches": 0}, "missing_lines": [70, 71, 72, 73, 74, 75, 76, 77, 78, 79], "excluded_lines": [], "executed_branches": [], "missing_branches": []}, "PipelineOrchestrator.from_components": {"executed_lines": [], "summary": {"covered_lines": 0, "num_statements": 1, "percent_covered": 0.0, "percent_covered_display": "0", "missing_lines": 1, "excluded_lines": 0, "num_branches": 0, "num_partial_branches": 0, "covered_branches": 0, "missing_branches": 0}, "missing_lines": [98], "excluded_lines": [], "executed_branches": [], "missing_branches": []}, "PipelineOrchestrator.shutdown_requested": {"executed_lines": [], "summary": {"covered_lines": 0, "num_statements": 1, "percent_covered": 0.0, "percent_covered_display": "0", "missing_lines": 1, "excluded_lines": 0, "num_branches": 0, "num_partial_branches": 0, "covered_branches": 0, "missing_branches": 0}, "missing_lines": [113], "excluded_lines": [], "executed_branches": [], "missing_branches": []}, "PipelineOrchestrator.run": {"executed_lines": [], "summary": {"covered_lines": 0, "num_statements": 38, "percent_covered": 0.0, "percent_covered_display": "0", "missing_lines": 38, "excluded_lines": 0, "num_branches": 6, "num_partial_branches": 0, "covered_branches": 0, "missing_branches": 6}, "missing_lines": [117, 118, 120, 124, 126, 127, 129, 130, 136, 137, 138, 139, 141, 142, 146, 147, 148, 150, 157, 158, 161, 162, 163, 164, 165, 166, 168, 169, 170, 171, 172, 173, 175, 178, 181, 182, 192, 197], "excluded_lines": [], "executed_branches": [], "missing_branches": [[136, 137], [136, 141], [168, 169], [168, 175], [192, -115], [192, 197]]}, "PipelineOrchestrator._heartbeat_loop": {"executed_lines": [], "summary": {"covered_lines": 0, "num_statements": 7, "percent_covered": 0.0, "percent_covered_display": "0", "missing_lines": 7, "excluded_lines": 0, "num_branches": 4, "num_partial_branches": 0, "covered_branches": 0, "missing_branches": 4}, "missing_lines": [209, 210, 211, 214, 215, 216, 217], "excluded_lines": [], "executed_branches": [], "missing_branches": [[209, -207], [209, 210], [214, 209], [214, 215]]}, "PipelineOrchestrator._setup_shutdown_handlers": {"executed_lines": [], "summary": {"covered_lines": 0, "num_statements": 3, "percent_covered": 0.0, "percent_covered_display": "0", "missing_lines": 3, "excluded_lines": 0, "num_branches": 0, "num_partial_branches": 0, "covered_branches": 0, "missing_branches": 0}, "missing_lines": [222, 228, 229], "excluded_lines": [], "executed_branches": [], "missing_branches": []}, "PipelineOrchestrator._setup_shutdown_handlers.signal_handler": {"executed_lines": [], "summary": {"covered_lines": 0, "num_statements": 2, "percent_covered": 0.0, "percent_covered_display": "0", "missing_lines": 2, "excluded_lines": 0, "num_branches": 0, "num_partial_branches": 0, "covered_branches": 0, "missing_branches": 0}, "missing_lines": [223, 226], "excluded_lines": [], "executed_branches": [], "missing_branches": []}, "": {"executed_lines": [1, 10, 12, 13, 14, 15, 17, 18, 22, 23, 24, 25, 27, 33, 34, 45, 81, 82, 110, 111, 115, 207, 219, 233], "summary": {"covered_lines": 21, "num_statements": 21, "percent_covered": 100.0, "percent_covered_display": "100", "missing_lines": 0, "excluded_lines": 3, "num_branches": 0, "num_partial_branches": 0, "covered_branches": 0, "missing_branches": 0}, "missing_lines": [], "excluded_lines": [27, 28, 30], "executed_branches": [], "missing_branches": []}}, "classes": {"PipelineOrchestrator": {"executed_lines": [], "summary": {"covered_lines": 0, "num_statements": 62, "percent_covered": 0.0, "percent_covered_display": "0", "missing_lines": 62, "excluded_lines": 0, "num_branches": 10, "num_partial_branches": 0, "covered_branches": 0, "missing_branches": 10}, "missing_lines": [70, 71, 72, 73, 74, 75, 76, 77, 78, 79, 98, 113, 117, 118, 120, 124, 126, 127, 129, 130, 136, 137, 138, 139, 141, 142, 146, 147, 148, 150, 157, 158, 161, 162, 163, 164, 165, 166, 168, 169, 170, 171, 172, 173, 175, 178, 181, 182, 192, 197, 209, 210, 211, 214, 215, 216, 217, 222, 223, 226, 228, 229], "excluded_lines": [], "executed_branches": [], "missing_branches": [[136, 137], [136, 141], [168, 169], [168, 175], [192, -115], [192, 197], [209, -207], [209, 210], [214, 209], [214, 215]]}, "": {"executed_lines": [1, 10, 12, 13, 14, 15, 17, 18, 22, 23, 24, 25, 27, 33, 34, 45, 81, 82, 110, 111, 115, 207, 219, 233], "summary": {"covered_lines": 21, "num_statements": 21, "percent_covered": 100.0, "percent_covered_display": "100", "missing_lines": 0, "excluded_lines": 3, "num_branches": 0, "num_partial_branches": 0, "covered_branches": 0, "missing_branches": 0}, "missing_lines": [], "excluded_lines": [27, 28, 30], "executed_branches": [], "missing_branches": []}}}, "src\\bioetl\\application\\core\\pipeline_config.py": {"executed_lines": [1, 7, 9, 12, 13, 14, 39, 40, 41, 42, 43, 44, 45, 46, 48, 50, 51, 52, 53, 54, 55, 56, 57, 58, 59, 62, 63, 65, 66, 68, 71, 72, 73, 85, 86, 87, 88, 90, 92, 93], "summary": {"covered_lines": 37, "num_statements": 37, "percent_covered": 100.0, "percent_covered_display": "100", "missing_lines": 0, "excluded_lines": 0, "num_branches": 14, "num_partial_branches": 0, "covered_branches": 14, "missing_branches": 0}, "missing_lines": [], "excluded_lines": [], "executed_branches": [[50, 51], [50, 52], [52, 53], [52, 54], [54, 55], [54, 56], [56, 57], [56, 58], [58, 59], [58, 62], [62, -48], [62, 63], [92, -90], [92, 93]], "missing_branches": [], "functions": {"PipelineConfig.__post_init__": {"executed_lines": [50, 51, 52, 53, 54, 55, 56, 57, 58, 59, 62, 63], "summary": {"covered_lines": 12, "num_statements": 12, "percent_covered": 100.0, "percent_covered_display": "100", "missing_lines": 0, "excluded_lines": 0, "num_branches": 12, "num_partial_branches": 0, "covered_branches": 12, "missing_branches": 0}, "missing_lines": [], "excluded_lines": [], "executed_branches": [[50, 51], [50, 52], [52, 53], [52, 54], [54, 55], [54, 56], [56, 57], [56, 58], [58, 59], [58, 62], [62, -48], [62, 63]], "missing_branches": []}, "PipelineConfig.lock_key": {"executed_lines": [68], "summary": {"covered_lines": 1, "num_statements": 1, "percent_covered": 100.0, "percent_covered_display": "100", "missing_lines": 0, "excluded_lines": 0, "num_branches": 0, "num_partial_branches": 0, "covered_branches": 0, "missing_branches": 0}, "missing_lines": [], "excluded_lines": [], "executed_branches": [], "missing_branches": []}, "PipelineRuntimeConfig.__post_init__": {"executed_lines": [92, 93], "summary": {"covered_lines": 2, "num_statements": 2, "percent_covered": 100.0, "percent_covered_display": "100", "missing_lines": 0, "excluded_lines": 0, "num_branches": 2, "num_partial_branches": 0, "covered_branches": 2, "missing_branches": 0}, "missing_lines": [], "excluded_lines": [], "executed_branches": [[92, -90], [92, 93]], "missing_branches": []}, "": {"executed_lines": [1, 7, 9, 12, 13, 14, 39, 40, 41, 42, 43, 44, 45, 46, 48, 65, 66, 71, 72, 73, 85, 86, 87, 88, 90], "summary": {"covered_lines": 22, "num_statements": 22, "percent_covered": 100.0, "percent_covered_display": "100", "missing_lines": 0, "excluded_lines": 0, "num_branches": 0, "num_partial_branches": 0, "covered_branches": 0, "missing_branches": 0}, "missing_lines": [], "excluded_lines": [], "executed_branches": [], "missing_branches": []}}, "classes": {"PipelineConfig": {"executed_lines": [50, 51, 52, 53, 54, 55, 56, 57, 58, 59, 62, 63, 68], "summary": {"covered_lines": 13, "num_statements": 13, "percent_covered": 100.0, "percent_covered_display": "100", "missing_lines": 0, "excluded_lines": 0, "num_branches": 12, "num_partial_branches": 0, "covered_branches": 12, "missing_branches": 0}, "missing_lines": [], "excluded_lines": [], "executed_branches": [[50, 51], [50, 52], [52, 53], [52, 54], [54, 55], [54, 56], [56, 57], [56, 58], [58, 59], [58, 62], [62, -48], [62, 63]], "missing_branches": []}, "PipelineRuntimeConfig": {"executed_lines": [92, 93], "summary": {"covered_lines": 2, "num_statements": 2, "percent_covered": 100.0, "percent_covered_display": "100", "missing_lines": 0, "excluded_lines": 0, "num_branches": 2, "num_partial_branches": 0, "covered_branches": 2, "missing_branches": 0}, "missing_lines": [], "excluded_lines": [], "executed_branches": [[92, -90], [92, 93]], "missing_branches": []}, "": {"executed_lines": [1, 7, 9, 12, 13, 14, 39, 40, 41, 42, 43, 44, 45, 46, 48, 65, 66, 71, 72, 73, 85, 86, 87, 88, 90], "summary": {"covered_lines": 22, "num_statements": 22, "percent_covered": 100.0, "percent_covered_display": "100", "missing_lines": 0, "excluded_lines": 0, "num_branches": 0, "num_partial_branches": 0, "covered_branches": 0, "missing_branches": 0}, "missing_lines": [], "excluded_lines": [], "executed_branches": [], "missing_branches": []}}}, "src\\bioetl\\application\\core\\pipeline_services.py": {"executed_lines": [1, 7, 8, 9, 11, 20, 24, 25, 26, 55, 56, 57, 58, 59, 60, 61, 63, 67, 69, 87], "summary": {"covered_lines": 17, "num_statements": 23, "percent_covered": 62.96296296296296, "percent_covered_display": "63", "missing_lines": 6, "excluded_lines": 2, "num_branches": 4, "num_partial_branches": 0, "covered_branches": 0, "missing_branches": 4}, "missing_lines": [71, 72, 81, 82, 83, 84], "excluded_lines": [20, 21], "executed_branches": [], "missing_branches": [[81, 82], [81, 84], [82, 81], [82, 83]], "functions": {"PipelineServices.__post_init__": {"executed_lines": [67], "summary": {"covered_lines": 1, "num_statements": 1, "percent_covered": 100.0, "percent_covered_display": "100", "missing_lines": 0, "excluded_lines": 0, "num_branches": 0, "num_partial_branches": 0, "covered_branches": 0, "missing_branches": 0}, "missing_lines": [], "excluded_lines": [], "executed_branches": [], "missing_branches": []}, "PipelineServices.aclose": {"executed_lines": [], "summary": {"covered_lines": 0, "num_statements": 6, "percent_covered": 0.0, "percent_covered_display": "0", "missing_lines": 6, "excluded_lines": 0, "num_branches": 4, "num_partial_branches": 0, "covered_branches": 0, "missing_branches": 4}, "missing_lines": [71, 72, 81, 82, 83, 84], "excluded_lines": [], "executed_branches": [], "missing_branches": [[81, 82], [81, 84], [82, 81], [82, 83]]}, "": {"executed_lines": [1, 7, 8, 9, 11, 20, 24, 25, 26, 55, 56, 57, 58, 59, 60, 61, 63, 69, 87], "summary": {"covered_lines": 16, "num_statements": 16, "percent_covered": 100.0, "percent_covered_display": "100", "missing_lines": 0, "excluded_lines": 2, "num_branches": 0, "num_partial_branches": 0, "covered_branches": 0, "missing_branches": 0}, "missing_lines": [], "excluded_lines": [20, 21], "executed_branches": [], "missing_branches": []}}, "classes": {"PipelineServices": {"executed_lines": [67], "summary": {"covered_lines": 1, "num_statements": 7, "percent_covered": 9.090909090909092, "percent_covered_display": "9", "missing_lines": 6, "excluded_lines": 0, "num_branches": 4, "num_partial_branches": 0, "covered_branches": 0, "missing_branches": 4}, "missing_lines": [71, 72, 81, 82, 83, 84], "excluded_lines": [], "executed_branches": [], "missing_branches": [[81, 82], [81, 84], [82, 81], [82, 83]]}, "": {"executed_lines": [1, 7, 8, 9, 11, 20, 24, 25, 26, 55, 56, 57, 58, 59, 60, 61, 63, 69, 87], "summary": {"covered_lines": 16, "num_statements": 16, "percent_covered": 100.0, "percent_covered_display": "100", "missing_lines": 0, "excluded_lines": 2, "num_branches": 0, "num_partial_branches": 0, "covered_branches": 0, "missing_branches": 0}, "missing_lines": [], "excluded_lines": [20, 21], "executed_branches": [], "missing_branches": []}}}, "src\\bioetl\\application\\core\\protocols.py": {"executed_lines": [1, 4, 6, 7, 9, 12, 13, 18, 19], "summary": {"covered_lines": 8, "num_statements": 8, "percent_covered": 83.33333333333333, "percent_covered_display": "83", "missing_lines": 0, "excluded_lines": 0, "num_branches": 4, "num_partial_branches": 2, "covered_branches": 2, "missing_branches": 2}, "missing_lines": [], "excluded_lines": [], "executed_branches": [[13, -12], [19, -18]], "missing_branches": [[13, -13], [19, -19]], "functions": {"TransformCallback.__call__": {"executed_lines": [], "summary": {"covered_lines": 0, "num_statements": 0, "percent_covered": 100.0, "percent_covered_display": "100", "missing_lines": 0, "excluded_lines": 0, "num_branches": 0, "num_partial_branches": 0, "covered_branches": 0, "missing_branches": 0}, "missing_lines": [], "excluded_lines": [], "executed_branches": [], "missing_branches": []}, "GoldFilterCallback.__call__": {"executed_lines": [19], "summary": {"covered_lines": 1, "num_statements": 1, "percent_covered": 66.66666666666667, "percent_covered_display": "67", "missing_lines": 0, "excluded_lines": 0, "num_branches": 2, "num_partial_branches": 1, "covered_branches": 1, "missing_branches": 1}, "missing_lines": [], "excluded_lines": [], "executed_branches": [[19, -18]], "missing_branches": [[19, -19]]}, "": {"executed_lines": [1, 4, 6, 7, 9, 12, 13, 18], "summary": {"covered_lines": 7, "num_statements": 7, "percent_covered": 88.88888888888889, "percent_covered_display": "89", "missing_lines": 0, "excluded_lines": 0, "num_branches": 2, "num_partial_branches": 1, "covered_branches": 1, "missing_branches": 1}, "missing_lines": [], "excluded_lines": [], "executed_branches": [[13, -12]], "missing_branches": [[13, -13]]}}, "classes": {"TransformCallback": {"executed_lines": [], "summary": {"covered_lines": 0, "num_statements": 0, "percent_covered": 100.0, "percent_covered_display": "100", "missing_lines": 0, "excluded_lines": 0, "num_branches": 0, "num_partial_branches": 0, "covered_branches": 0, "missing_branches": 0}, "missing_lines": [], "excluded_lines": [], "executed_branches": [], "missing_branches": []}, "GoldFilterCallback": {"executed_lines": [19], "summary": {"covered_lines": 1, "num_statements": 1, "percent_covered": 66.66666666666667, "percent_covered_display": "67", "missing_lines": 0, "excluded_lines": 0, "num_branches": 2, "num_partial_branches": 1, "covered_branches": 1, "missing_branches": 1}, "missing_lines": [], "excluded_lines": [], "executed_branches": [[19, -18]], "missing_branches": [[19, -19]]}, "": {"executed_lines": [1, 4, 6, 7, 9, 12, 13, 18], "summary": {"covered_lines": 7, "num_statements": 7, "percent_covered": 88.88888888888889, "percent_covered_display": "89", "missing_lines": 0, "excluded_lines": 0, "num_branches": 2, "num_partial_branches": 1, "covered_branches": 1, "missing_branches": 1}, "missing_lines": [], "excluded_lines": [], "executed_branches": [[13, -12]], "missing_branches": [[13, -13]]}}}, "src\\bioetl\\application\\core\\quarantine_manager.py": {"executed_lines": [1, 6, 8, 9, 12, 13, 19, 33], "summary": {"covered_lines": 6, "num_statements": 9, "percent_covered": 66.66666666666667, "percent_covered_display": "67", "missing_lines": 3, "excluded_lines": 0, "num_branches": 0, "num_partial_branches": 0, "covered_branches": 0, "missing_branches": 0}, "missing_lines": [30, 31, 48], "excluded_lines": [], "executed_branches": [], "missing_branches": [], "functions": {"QuarantineManager.__init__": {"executed_lines": [], "summary": {"covered_lines": 0, "num_statements": 2, "percent_covered": 0.0, "percent_covered_display": "0", "missing_lines": 2, "excluded_lines": 0, "num_branches": 0, "num_partial_branches": 0, "covered_branches": 0, "missing_branches": 0}, "missing_lines": [30, 31], "excluded_lines": [], "executed_branches": [], "missing_branches": []}, "QuarantineManager.quarantine_record": {"executed_lines": [], "summary": {"covered_lines": 0, "num_statements": 1, "percent_covered": 0.0, "percent_covered_display": "0", "missing_lines": 1, "excluded_lines": 0, "num_branches": 0, "num_partial_branches": 0, "covered_branches": 0, "missing_branches": 0}, "missing_lines": [48], "excluded_lines": [], "executed_branches": [], "missing_branches": []}, "": {"executed_lines": [1, 6, 8, 9, 12, 13, 19, 33], "summary": {"covered_lines": 6, "num_statements": 6, "percent_covered": 100.0, "percent_covered_display": "100", "missing_lines": 0, "excluded_lines": 0, "num_branches": 0, "num_partial_branches": 0, "covered_branches": 0, "missing_branches": 0}, "missing_lines": [], "excluded_lines": [], "executed_branches": [], "missing_branches": []}}, "classes": {"QuarantineManager": {"executed_lines": [], "summary": {"covered_lines": 0, "num_statements": 3, "percent_covered": 0.0, "percent_covered_display": "0", "missing_lines": 3, "excluded_lines": 0, "num_branches": 0, "num_partial_branches": 0, "covered_branches": 0, "missing_branches": 0}, "missing_lines": [30, 31, 48], "excluded_lines": [], "executed_branches": [], "missing_branches": []}, "": {"executed_lines": [1, 6, 8, 9, 12, 13, 19, 33], "summary": {"covered_lines": 6, "num_statements": 6, "percent_covered": 100.0, "percent_covered_display": "100", "missing_lines": 0, "excluded_lines": 0, "num_branches": 0, "num_partial_branches": 0, "covered_branches": 0, "missing_branches": 0}, "missing_lines": [], "excluded_lines": [], "executed_branches": [], "missing_branches": []}}}, "src\\bioetl\\application\\core\\record_processor.py": {"executed_lines": [1, 5, 7, 8, 9, 11, 12, 13, 14, 15, 16, 18, 22, 23, 28, 39, 40, 41, 42, 43, 44, 45, 46, 48, 55, 56, 59, 60, 61, 63, 64, 68, 69, 70, 71, 72, 73, 85, 86, 89, 90, 92, 99, 102, 103, 111, 114, 124, 125, 131, 132, 133], "summary": {"covered_lines": 49, "num_statements": 55, "percent_covered": 82.08955223880596, "percent_covered_display": "82", "missing_lines": 6, "excluded_lines": 2, "num_branches": 12, "num_partial_branches": 4, "covered_branches": 6, "missing_branches": 6}, "missing_lines": [74, 75, 76, 77, 80, 82], "excluded_lines": [18, 19], "executed_branches": [[63, 64], [63, 85], [70, 71], [72, 73], [85, 86], [89, 90]], "missing_branches": [[70, 63], [72, 63], [76, 77], [76, 82], [85, 89], [89, 92]], "functions": {"RecordProcessor.__init__": {"executed_lines": [39, 40, 41, 42, 43, 44, 45, 46], "summary": {"covered_lines": 8, "num_statements": 8, "percent_covered": 100.0, "percent_covered_display": "100", "missing_lines": 0, "excluded_lines": 0, "num_branches": 0, "num_partial_branches": 0, "covered_branches": 0, "missing_branches": 0}, "missing_lines": [], "excluded_lines": [], "executed_branches": [], "missing_branches": []}, "RecordProcessor.process_batch": {"executed_lines": [55, 56, 59, 60, 61, 63, 64, 68, 69, 70, 71, 72, 73, 85, 86, 89, 90, 92], "summary": {"covered_lines": 18, "num_statements": 24, "percent_covered": 66.66666666666667, "percent_covered_display": "67", "missing_lines": 6, "excluded_lines": 0, "num_branches": 12, "num_partial_branches": 4, "covered_branches": 6, "missing_branches": 6}, "missing_lines": [74, 75, 76, 77, 80, 82], "excluded_lines": [], "executed_branches": [[63, 64], [63, 85], [70, 71], [72, 73], [85, 86], [89, 90]], "missing_branches": [[70, 63], [72, 63], [76, 77], [76, 82], [85, 89], [89, 92]]}, "RecordProcessor._write_bronze_batch": {"executed_lines": [102, 103], "summary": {"covered_lines": 2, "num_statements": 2, "percent_covered": 100.0, "percent_covered_display": "100", "missing_lines": 0, "excluded_lines": 0, "num_branches": 0, "num_partial_branches": 0, "covered_branches": 0, "missing_branches": 0}, "missing_lines": [], "excluded_lines": [], "executed_branches": [], "missing_branches": []}, "RecordProcessor._write_silver_batch": {"executed_lines": [114, 124, 125], "summary": {"covered_lines": 3, "num_statements": 3, "percent_covered": 100.0, "percent_covered_display": "100", "missing_lines": 0, "excluded_lines": 0, "num_branches": 0, "num_partial_branches": 0, "covered_branches": 0, "missing_branches": 0}, "missing_lines": [], "excluded_lines": [], "executed_branches": [], "missing_branches": []}, "RecordProcessor._write_gold_batch": {"executed_lines": [132, 133], "summary": {"covered_lines": 2, "num_statements": 2, "percent_covered": 100.0, "percent_covered_display": "100", "missing_lines": 0, "excluded_lines": 0, "num_branches": 0, "num_partial_branches": 0, "covered_branches": 0, "missing_branches": 0}, "missing_lines": [], "excluded_lines": [], "executed_branches": [], "missing_branches": []}, "": {"executed_lines": [1, 5, 7, 8, 9, 11, 12, 13, 14, 15, 16, 18, 22, 23, 28, 48, 99, 111, 131], "summary": {"covered_lines": 16, "num_statements": 16, "percent_covered": 100.0, "percent_covered_display": "100", "missing_lines": 0, "excluded_lines": 2, "num_branches": 0, "num_partial_branches": 0, "covered_branches": 0, "missing_branches": 0}, "missing_lines": [], "excluded_lines": [18, 19], "executed_branches": [], "missing_branches": []}}, "classes": {"RecordProcessor": {"executed_lines": [39, 40, 41, 42, 43, 44, 45, 46, 55, 56, 59, 60, 61, 63, 64, 68, 69, 70, 71, 72, 73, 85, 86, 89, 90, 92, 102, 103, 114, 124, 125, 132, 133], "summary": {"covered_lines": 33, "num_statements": 39, "percent_covered": 76.47058823529412, "percent_covered_display": "76", "missing_lines": 6, "excluded_lines": 0, "num_branches": 12, "num_partial_branches": 4, "covered_branches": 6, "missing_branches": 6}, "missing_lines": [74, 75, 76, 77, 80, 82], "excluded_lines": [], "executed_branches": [[63, 64], [63, 85], [70, 71], [72, 73], [85, 86], [89, 90]], "missing_branches": [[70, 63], [72, 63], [76, 77], [76, 82], [85, 89], [89, 92]]}, "": {"executed_lines": [1, 5, 7, 8, 9, 11, 12, 13, 14, 15, 16, 18, 22, 23, 28, 48, 99, 111, 131], "summary": {"covered_lines": 16, "num_statements": 16, "percent_covered": 100.0, "percent_covered_display": "100", "missing_lines": 0, "excluded_lines": 2, "num_branches": 0, "num_partial_branches": 0, "covered_branches": 0, "missing_branches": 0}, "missing_lines": [], "excluded_lines": [18, 19], "executed_branches": [], "missing_branches": []}}}, "src\\bioetl\\application\\core\\shutdown.py": {"executed_lines": [1, 7, 8, 11, 12, 13, 31, 32, 34, 35, 37, 39, 49, 57, 67, 68, 74, 77], "summary": {"covered_lines": 15, "num_statements": 21, "percent_covered": 65.21739130434783, "percent_covered_display": "65", "missing_lines": 6, "excluded_lines": 0, "num_branches": 2, "num_partial_branches": 0, "covered_branches": 0, "missing_branches": 2}, "missing_lines": [45, 46, 47, 55, 63, 64], "excluded_lines": [], "executed_branches": [], "missing_branches": [[45, -39], [45, 46]], "functions": {"ShutdownSignal.is_requested": {"executed_lines": [37], "summary": {"covered_lines": 1, "num_statements": 1, "percent_covered": 100.0, "percent_covered_display": "100", "missing_lines": 0, "excluded_lines": 0, "num_branches": 0, "num_partial_branches": 0, "covered_branches": 0, "missing_branches": 0}, "missing_lines": [], "excluded_lines": [], "executed_branches": [], "missing_branches": []}, "ShutdownSignal.request": {"executed_lines": [], "summary": {"covered_lines": 0, "num_statements": 3, "percent_covered": 0.0, "percent_covered_display": "0", "missing_lines": 3, "excluded_lines": 0, "num_branches": 2, "num_partial_branches": 0, "covered_branches": 0, "missing_branches": 2}, "missing_lines": [45, 46, 47], "excluded_lines": [], "executed_branches": [], "missing_branches": [[45, -39], [45, 46]]}, "ShutdownSignal.wait": {"executed_lines": [], "summary": {"covered_lines": 0, "num_statements": 1, "percent_covered": 0.0, "percent_covered_display": "0", "missing_lines": 1, "excluded_lines": 0, "num_branches": 0, "num_partial_branches": 0, "covered_branches": 0, "missing_branches": 0}, "missing_lines": [55], "excluded_lines": [], "executed_branches": [], "missing_branches": []}, "ShutdownSignal.reset": {"executed_lines": [], "summary": {"covered_lines": 0, "num_statements": 2, "percent_covered": 0.0, "percent_covered_display": "0", "missing_lines": 2, "excluded_lines": 0, "num_branches": 0, "num_partial_branches": 0, "covered_branches": 0, "missing_branches": 0}, "missing_lines": [63, 64], "excluded_lines": [], "executed_branches": [], "missing_branches": []}, "": {"executed_lines": [1, 7, 8, 11, 12, 13, 31, 32, 34, 35, 39, 49, 57, 67, 68, 74, 77], "summary": {"covered_lines": 14, "num_statements": 14, "percent_covered": 100.0, "percent_covered_display": "100", "missing_lines": 0, "excluded_lines": 0, "num_branches": 0, "num_partial_branches": 0, "covered_branches": 0, "missing_branches": 0}, "missing_lines": [], "excluded_lines": [], "executed_branches": [], "missing_branches": []}}, "classes": {"ShutdownSignal": {"executed_lines": [37], "summary": {"covered_lines": 1, "num_statements": 7, "percent_covered": 11.11111111111111, "percent_covered_display": "11", "missing_lines": 6, "excluded_lines": 0, "num_branches": 2, "num_partial_branches": 0, "covered_branches": 0, "missing_branches": 2}, "missing_lines": [45, 46, 47, 55, 63, 64], "excluded_lines": [], "executed_branches": [], "missing_branches": [[45, -39], [45, 46]]}, "PipelineShutdownError": {"executed_lines": [], "summary": {"covered_lines": 0, "num_statements": 0, "percent_covered": 100.0, "percent_covered_display": "100", "missing_lines": 0, "excluded_lines": 0, "num_branches": 0, "num_partial_branches": 0, "covered_branches": 0, "missing_branches": 0}, "missing_lines": [], "excluded_lines": [], "executed_branches": [], "missing_branches": []}, "": {"executed_lines": [1, 7, 8, 11, 12, 13, 31, 32, 34, 35, 39, 49, 57, 67, 68, 74, 77], "summary": {"covered_lines": 14, "num_statements": 14, "percent_covered": 100.0, "percent_covered_display": "100", "missing_lines": 0, "excluded_lines": 0, "num_branches": 0, "num_partial_branches": 0, "covered_branches": 0, "missing_branches": 0}, "missing_lines": [], "excluded_lines": [], "executed_branches": [], "missing_branches": []}}}, "src\\bioetl\\application\\pipelines\\__init__.py": {"executed_lines": [1], "summary": {"covered_lines": 0, "num_statements": 0, "percent_covered": 100.0, "percent_covered_display": "100", "missing_lines": 0, "excluded_lines": 0, "num_branches": 0, "num_partial_branches": 0, "covered_branches": 0, "missing_branches": 0}, "missing_lines": [], "excluded_lines": [], "executed_branches": [], "missing_branches": [], "functions": {"": {"executed_lines": [1], "summary": {"covered_lines": 0, "num_statements": 0, "percent_covered": 100.0, "percent_covered_display": "100", "missing_lines": 0, "excluded_lines": 0, "num_branches": 0, "num_partial_branches": 0, "covered_branches": 0, "missing_branches": 0}, "missing_lines": [], "excluded_lines": [], "executed_branches": [], "missing_branches": []}}, "classes": {"": {"executed_lines": [1], "summary": {"covered_lines": 0, "num_statements": 0, "percent_covered": 100.0, "percent_covered_display": "100", "missing_lines": 0, "excluded_lines": 0, "num_branches": 0, "num_partial_branches": 0, "covered_branches": 0, "missing_branches": 0}, "missing_lines": [], "excluded_lines": [], "executed_branches": [], "missing_branches": []}}}, "src\\bioetl\\application\\pipelines\\chembl_activity.py": {"executed_lines": [1, 10, 12, 13, 15, 16, 20, 21, 22, 24, 28, 40, 41, 71, 72, 88, 89, 91, 104, 106, 128, 129, 132, 133, 134, 135, 138, 145, 146, 147, 148, 151, 152, 153, 158, 159, 162, 163, 166, 189, 190, 192, 194, 214, 215, 218, 219, 222, 223, 226, 227, 229, 230, 233, 235], "summary": {"covered_lines": 52, "num_statements": 59, "percent_covered": 86.3013698630137, "percent_covered_display": "86", "missing_lines": 7, "excluded_lines": 2, "num_branches": 14, "num_partial_branches": 1, "covered_branches": 11, "missing_branches": 3}, "missing_lines": [154, 155, 249, 250, 251, 254, 256], "excluded_lines": [24, 25], "executed_branches": [[128, 129], [128, 132], [151, 152], [214, 215], [214, 218], [218, 219], [218, 222], [222, 223], [222, 226], [229, 230], [229, 233]], "missing_branches": [[151, 158], [250, 251], [250, 254]], "functions": {"ChEMBLActivityPipeline.create": {"executed_lines": [88, 89], "summary": {"covered_lines": 2, "num_statements": 2, "percent_covered": 100.0, "percent_covered_display": "100", "missing_lines": 0, "excluded_lines": 0, "num_branches": 0, "num_partial_branches": 0, "covered_branches": 0, "missing_branches": 0}, "missing_lines": [], "excluded_lines": [], "executed_branches": [], "missing_branches": []}, "ChEMBLActivityPipeline.__init__": {"executed_lines": [104], "summary": {"covered_lines": 1, "num_statements": 1, "percent_covered": 100.0, "percent_covered_display": "100", "missing_lines": 0, "excluded_lines": 0, "num_branches": 0, "num_partial_branches": 0, "covered_branches": 0, "missing_branches": 0}, "missing_lines": [], "excluded_lines": [], "executed_branches": [], "missing_branches": []}, "ChEMBLActivityPipeline.transform_bronze_to_silver": {"executed_lines": [128, 129, 132, 133, 134, 135, 138, 145, 146, 147, 148, 151, 152, 153, 158, 159, 162, 163, 166, 189, 190, 192], "summary": {"covered_lines": 22, "num_statements": 24, "percent_covered": 89.28571428571429, "percent_covered_display": "89", "missing_lines": 2, "excluded_lines": 0, "num_branches": 4, "num_partial_branches": 1, "covered_branches": 3, "missing_branches": 1}, "missing_lines": [154, 155], "excluded_lines": [], "executed_branches": [[128, 129], [128, 132], [151, 152]], "missing_branches": [[151, 158]]}, "ChEMBLActivityPipeline.should_write_gold": {"executed_lines": [214, 215, 218, 219, 222, 223, 226, 227, 229, 230, 233], "summary": {"covered_lines": 11, "num_statements": 11, "percent_covered": 100.0, "percent_covered_display": "100", "missing_lines": 0, "excluded_lines": 0, "num_branches": 8, "num_partial_branches": 0, "covered_branches": 8, "missing_branches": 0}, "missing_lines": [], "excluded_lines": [], "executed_branches": [[214, 215], [214, 218], [218, 219], [218, 222], [222, 223], [222, 226], [229, 230], [229, 233]], "missing_branches": []}, "ChEMBLActivityPipeline.extract_watermark": {"executed_lines": [], "summary": {"covered_lines": 0, "num_statements": 5, "percent_covered": 0.0, "percent_covered_display": "0", "missing_lines": 5, "excluded_lines": 0, "num_branches": 2, "num_partial_branches": 0, "covered_branches": 0, "missing_branches": 2}, "missing_lines": [249, 250, 251, 254, 256], "excluded_lines": [], "executed_branches": [], "missing_branches": [[250, 251], [250, 254]]}, "": {"executed_lines": [1, 10, 12, 13, 15, 16, 20, 21, 22, 24, 28, 40, 41, 71, 72, 91, 106, 194, 235], "summary": {"covered_lines": 16, "num_statements": 16, "percent_covered": 100.0, "percent_covered_display": "100", "missing_lines": 0, "excluded_lines": 2, "num_branches": 0, "num_partial_branches": 0, "covered_branches": 0, "missing_branches": 0}, "missing_lines": [], "excluded_lines": [24, 25], "executed_branches": [], "missing_branches": []}}, "classes": {"ChEMBLActivityPipeline": {"executed_lines": [88, 89, 104, 128, 129, 132, 133, 134, 135, 138, 145, 146, 147, 148, 151, 152, 153, 158, 159, 162, 163, 166, 189, 190, 192, 214, 215, 218, 219, 222, 223, 226, 227, 229, 230, 233], "summary": {"covered_lines": 36, "num_statements": 43, "percent_covered": 82.45614035087719, "percent_covered_display": "82", "missing_lines": 7, "excluded_lines": 0, "num_branches": 14, "num_partial_branches": 1, "covered_branches": 11, "missing_branches": 3}, "missing_lines": [154, 155, 249, 250, 251, 254, 256], "excluded_lines": [], "executed_branches": [[128, 129], [128, 132], [151, 152], [214, 215], [214, 218], [218, 219], [218, 222], [222, 223], [222, 226], [229, 230], [229, 233]], "missing_branches": [[151, 158], [250, 251], [250, 254]]}, "": {"executed_lines": [1, 10, 12, 13, 15, 16, 20, 21, 22, 24, 28, 40, 41, 71, 72, 91, 106, 194, 235], "summary": {"covered_lines": 16, "num_statements": 16, "percent_covered": 100.0, "percent_covered_display": "100", "missing_lines": 0, "excluded_lines": 2, "num_branches": 0, "num_partial_branches": 0, "covered_branches": 0, "missing_branches": 0}, "missing_lines": [], "excluded_lines": [24, 25], "executed_branches": [], "missing_branches": []}}}, "src\\bioetl\\bootstrap.py": {"executed_lines": [1, 7, 9, 11, 12, 13, 14, 15, 16, 17, 18, 19, 20, 21, 22, 26, 27, 28, 31, 32, 33, 34, 35, 36, 38, 47, 56, 85, 86, 88, 89, 150, 151], "summary": {"covered_lines": 30, "num_statements": 54, "percent_covered": 53.57142857142857, "percent_covered_display": "54", "missing_lines": 24, "excluded_lines": 5, "num_branches": 2, "num_partial_branches": 0, "covered_branches": 0, "missing_branches": 2}, "missing_lines": [51, 66, 67, 69, 73, 74, 80, 82, 95, 96, 97, 98, 100, 103, 105, 122, 123, 124, 130, 134, 140, 158, 160, 164], "excluded_lines": [38, 39, 41, 43, 44], "executed_branches": [], "missing_branches": [[73, 74], [73, 80]], "functions": {"bootstrap_logger": {"executed_lines": [], "summary": {"covered_lines": 0, "num_statements": 1, "percent_covered": 0.0, "percent_covered_display": "0", "missing_lines": 1, "excluded_lines": 0, "num_branches": 0, "num_partial_branches": 0, "covered_branches": 0, "missing_branches": 0}, "missing_lines": [51], "excluded_lines": [], "executed_branches": [], "missing_branches": []}, "bootstrap_pipeline": {"executed_lines": [], "summary": {"covered_lines": 0, "num_statements": 7, "percent_covered": 0.0, "percent_covered_display": "0", "missing_lines": 7, "excluded_lines": 0, "num_branches": 2, "num_partial_branches": 0, "covered_branches": 0, "missing_branches": 2}, "missing_lines": [66, 67, 69, 73, 74, 80, 82], "excluded_lines": [], "executed_branches": [], "missing_branches": [[73, 74], [73, 80]]}, "ChEMBLActivityPipelineFactory.build_services": {"executed_lines": [], "summary": {"covered_lines": 0, "num_statements": 13, "percent_covered": 0.0, "percent_covered_display": "0", "missing_lines": 13, "excluded_lines": 0, "num_branches": 0, "num_partial_branches": 0, "covered_branches": 0, "missing_branches": 0}, "missing_lines": [95, 96, 97, 98, 100, 103, 105, 122, 123, 124, 130, 134, 140], "excluded_lines": [], "executed_branches": [], "missing_branches": []}, "ChEMBLActivityPipelineFactory.create_with_services": {"executed_lines": [], "summary": {"covered_lines": 0, "num_statements": 3, "percent_covered": 0.0, "percent_covered_display": "0", "missing_lines": 3, "excluded_lines": 0, "num_branches": 0, "num_partial_branches": 0, "covered_branches": 0, "missing_branches": 0}, "missing_lines": [158, 160, 164], "excluded_lines": [], "executed_branches": [], "missing_branches": []}, "": {"executed_lines": [1, 7, 9, 11, 12, 13, 14, 15, 16, 17, 18, 19, 20, 21, 22, 26, 27, 28, 31, 32, 33, 34, 35, 36, 38, 47, 56, 85, 86, 88, 89, 150, 151], "summary": {"covered_lines": 30, "num_statements": 30, "percent_covered": 100.0, "percent_covered_display": "100", "missing_lines": 0, "excluded_lines": 5, "num_branches": 0, "num_partial_branches": 0, "covered_branches": 0, "missing_branches": 0}, "missing_lines": [], "excluded_lines": [38, 39, 41, 43, 44], "executed_branches": [], "missing_branches": []}}, "classes": {"ChEMBLActivityPipelineFactory": {"executed_lines": [], "summary": {"covered_lines": 0, "num_statements": 16, "percent_covered": 0.0, "percent_covered_display": "0", "missing_lines": 16, "excluded_lines": 0, "num_branches": 0, "num_partial_branches": 0, "covered_branches": 0, "missing_branches": 0}, "missing_lines": [95, 96, 97, 98, 100, 103, 105, 122, 123, 124, 130, 134, 140, 158, 160, 164], "excluded_lines": [], "executed_branches": [], "missing_branches": []}, "": {"executed_lines": [1, 7, 9, 11, 12, 13, 14, 15, 16, 17, 18, 19, 20, 21, 22, 26, 27, 28, 31, 32, 33, 34, 35, 36, 38, 47, 56, 85, 86, 88, 89, 150, 151], "summary": {"covered_lines": 30, "num_statements": 38, "percent_covered": 75.0, "percent_covered_display": "75", "missing_lines": 8, "excluded_lines": 5, "num_branches": 2, "num_partial_branches": 0, "covered_branches": 0, "missing_branches": 2}, "missing_lines": [51, 66, 67, 69, 73, 74, 80, 82], "excluded_lines": [38, 39, 41, 43, 44], "executed_branches": [], "missing_branches": [[73, 74], [73, 80]]}}}, "src\\bioetl\\domain\\__init__.py": {"executed_lines": [1, 4, 28, 43], "summary": {"covered_lines": 3, "num_statements": 3, "percent_covered": 100.0, "percent_covered_display": "100", "missing_lines": 0, "excluded_lines": 0, "num_branches": 0, "num_partial_branches": 0, "covered_branches": 0, "missing_branches": 0}, "missing_lines": [], "excluded_lines": [], "executed_branches": [], "missing_branches": [], "functions": {"": {"executed_lines": [1, 4, 28, 43], "summary": {"covered_lines": 3, "num_statements": 3, "percent_covered": 100.0, "percent_covered_display": "100", "missing_lines": 0, "excluded_lines": 0, "num_branches": 0, "num_partial_branches": 0, "covered_branches": 0, "missing_branches": 0}, "missing_lines": [], "excluded_lines": [], "executed_branches": [], "missing_branches": []}}, "classes": {"": {"executed_lines": [1, 4, 28, 43], "summary": {"covered_lines": 3, "num_statements": 3, "percent_covered": 100.0, "percent_covered_display": "100", "missing_lines": 0, "excluded_lines": 0, "num_branches": 0, "num_partial_branches": 0, "covered_branches": 0, "missing_branches": 0}, "missing_lines": [], "excluded_lines": [], "executed_branches": [], "missing_branches": []}}}, "src\\bioetl\\domain\\context.py": {"executed_lines": [1, 3, 4, 6, 9, 10, 15, 19, 23, 27, 31, 35, 40, 41, 42, 47, 48, 49, 51, 56, 57], "summary": {"covered_lines": 18, "num_statements": 24, "percent_covered": 75.0, "percent_covered_display": "75", "missing_lines": 6, "excluded_lines": 0, "num_branches": 0, "num_partial_branches": 0, "covered_branches": 0, "missing_branches": 0}, "missing_lines": [17, 21, 25, 29, 33, 37], "excluded_lines": [], "executed_branches": [], "missing_branches": [], "functions": {"BoundLogger.bind": {"executed_lines": [], "summary": {"covered_lines": 0, "num_statements": 1, "percent_covered": 0.0, "percent_covered_display": "0", "missing_lines": 1, "excluded_lines": 0, "num_branches": 0, "num_partial_branches": 0, "covered_branches": 0, "missing_branches": 0}, "missing_lines": [17], "excluded_lines": [], "executed_branches": [], "missing_branches": []}, "BoundLogger.info": {"executed_lines": [], "summary": {"covered_lines": 0, "num_statements": 1, "percent_covered": 0.0, "percent_covered_display": "0", "missing_lines": 1, "excluded_lines": 0, "num_branches": 0, "num_partial_branches": 0, "covered_branches": 0, "missing_branches": 0}, "missing_lines": [21], "excluded_lines": [], "executed_branches": [], "missing_branches": []}, "BoundLogger.warning": {"executed_lines": [], "summary": {"covered_lines": 0, "num_statements": 1, "percent_covered": 0.0, "percent_covered_display": "0", "missing_lines": 1, "excluded_lines": 0, "num_branches": 0, "num_partial_branches": 0, "covered_branches": 0, "missing_branches": 0}, "missing_lines": [25], "excluded_lines": [], "executed_branches": [], "missing_branches": []}, "BoundLogger.error": {"executed_lines": [], "summary": {"covered_lines": 0, "num_statements": 1, "percent_covered": 0.0, "percent_covered_display": "0", "missing_lines": 1, "excluded_lines": 0, "num_branches": 0, "num_partial_branches": 0, "covered_branches": 0, "missing_branches": 0}, "missing_lines": [29], "excluded_lines": [], "executed_branches": [], "missing_branches": []}, "BoundLogger.debug": {"executed_lines": [], "summary": {"covered_lines": 0, "num_statements": 1, "percent_covered": 0.0, "percent_covered_display": "0", "missing_lines": 1, "excluded_lines": 0, "num_branches": 0, "num_partial_branches": 0, "covered_branches": 0, "missing_branches": 0}, "missing_lines": [33], "excluded_lines": [], "executed_branches": [], "missing_branches": []}, "BoundLogger.exception": {"executed_lines": [], "summary": {"covered_lines": 0, "num_statements": 1, "percent_covered": 0.0, "percent_covered_display": "0", "missing_lines": 1, "excluded_lines": 0, "num_branches": 0, "num_partial_branches": 0, "covered_branches": 0, "missing_branches": 0}, "missing_lines": [37], "excluded_lines": [], "executed_branches": [], "missing_branches": []}, "PipelineContext.bind_logger": {"executed_lines": [56, 57], "summary": {"covered_lines": 2, "num_statements": 2, "percent_covered": 100.0, "percent_covered_display": "100", "missing_lines": 0, "excluded_lines": 0, "num_branches": 0, "num_partial_branches": 0, "covered_branches": 0, "missing_branches": 0}, "missing_lines": [], "excluded_lines": [], "executed_branches": [], "missing_branches": []}, "": {"executed_lines": [1, 3, 4, 6, 9, 10, 15, 19, 23, 27, 31, 35, 40, 41, 42, 47, 48, 49, 51], "summary": {"covered_lines": 16, "num_statements": 16, "percent_covered": 100.0, "percent_covered_display": "100", "missing_lines": 0, "excluded_lines": 0, "num_branches": 0, "num_partial_branches": 0, "covered_branches": 0, "missing_branches": 0}, "missing_lines": [], "excluded_lines": [], "executed_branches": [], "missing_branches": []}}, "classes": {"BoundLogger": {"executed_lines": [], "summary": {"covered_lines": 0, "num_statements": 6, "percent_covered": 0.0, "percent_covered_display": "0", "missing_lines": 6, "excluded_lines": 0, "num_branches": 0, "num_partial_branches": 0, "covered_branches": 0, "missing_branches": 0}, "missing_lines": [17, 21, 25, 29, 33, 37], "excluded_lines": [], "executed_branches": [], "missing_branches": []}, "PipelineContext": {"executed_lines": [56, 57], "summary": {"covered_lines": 2, "num_statements": 2, "percent_covered": 100.0, "percent_covered_display": "100", "missing_lines": 0, "excluded_lines": 0, "num_branches": 0, "num_partial_branches": 0, "covered_branches": 0, "missing_branches": 0}, "missing_lines": [], "excluded_lines": [], "executed_branches": [], "missing_branches": []}, "": {"executed_lines": [1, 3, 4, 6, 9, 10, 15, 19, 23, 27, 31, 35, 40, 41, 42, 47, 48, 49, 51], "summary": {"covered_lines": 16, "num_statements": 16, "percent_covered": 100.0, "percent_covered_display": "100", "missing_lines": 0, "excluded_lines": 0, "num_branches": 0, "num_partial_branches": 0, "covered_branches": 0, "missing_branches": 0}, "missing_lines": [], "excluded_lines": [], "executed_branches": [], "missing_branches": []}}}, "src\\bioetl\\domain\\error_classifier.py": {"executed_lines": [1, 8, 14, 18, 43, 52, 53, 54, 55, 58, 59, 66, 88, 89, 92, 94, 104, 105, 106, 109, 111, 113, 114, 115, 116, 117, 118], "summary": {"covered_lines": 25, "num_statements": 26, "percent_covered": 95.0, "percent_covered_display": "95", "missing_lines": 1, "excluded_lines": 0, "num_branches": 14, "num_partial_branches": 1, "covered_branches": 13, "missing_branches": 1}, "missing_lines": [119], "excluded_lines": [], "executed_branches": [[52, 53], [52, 55], [53, 52], [53, 54], [88, 89], [88, 92], [105, 106], [105, 109], [113, 114], [113, 115], [115, 116], [115, 117], [117, 118]], "missing_branches": [[117, 119]], "functions": {"_match_error_type": {"executed_lines": [52, 53, 54, 55], "summary": {"covered_lines": 4, "num_statements": 4, "percent_covered": 100.0, "percent_covered_display": "100", "missing_lines": 0, "excluded_lines": 0, "num_branches": 4, "num_partial_branches": 0, "covered_branches": 4, "missing_branches": 0}, "missing_lines": [], "excluded_lines": [], "executed_branches": [[52, 53], [52, 55], [53, 52], [53, 54]], "missing_branches": []}, "ErrorClassifier.classify": {"executed_lines": [88, 89, 92], "summary": {"covered_lines": 3, "num_statements": 3, "percent_covered": 100.0, "percent_covered_display": "100", "missing_lines": 0, "excluded_lines": 0, "num_branches": 2, "num_partial_branches": 0, "covered_branches": 2, "missing_branches": 0}, "missing_lines": [], "excluded_lines": [], "executed_branches": [[88, 89], [88, 92]], "missing_branches": []}, "ErrorClassifier._classify_domain_error": {"executed_lines": [104, 105, 106, 109], "summary": {"covered_lines": 4, "num_statements": 4, "percent_covered": 100.0, "percent_covered_display": "100", "missing_lines": 0, "excluded_lines": 0, "num_branches": 2, "num_partial_branches": 0, "covered_branches": 2, "missing_branches": 0}, "missing_lines": [], "excluded_lines": [], "executed_branches": [[105, 106], [105, 109]], "missing_branches": []}, "ErrorClassifier._classify_by_hierarchy": {"executed_lines": [113, 114, 115, 116, 117, 118], "summary": {"covered_lines": 6, "num_statements": 7, "percent_covered": 84.61538461538461, "percent_covered_display": "85", "missing_lines": 1, "excluded_lines": 0, "num_branches": 6, "num_partial_branches": 1, "covered_branches": 5, "missing_branches": 1}, "missing_lines": [119], "excluded_lines": [], "executed_branches": [[113, 114], [113, 115], [115, 116], [115, 117], [117, 118]], "missing_branches": [[117, 119]]}, "": {"executed_lines": [1, 8, 14, 18, 43, 58, 59, 66, 94, 111], "summary": {"covered_lines": 8, "num_statements": 8, "percent_covered": 100.0, "percent_covered_display": "100", "missing_lines": 0, "excluded_lines": 0, "num_branches": 0, "num_partial_branches": 0, "covered_branches": 0, "missing_branches": 0}, "missing_lines": [], "excluded_lines": [], "executed_branches": [], "missing_branches": []}}, "classes": {"ErrorClassifier": {"executed_lines": [88, 89, 92, 104, 105, 106, 109, 113, 114, 115, 116, 117, 118], "summary": {"covered_lines": 13, "num_statements": 14, "percent_covered": 91.66666666666667, "percent_covered_display": "92", "missing_lines": 1, "excluded_lines": 0, "num_branches": 10, "num_partial_branches": 1, "covered_branches": 9, "missing_branches": 1}, "missing_lines": [119], "excluded_lines": [], "executed_branches": [[88, 89], [88, 92], [105, 106], [105, 109], [113, 114], [113, 115], [115, 116], [115, 117], [117, 118]], "missing_branches": [[117, 119]]}, "": {"executed_lines": [1, 8, 14, 18, 43, 52, 53, 54, 55, 58, 59, 66, 94, 111], "summary": {"covered_lines": 12, "num_statements": 12, "percent_covered": 100.0, "percent_covered_display": "100", "missing_lines": 0, "excluded_lines": 0, "num_branches": 4, "num_partial_branches": 0, "c
[...]
 [374, 375]], "missing_branches": [[253, 256], [322, 328], [370, 374], [374, 377]], "functions": {"GoldWriter.__init__": {"executed_lines": [62, 63, 64], "summary": {"covered_lines": 3, "num_statements": 3, "percent_covered": 100.0, "percent_covered_display": "100", "missing_lines": 0, "excluded_lines": 0, "num_branches": 0, "num_partial_branches": 0, "covered_branches": 0, "missing_branches": 0}, "missing_lines": [], "excluded_lines": [], "executed_branches": [], "missing_branches": []}, "GoldWriter.write_gold": {"executed_lines": [101, 102, 105, 106, 107, 113, 115, 116, 118, 121, 122, 125, 128, 129, 130, 131, 132, 133, 135], "summary": {"covered_lines": 19, "num_statements": 19, "percent_covered": 100.0, "percent_covered_display": "100", "missing_lines": 0, "excluded_lines": 0, "num_branches": 12, "num_partial_branches": 0, "covered_branches": 12, "missing_branches": 0}, "missing_lines": [], "excluded_lines": [], "executed_branches": [[101, 102], [101, 105], [105, 106], [105, 125], [106, 107], [106, 113], [128, 129], [128, 132], [129, 130], [129, 131], [132, 133], [132, 135]], "missing_branches": []}, "GoldWriter._run_in_executor": {"executed_lines": [145, 146, 150], "summary": {"covered_lines": 3, "num_statements": 5, "percent_covered": 60.0, "percent_covered_display": "60", "missing_lines": 2, "excluded_lines": 0, "num_branches": 0, "num_partial_branches": 0, "covered_branches": 0, "missing_branches": 0}, "missing_lines": [147, 148], "excluded_lines": [], "executed_branches": [], "missing_branches": []}, "GoldWriter._write_simple": {"executed_lines": [167], "summary": {"covered_lines": 1, "num_statements": 1, "percent_covered": 100.0, "percent_covered_display": "100", "missing_lines": 0, "excluded_lines": 0, "num_branches": 0, "num_partial_branches": 0, "covered_branches": 0, "missing_branches": 0}, "missing_lines": [], "excluded_lines": [], "executed_branches": [], "missing_branches": []}, "GoldWriter._write_scd2": {"executed_lines": [200, 201, 202, 203, 204, 207, 208, 209, 210, 211, 212, 214, 216, 221, 223, 225], "summary": {"covered_lines": 16, "num_statements": 16, "percent_covered": 100.0, "percent_covered_display": "100", "missing_lines": 0, "excluded_lines": 0, "num_branches": 2, "num_partial_branches": 0, "covered_branches": 2, "missing_branches": 0}, "missing_lines": [], "excluded_lines": [], "executed_branches": [[208, 209], [208, 214]], "missing_branches": []}, "GoldWriter._merge_scd2": {"executed_lines": [250, 253, 254, 259, 262, 263, 266, 269, 271, 276], "summary": {"covered_lines": 10, "num_statements": 11, "percent_covered": 84.61538461538461, "percent_covered_display": "85", "missing_lines": 1, "excluded_lines": 0, "num_branches": 2, "num_partial_branches": 1, "covered_branches": 1, "missing_branches": 1}, "missing_lines": [256], "excluded_lines": [], "executed_branches": [[253, 254]], "missing_branches": [[253, 256]]}, "GoldWriter.read_gold": {"executed_lines": [313, 314, 319, 322, 323, 325, 328], "summary": {"covered_lines": 7, "num_statements": 7, "percent_covered": 88.88888888888889, "percent_covered_display": "89", "missing_lines": 0, "excluded_lines": 0, "num_branches": 2, "num_partial_branches": 1, "covered_branches": 1, "missing_branches": 1}, "missing_lines": [], "excluded_lines": [], "executed_branches": [[322, 323]], "missing_branches": [[322, 328]]}, "GoldWriter.get_history": {"executed_lines": [354, 355, 360, 363, 365, 366, 367, 368, 370, 371, 374, 375, 377], "summary": {"covered_lines": 13, "num_statements": 13, "percent_covered": 89.47368421052632, "percent_covered_display": "89", "missing_lines": 0, "excluded_lines": 0, "num_branches": 6, "num_partial_branches": 2, "covered_branches": 4, "missing_branches": 2}, "missing_lines": [], "excluded_lines": [], "executed_branches": [[366, 367], [366, 370], [370, 371], [374, 375]], "missing_branches": [[370, 374], [374, 377]]}, "": {"executed_lines": [1, 17, 18, 19, 21, 22, 23, 24, 27, 28, 51, 66, 139, 152, 177, 235, 295, 330], "summary": {"covered_lines": 16, "num_statements": 16, "percent_covered": 100.0, "percent_covered_display": "100", "missing_lines": 0, "excluded_lines": 0, "num_branches": 0, "num_partial_branches": 0, "covered_branches": 0, "missing_branches": 0}, "missing_lines": [], "excluded_lines": [], "executed_branches": [], "missing_branches": []}}, "classes": {"GoldWriter": {"executed_lines": [62, 63, 64, 101, 102, 105, 106, 107, 113, 115, 116, 118, 121, 122, 125, 128, 129, 130, 131, 132, 133, 135, 145, 146, 150, 167, 200, 201, 202, 203, 204, 207, 208, 209, 210, 211, 212, 214, 216, 221, 223, 225, 250, 253, 254, 259, 262, 263, 266, 269, 271, 276, 313, 314, 319, 322, 323, 325, 328, 354, 355, 360, 363, 365, 366, 367, 368, 370, 371, 374, 375, 377], "summary": {"covered_lines": 72, "num_statements": 75, "percent_covered": 92.92929292929293, "percent_covered_display": "93", "missing_lines": 3, "excluded_lines": 0, "num_branches": 24, "num_partial_branches": 4, "covered_branches": 20, "missing_branches": 4}, "missing_lines": [147, 148, 256], "excluded_lines": [], "executed_branches": [[101, 102], [101, 105], [105, 106], [105, 125], [106, 107], [106, 113], [128, 129], [128, 132], [129, 130], [129, 131], [132, 133], [132, 135], [208, 209], [208, 214], [253, 254], [322, 323], [366, 367], [366, 370], [370, 371], [374, 375]], "missing_branches": [[253, 256], [322, 328], [370, 374], [374, 377]]}, "": {"executed_lines": [1, 17, 18, 19, 21, 22, 23, 24, 27, 28, 51, 66, 139, 152, 177, 235, 295, 330], "summary": {"covered_lines": 16, "num_statements": 16, "percent_covered": 100.0, "percent_covered_display": "100", "missing_lines": 0, "excluded_lines": 0, "num_branches": 0, "num_partial_branches": 0, "covered_branches": 0, "missing_branches": 0}, "missing_lines": [], "excluded_lines": [], "executed_branches": [], "missing_branches": []}}}, "src\\bioetl\\infrastructure\\storage\\s3_pool.py": {"executed_lines": [1, 13, 15, 16, 18, 19, 22, 23, 49, 50, 52, 53, 79, 81, 82, 83, 88, 96, 98, 99, 109, 110, 112, 113, 123, 124], "summary": {"covered_lines": 24, "num_statements": 24, "percent_covered": 100.0, "percent_covered_display": "100", "missing_lines": 0, "excluded_lines": 0, "num_branches": 2, "num_partial_branches": 0, "covered_branches": 2, "missing_branches": 0}, "missing_lines": [], "excluded_lines": [], "executed_branches": [[82, 83], [82, 96]], "missing_branches": [], "functions": {"S3ClientPool.get_client": {"executed_lines": [79, 81, 82, 83, 88, 96], "summary": {"covered_lines": 6, "num_statements": 6, "percent_covered": 100.0, "percent_covered_display": "100", "missing_lines": 0, "excluded_lines": 0, "num_branches": 2, "num_partial_branches": 0, "covered_branches": 2, "missing_branches": 0}, "missing_lines": [], "excluded_lines": [], "executed_branches": [[82, 83], [82, 96]], "missing_branches": []}, "S3ClientPool.clear_pool": {"executed_lines": [109, 110], "summary": {"covered_lines": 2, "num_statements": 2, "percent_covered": 100.0, "percent_covered_display": "100", "missing_lines": 0, "excluded_lines": 0, "num_branches": 0, "num_partial_branches": 0, "covered_branches": 0, "missing_branches": 0}, "missing_lines": [], "excluded_lines": [], "executed_branches": [], "missing_branches": []}, "S3ClientPool.pool_size": {"executed_lines": [123, 124], "summary": {"covered_lines": 2, "num_statements": 2, "percent_covered": 100.0, "percent_covered_display": "100", "missing_lines": 0, "excluded_lines": 0, "num_branches": 0, "num_partial_branches": 0, "covered_branches": 0, "missing_branches": 0}, "missing_lines": [], "excluded_lines": [], "executed_branches": [], "missing_branches": []}, "": {"executed_lines": [1, 13, 15, 16, 18, 19, 22, 23, 49, 50, 52, 53, 98, 99, 112, 113], "summary": {"covered_lines": 14, "num_statements": 14, "percent_covered": 100.0, "percent_covered_display": "100", "missing_lines": 0, "excluded_lines": 0, "num_branches": 0, "num_partial_branches": 0, "covered_branches": 0, "missing_branches": 0}, "missing_lines": [], "excluded_lines": [], "executed_branches": [], "missing_branches": []}}, "classes": {"S3ClientPool": {"executed_lines": [79, 81, 82, 83, 88, 96, 109, 110, 123, 124], "summary": {"covered_lines": 10, "num_statements": 10, "percent_covered": 100.0, "percent_covered_display": "100", "missing_lines": 0, "excluded_lines": 0, "num_branches": 2, "num_partial_branches": 0, "covered_branches": 2, "missing_branches": 0}, "missing_lines": [], "excluded_lines": [], "executed_branches": [[82, 83], [82, 96]], "missing_branches": []}, "": {"executed_lines": [1, 13, 15, 16, 18, 19, 22, 23, 49, 50, 52, 53, 98, 99, 112, 113], "summary": {"covered_lines": 14, "num_statements": 14, "percent_covered": 100.0, "percent_covered_display": "100", "missing_lines": 0, "excluded_lines": 0, "num_branches": 0, "num_partial_branches": 0, "covered_branches": 0, "missing_branches": 0}, "missing_lines": [], "excluded_lines": [], "executed_branches": [], "missing_branches": []}}}, "src\\bioetl\\interfaces\\cli.py": {"executed_lines": [1, 8, 10, 11, 12, 13, 15, 17, 18, 19, 20, 21, 23, 27, 28, 29, 31, 34, 35, 41, 47, 48, 49, 95, 96, 98, 101, 102, 103, 104, 107, 110, 111, 113, 116, 117, 119, 122, 127], "summary": {"covered_lines": 37, "num_statements": 54, "percent_covered": 67.85714285714286, "percent_covered_display": "68", "missing_lines": 17, "excluded_lines": 2, "num_branches": 2, "num_partial_branches": 1, "covered_branches": 1, "missing_branches": 1}, "missing_lines": [51, 54, 61, 64, 76, 78, 79, 80, 81, 82, 83, 84, 85, 86, 87, 124, 128], "excluded_lines": [23, 24], "executed_branches": [[127, -1]], "missing_branches": [[127, 128]], "functions": {"cli": {"executed_lines": [31], "summary": {"covered_lines": 1, "num_statements": 1, "percent_covered": 100.0, "percent_covered_display": "100", "missing_lines": 0, "excluded_lines": 0, "num_branches": 0, "num_partial_branches": 0, "covered_branches": 0, "missing_branches": 0}, "missing_lines": [], "excluded_lines": [], "executed_branches": [], "missing_branches": []}, "run": {"executed_lines": [], "summary": {"covered_lines": 0, "num_statements": 15, "percent_covered": 0.0, "percent_covered_display": "0", "missing_lines": 15, "excluded_lines": 0, "num_branches": 0, "num_partial_branches": 0, "covered_branches": 0, "missing_branches": 0}, "missing_lines": [51, 54, 61, 64, 76, 78, 79, 80, 81, 82, 83, 84, 85, 86, 87], "excluded_lines": [], "executed_branches": [], "missing_branches": []}, "quarantine": {"executed_lines": [98], "summary": {"covered_lines": 1, "num_statements": 1, "percent_covered": 100.0, "percent_covered_display": "100", "missing_lines": 0, "excluded_lines": 0, "num_branches": 0, "num_partial_branches": 0, "covered_branches": 0, "missing_branches": 0}, "missing_lines": [], "excluded_lines": [], "executed_branches": [], "missing_branches": []}, "quarantine_inspect": {"executed_lines": [107], "summary": {"covered_lines": 1, "num_statements": 1, "percent_covered": 100.0, "percent_covered_display": "100", "missing_lines": 0, "excluded_lines": 0, "num_branches": 0, "num_partial_branches": 0, "covered_branches": 0, "missing_branches": 0}, "missing_lines": [], "excluded_lines": [], "executed_branches": [], "missing_branches": []}, "checkpoint": {"executed_lines": [113], "summary": {"covered_lines": 1, "num_statements": 1, "percent_covered": 100.0, "percent_covered_display": "100", "missing_lines": 0, "excluded_lines": 0, "num_branches": 0, "num_partial_branches": 0, "covered_branches": 0, "missing_branches": 0}, "missing_lines": [], "excluded_lines": [], "executed_branches": [], "missing_branches": []}, "checkpoint_list": {"executed_lines": [119], "summary": {"covered_lines": 1, "num_statements": 1, "percent_covered": 100.0, "percent_covered_display": "100", "missing_lines": 0, "excluded_lines": 0, "num_branches": 0, "num_partial_branches": 0, "covered_branches": 0, "missing_branches": 0}, "missing_lines": [], "excluded_lines": [], "executed_branches": [], "missing_branches": []}, "main": {"executed_lines": [], "summary": {"covered_lines": 0, "num_statements": 1, "percent_covered": 0.0, "percent_covered_display": "0", "missing_lines": 1, "excluded_lines": 0, "num_branches": 0, "num_partial_branches": 0, "covered_branches": 0, "missing_branches": 0}, "missing_lines": [124], "excluded_lines": [], "executed_branches": [], "missing_branches": []}, "": {"executed_lines": [1, 8, 10, 11, 12, 13, 15, 17, 18, 19, 20, 21, 23, 27, 28, 29, 34, 35, 41, 47, 48, 49, 95, 96, 101, 102, 103, 104, 110, 111, 116, 117, 122, 127], "summary": {"covered_lines": 32, "num_statements": 33, "percent_covered": 94.28571428571429, "percent_covered_display": "94", "missing_lines": 1, "excluded_lines": 2, "num_branches": 2, "num_partial_branches": 1, "covered_branches": 1, "missing_branches": 1}, "missing_lines": [128], "excluded_lines": [23, 24], "executed_branches": [[127, -1]], "missing_branches": [[127, 128]]}}, "classes": {"": {"executed_lines": [1, 8, 10, 11, 12, 13, 15, 17, 18, 19, 20, 21, 23, 27, 28, 29, 31, 34, 35, 41, 47, 48, 49, 95, 96, 98, 101, 102, 103, 104, 107, 110, 111, 113, 116, 117, 119, 122, 127], "summary": {"covered_lines": 37, "num_statements": 54, "percent_covered": 67.85714285714286, "percent_covered_display": "68", "missing_lines": 17, "excluded_lines": 2, "num_branches": 2, "num_partial_branches": 1, "covered_branches": 1, "missing_branches": 1}, "missing_lines": [51, 54, 61, 64, 76, 78, 79, 80, 81, 82, 83, 84, 85, 86, 87, 124, 128], "excluded_lines": [23, 24], "executed_branches": [[127, -1]], "missing_branches": [[127, 128]]}}}, "src\\bioetl\\interfaces\\orchestration\\__init__.py": {"executed_lines": [], "summary": {"covered_lines": 0, "num_statements": 0, "percent_covered": 100.0, "percent_covered_display": "100", "missing_lines": 0, "excluded_lines": 0, "num_branches": 0, "num_partial_branches": 0, "covered_branches": 0, "missing_branches": 0}, "missing_lines": [], "excluded_lines": [], "executed_branches": [], "missing_branches": [], "functions": {"": {"executed_lines": [], "summary": {"covered_lines": 0, "num_statements": 0, "percent_covered": 100.0, "percent_covered_display": "100", "missing_lines": 0, "excluded_lines": 0, "num_branches": 0, "num_partial_branches": 0, "covered_branches": 0, "missing_branches": 0}, "missing_lines": [], "excluded_lines": [], "executed_branches": [], "missing_branches": []}}, "classes": {"": {"executed_lines": [], "summary": {"covered_lines": 0, "num_statements": 0, "percent_covered": 100.0, "percent_covered_display": "100", "missing_lines": 0, "excluded_lines": 0, "num_branches": 0, "num_partial_branches": 0, "covered_branches": 0, "missing_branches": 0}, "missing_lines": [], "excluded_lines": [], "executed_branches": [], "missing_branches": []}}}, "src\\bioetl\\interfaces\\orchestration\\runner.py": {"executed_lines": [1, 6, 8, 9, 11, 12, 13, 17, 18, 19, 20, 22, 27, 28, 34, 67], "summary": {"covered_lines": 13, "num_statements": 41, "percent_covered": 31.70731707317073, "percent_covered_display": "32", "missing_lines": 28, "excluded_lines": 3, "num_branches": 0, "num_partial_branches": 0, "covered_branches": 0, "missing_branches": 0}, "missing_lines": [45, 46, 47, 48, 49, 50, 51, 52, 55, 56, 69, 70, 72, 77, 78, 79, 80, 83, 85, 92, 93, 96, 98, 99, 100, 101, 104, 105], "excluded_lines": [22, 23, 24], "executed_branches": [], "missing_branches": [], "functions": {"PipelineRunner.__init__": {"executed_lines": [], "summary": {"covered_lines": 0, "num_statements": 10, "percent_covered": 0.0, "percent_covered_display": "0", "missing_lines": 10, "excluded_lines": 0, "num_branches": 0, "num_partial_branches": 0, "covered_branches": 0, "missing_branches": 0}, "missing_lines": [45, 46, 47, 48, 49, 50, 51, 52, 55, 56], "excluded_lines": [], "executed_branches": [], "missing_branches": []}, "PipelineRunner.run": {"executed_lines": [], "summary": {"covered_lines": 0, "num_statements": 18, "percent_covered": 0.0, "percent_covered_display": "0", "missing_lines": 18, "excluded_lines": 0, "num_branches": 0, "num_partial_branches": 0, "covered_branches": 0, "missing_branches": 0}, "missing_lines": [69, 70, 72, 77, 78, 79, 80, 83, 85, 92, 93, 96, 98, 99, 100, 101, 104, 105], "excluded_lines": [], "executed_branches": [], "missing_branches": []}, "": {"executed_lines": [1, 6, 8, 9, 11, 12, 13, 17, 18, 19, 20, 22, 27, 28, 34, 67], "summary": {"covered_lines": 13, "num_statements": 13, "percent_covered": 100.0, "percent_covered_display": "100", "missing_lines": 0, "excluded_lines": 3, "num_branches": 0, "num_partial_branches": 0, "covered_branches": 0, "missing_branches": 0}, "missing_lines": [], "excluded_lines": [22, 23, 24], "executed_branches": [], "missing_branches": []}}, "classes": {"PipelineRunner": {"executed_lines": [], "summary": {"covered_lines": 0, "num_statements": 28, "percent_covered": 0.0, "percent_covered_display": "0", "missing_lines": 28, "excluded_lines": 0, "num_branches": 0, "num_partial_branches": 0, "covered_branches": 0, "missing_branches": 0}, "missing_lines": [45, 46, 47, 48, 49, 50, 51, 52, 55, 56, 69, 70, 72, 77, 78, 79, 80, 83, 85, 92, 93, 96, 98, 99, 100, 101, 104, 105], "excluded_lines": [], "executed_branches": [], "missing_branches": []}, "": {"executed_lines": [1, 6, 8, 9, 11, 12, 13, 17, 18, 19, 20, 22, 27, 28, 34, 67], "summary": {"covered_lines": 13, "num_statements": 13, "percent_covered": 100.0, "percent_covered_display": "100", "missing_lines": 0, "excluded_lines": 3, "num_branches": 0, "num_partial_branches": 0, "covered_branches": 0, "missing_branches": 0}, "missing_lines": [], "excluded_lines": [22, 23, 24], "executed_branches": [], "missing_branches": []}}}, "src\\bioetl\\interfaces\\orchestration\\signals.py": {"executed_lines": [1, 7, 8, 10, 12, 15], "summary": {"covered_lines": 5, "num_statements": 14, "percent_covered": 35.714285714285715, "percent_covered_display": "36", "missing_lines": 9, "excluded_lines": 0, "num_branches": 0, "num_partial_branches": 0, "covered_branches": 0, "missing_branches": 0}, "missing_lines": [21, 23, 24, 27, 29, 30, 31, 32, 34], "excluded_lines": [], "executed_branches": [], "missing_branches": [], "functions": {"setup_shutdown_handlers": {"executed_lines": [], "summary": {"covered_lines": 0, "num_statements": 7, "percent_covered": 0.0, "percent_covered_display": "0", "missing_lines": 7, "excluded_lines": 0, "num_branches": 0, "num_partial_branches": 0, "covered_branches": 0, "missing_branches": 0}, "missing_lines": [21, 23, 29, 30, 31, 32, 34], "excluded_lines": [], "executed_branches": [], "missing_branches": []}, "setup_shutdown_handlers.signal_handler": {"executed_lines": [], "summary": {"covered_lines": 0, "num_statements": 2, "percent_covered": 0.0, "percent_covered_display": "0", "missing_lines": 2, "excluded_lines": 0, "num_branches": 0, "num_partial_branches": 0, "covered_branches": 0, "missing_branches": 0}, "missing_lines": [24, 27], "excluded_lines": [], "executed_branches": [], "missing_branches": []}, "": {"executed_lines": [1, 7, 8, 10, 12, 15], "summary": {"covered_lines": 5, "num_statements": 5, "percent_covered": 100.0, "percent_covered_display": "100", "missing_lines": 0, "excluded_lines": 0, "num_branches": 0, "num_partial_branches": 0, "covered_branches": 0, "missing_branches": 0}, "missing_lines": [], "excluded_lines": [], "executed_branches": [], "missing_branches": []}}, "classes": {"": {"executed_lines": [1, 7, 8, 10, 12, 15], "summary": {"covered_lines": 5, "num_statements": 14, "percent_covered": 35.714285714285715, "percent_covered_display": "36", "missing_lines": 9, "excluded_lines": 0, "num_branches": 0, "num_partial_branches": 0, "covered_branches": 0, "missing_branches": 0}, "missing_lines": [21, 23, 24, 27, 29, 30, 31, 32, 34], "excluded_lines": [], "executed_branches": [], "missing_branches": []}}}}, "totals": {"covered_lines": 2048, "num_statements": 2759, "percent_covered": 71.234530636885, "percent_covered_display": "71", "missing_lines": 711, "excluded_lines": 58, "num_branches": 554, "num_partial_branches": 76, "covered_branches": 312, "missing_branches": 242}}