{
    "meta": {
        "format": 3,
        "version": "7.11.0",
        "timestamp": "2025-12-16T17:43:33.344187",
        "branch_coverage": true,
        "show_contexts": false
    },
    "files": {
        "src\\bioetl\\__init__.py": {
            "executed_lines": [
                1,
                3
            ],
            "summary": {
                "covered_lines": 1,
                "num_statements": 1,
                "percent_covered": 100.0,
                "percent_covered_display": "100",
                "missing_lines": 0,
                "excluded_lines": 0,
                "num_branches": 0,
                "num_partial_branches": 0,
                "covered_branches": 0,
                "missing_branches": 0
            },
            "missing_lines": [],
            "excluded_lines": [],
            "executed_branches": [],
            "missing_branches": [],
            "functions": {
                "": {
                    "executed_lines": [
                        1,
                        3
                    ],
                    "summary": {
                        "covered_lines": 1,
                        "num_statements": 1,
                        "percent_covered": 100.0,
                        "percent_covered_display": "100",
                        "missing_lines": 0,
                        "excluded_lines": 0,
                        "num_branches": 0,
                        "num_partial_branches": 0,
                        "covered_branches": 0,
                        "missing_branches": 0
                    },
                    "missing_lines": [],
                    "excluded_lines": [],
                    "executed_branches": [],
                    "missing_branches": []
                }
            },
            "classes": {
                "": {
                    "executed_lines": [
                        1,
                        3
                    ],
                    "summary": {
                        "covered_lines": 1,
                        "num_statements": 1,
                        "percent_covered": 100.0,
                        "percent_covered_display": "100",
                        "missing_lines": 0,
                        "excluded_lines": 0,
                        "num_branches": 0,
                        "num_partial_branches": 0,
                        "covered_branches": 0,
                        "missing_branches": 0
                    },
                    "missing_lines": [],
                    "excluded_lines": [],
                    "executed_branches": [],
                    "missing_branches": []
                }
            }
        },
        "src\\bioetl\\application\\__init__.py": {
            "executed_lines": [
                1
            ],
            "summary": {
                "covered_lines": 0,
                "num_statements": 0,
                "percent_covered": 100.0,
                "percent_covered_display": "100",
                "missing_lines": 0,
                "excluded_lines": 0,
                "num_branches": 0,
                "num_partial_branches": 0,
                "covered_branches": 0,
                "missing_branches": 0
            },
            "missing_lines": [],
            "excluded_lines": [],
            "executed_branches": [],
            "missing_branches": [],
            "functions": {
                "": {
                    "executed_lines": [
                        1
                    ],
                    "summary": {
                        "covered_lines": 0,
                        "num_statements": 0,
                        "percent_covered": 100.0,
                        "percent_covered_display": "100",
                        "missing_lines": 0,
                        "excluded_lines": 0,
                        "num_branches": 0,
                        "num_partial_branches": 0,
                        "covered_branches": 0,
                        "missing_branches": 0
                    },
                    "missing_lines": [],
                    "excluded_lines": [],
                    "executed_branches": [],
                    "missing_branches": []
                }
            },
            "classes": {
                "": {
                    "executed_lines": [
                        1
                    ],
                    "summary": {
                        "covered_lines": 0,
                        "num_statements": 0,
                        "percent_covered": 100.0,
                        "percent_covered_display": "100",
                        "missing_lines": 0,
                        "excluded_lines": 0,
                        "num_branches": 0,
                        "num_partial_branches": 0,
                        "covered_branches": 0,
                        "missing_branches": 0
                    },
                    "missing_lines": [],
                    "excluded_lines": [],
                    "executed_branches": [],
                    "missing_branches": []
                }
            }
        },
        "src\\bioetl\\application\\core\\__init__.py": {
            "executed_lines": [
                1,
                3,
                4,
                5,
                6,
                7,
                8,
                10
            ],
            "summary": {
                "covered_lines": 7,
                "num_statements": 7,
                "percent_covered": 100.0,
                "percent_covered_display": "100",
                "missing_lines": 0,
                "excluded_lines": 0,
                "num_branches": 0,
                "num_partial_branches": 0,
                "covered_branches": 0,
                "missing_branches": 0
            },
            "missing_lines": [],
            "excluded_lines": [],
            "executed_branches": [],
            "missing_branches": [],
            "functions": {
                "": {
                    "executed_lines": [
                        1,
                        3,
                        4,
                        5,
                        6,
                        7,
                        8,
                        10
                    ],
                    "summary": {
                        "covered_lines": 7,
                        "num_statements": 7,
                        "percent_covered": 100.0,
                        "percent_covered_display": "100",
                        "missing_lines": 0,
                        "excluded_lines": 0,
                        "num_branches": 0,
                        "num_partial_branches": 0,
                        "covered_branches": 0,
                        "missing_branches": 0
                    },
                    "missing_lines": [],
                    "excluded_lines": [],
                    "executed_branches": [],
                    "missing_branches": []
                }
            },
            "classes": {
                "": {
                    "executed_lines": [
                        1,
                        3,
                        4,
                        5,
                        6,
                        7,
                        8,
                        10
                    ],
                    "summary": {
                        "covered_lines": 7,
                        "num_statements": 7,
                        "percent_covered": 100.0,
                        "percent_covered_display": "100",
                        "missing_lines": 0,
                        "excluded_lines": 0,
                        "num_branches": 0,
                        "num_partial_branches": 0,
                        "covered_branches": 0,
                        "missing_branches": 0
                    },
                    "missing_lines": [],
                    "excluded_lines": [],
                    "executed_branches": [],
                    "missing_branches": []
                }
            }
        },
        "src\\bioetl\\application\\core\\base.py": {
            "executed_lines": [
                1,
                6,
                7,
                8,
                9,
                11,
                12,
                13,
                14,
                15,
                16,
                17,
                18,
                26,
                32,
                36,
                37,
                39,
                55,
                56,
                57,
                58,
                59,
                60,
                61,
                62,
                63,
                64,
                65,
                66,
                67,
                68,
                70,
                77,
                78,
                79,
                80,
                88,
                89,
                91,
                93,
                95,
                96,
                101,
                106,
                112
            ],
            "summary": {
                "covered_lines": 41,
                "num_statements": 48,
                "percent_covered": 85.41666666666667,
                "percent_covered_display": "85",
                "missing_lines": 7,
                "excluded_lines": 7,
                "num_branches": 0,
                "num_partial_branches": 0,
                "covered_branches": 0,
                "missing_branches": 0
            },
            "missing_lines": [
                104,
                109,
                116,
                117,
                118,
                119,
                120
            ],
            "excluded_lines": [
                32,
                33,
                95,
                96,
                97,
                98,
                99
            ],
            "executed_branches": [],
            "missing_branches": [],
            "functions": {
                "BasePipeline.__init__": {
                    "executed_lines": [
                        55,
                        56,
                        57,
                        58,
                        59,
                        60,
                        61,
                        62,
                        63,
                        64,
                        65,
                        66,
                        67,
                        68,
                        70,
                        77,
                        78,
                        79,
                        80,
                        88,
                        89
                    ],
                    "summary": {
                        "covered_lines": 21,
                        "num_statements": 21,
                        "percent_covered": 100.0,
                        "percent_covered_display": "100",
                        "missing_lines": 0,
                        "excluded_lines": 0,
                        "num_branches": 0,
                        "num_partial_branches": 0,
                        "covered_branches": 0,
                        "missing_branches": 0
                    },
                    "missing_lines": [],
                    "excluded_lines": [],
                    "executed_branches": [],
                    "missing_branches": []
                },
                "BasePipeline.run": {
                    "executed_lines": [
                        93
                    ],
                    "summary": {
                        "covered_lines": 1,
                        "num_statements": 1,
                        "percent_covered": 100.0,
                        "percent_covered_display": "100",
                        "missing_lines": 0,
                        "excluded_lines": 0,
                        "num_branches": 0,
                        "num_partial_branches": 0,
                        "covered_branches": 0,
                        "missing_branches": 0
                    },
                    "missing_lines": [],
                    "excluded_lines": [],
                    "executed_branches": [],
                    "missing_branches": []
                },
                "BasePipeline.transform_bronze_to_silver": {
                    "executed_lines": [],
                    "summary": {
                        "covered_lines": 0,
                        "num_statements": 0,
                        "percent_covered": 100.0,
                        "percent_covered_display": "100",
                        "missing_lines": 0,
                        "excluded_lines": 1,
                        "num_branches": 0,
                        "num_partial_branches": 0,
                        "covered_branches": 0,
                        "missing_branches": 0
                    },
                    "missing_lines": [],
                    "excluded_lines": [
                        99
                    ],
                    "executed_branches": [],
                    "missing_branches": []
                },
                "BasePipeline.should_write_gold": {
                    "executed_lines": [],
                    "summary": {
                        "covered_lines": 0,
                        "num_statements": 1,
                        "percent_covered": 0.0,
                        "percent_covered_display": "0",
                        "missing_lines": 1,
                        "excluded_lines": 0,
                        "num_branches": 0,
                        "num_partial_branches": 0,
                        "covered_branches": 0,
                        "missing_branches": 0
                    },
                    "missing_lines": [
                        104
                    ],
                    "excluded_lines": [],
                    "executed_branches": [],
                    "missing_branches": []
                },
                "BasePipeline.extract_watermark": {
                    "executed_lines": [],
                    "summary": {
                        "covered_lines": 0,
                        "num_statements": 1,
                        "percent_covered": 0.0,
                        "percent_covered_display": "0",
                        "missing_lines": 1,
                        "excluded_lines": 0,
                        "num_branches": 0,
                        "num_partial_branches": 0,
                        "covered_branches": 0,
                        "missing_branches": 0
                    },
                    "missing_lines": [
                        109
                    ],
                    "excluded_lines": [],
                    "executed_branches": [],
                    "missing_branches": []
                },
                "run_pipeline_flow": {
                    "executed_lines": [],
                    "summary": {
                        "covered_lines": 0,
                        "num_statements": 5,
                        "percent_covered": 0.0,
                        "percent_covered_display": "0",
                        "missing_lines": 5,
                        "excluded_lines": 0,
                        "num_branches": 0,
                        "num_partial_branches": 0,
                        "covered_branches": 0,
                        "missing_branches": 0
                    },
                    "missing_lines": [
                        116,
                        117,
                        118,
                        119,
                        120
                    ],
                    "excluded_lines": [],
                    "executed_branches": [],
                    "missing_branches": []
                },
                "": {
                    "executed_lines": [
                        1,
                        6,
                        7,
                        8,
                        9,
                        11,
                        12,
                        13,
                        14,
                        15,
                        16,
                        17,
                        18,
                        26,
                        32,
                        36,
                        37,
                        39,
                        91,
                        95,
                        96,
                        101,
                        106,
                        112
                    ],
                    "summary": {
                        "covered_lines": 19,
                        "num_statements": 19,
                        "percent_covered": 100.0,
                        "percent_covered_display": "100",
                        "missing_lines": 0,
                        "excluded_lines": 6,
                        "num_branches": 0,
                        "num_partial_branches": 0,
                        "covered_branches": 0,
                        "missing_branches": 0
                    },
                    "missing_lines": [],
                    "excluded_lines": [
                        32,
                        33,
                        95,
                        96,
                        97,
                        98
                    ],
                    "executed_branches": [],
                    "missing_branches": []
                }
            },
            "classes": {
                "BasePipeline": {
                    "executed_lines": [
                        55,
                        56,
                        57,
                        58,
                        59,
                        60,
                        61,
                        62,
                        63,
                        64,
                        65,
                        66,
                        67,
                        68,
                        70,
                        77,
                        78,
                        79,
                        80,
                        88,
                        89,
                        93
                    ],
                    "summary": {
                        "covered_lines": 22,
                        "num_statements": 24,
                        "percent_covered": 91.66666666666667,
                        "percent_covered_display": "92",
                        "missing_lines": 2,
                        "excluded_lines": 1,
                        "num_branches": 0,
                        "num_partial_branches": 0,
                        "covered_branches": 0,
                        "missing_branches": 0
                    },
                    "missing_lines": [
                        104,
                        109
                    ],
                    "excluded_lines": [
                        99
                    ],
                    "executed_branches": [],
                    "missing_branches": []
                },
                "": {
                    "executed_lines": [
                        1,
                        6,
                        7,
                        8,
                        9,
                        11,
                        12,
                        13,
                        14,
                        15,
                        16,
                        17,
                        18,
                        26,
                        32,
                        36,
                        37,
                        39,
                        91,
                        95,
                        96,
                        101,
                        106,
                        112
                    ],
                    "summary": {
                        "covered_lines": 19,
                        "num_statements": 24,
                        "percent_covered": 79.16666666666667,
                        "percent_covered_display": "79",
                        "missing_lines": 5,
                        "excluded_lines": 6,
                        "num_branches": 0,
                        "num_partial_branches": 0,
                        "covered_branches": 0,
                        "missing_branches": 0
                    },
                    "missing_lines": [
                        116,
                        117,
                        118,
                        119,
                        120
                    ],
                    "excluded_lines": [
                        32,
                        33,
                        95,
                        96,
                        97,
                        98
                    ],
                    "executed_branches": [],
                    "missing_branches": []
                }
            }
        },
        "src\\bioetl\\application\\core\\checkpoint_manager.py": {
            "executed_lines": [
                1,
                7,
                8,
                10,
                11,
                13,
                17,
                18,
                20,
                29,
                30,
                31,
                32,
                33,
                34,
                36,
                49,
                66
            ],
            "summary": {
                "covered_lines": 15,
                "num_statements": 25,
                "percent_covered": 51.724137931034484,
                "percent_covered_display": "52",
                "missing_lines": 10,
                "excluded_lines": 2,
                "num_branches": 4,
                "num_partial_branches": 0,
                "covered_branches": 0,
                "missing_branches": 4
            },
            "missing_lines": [
                38,
                39,
                40,
                41,
                42,
                46,
                47,
                58,
                59,
                68
            ],
            "excluded_lines": [
                13,
                14
            ],
            "executed_branches": [],
            "missing_branches": [
                [
                    38,
                    39
                ],
                [
                    38,
                    47
                ],
                [
                    40,
                    41
                ],
                [
                    40,
                    47
                ]
            ],
            "functions": {
                "CheckpointManager.__init__": {
                    "executed_lines": [
                        29,
                        30,
                        31,
                        32,
                        33,
                        34
                    ],
                    "summary": {
                        "covered_lines": 6,
                        "num_statements": 6,
                        "percent_covered": 100.0,
                        "percent_covered_display": "100",
                        "missing_lines": 0,
                        "excluded_lines": 0,
                        "num_branches": 0,
                        "num_partial_branches": 0,
                        "covered_branches": 0,
                        "missing_branches": 0
                    },
                    "missing_lines": [],
                    "excluded_lines": [],
                    "executed_branches": [],
                    "missing_branches": []
                },
                "CheckpointManager.load_checkpoint": {
                    "executed_lines": [],
                    "summary": {
                        "covered_lines": 0,
                        "num_statements": 7,
                        "percent_covered": 0.0,
                        "percent_covered_display": "0",
                        "missing_lines": 7,
                        "excluded_lines": 0,
                        "num_branches": 4,
                        "num_partial_branches": 0,
                        "covered_branches": 0,
                        "missing_branches": 4
                    },
                    "missing_lines": [
                        38,
                        39,
                        40,
                        41,
                        42,
                        46,
                        47
                    ],
                    "excluded_lines": [],
                    "executed_branches": [],
                    "missing_branches": [
                        [
                            38,
                            39
                        ],
                        [
                            38,
                            47
                        ],
                        [
                            40,
                            41
                        ],
                        [
                            40,
                            47
                        ]
                    ]
                },
                "CheckpointManager.save_checkpoint": {
                    "executed_lines": [],
                    "summary": {
                        "covered_lines": 0,
                        "num_statements": 2,
                        "percent_covered": 0.0,
                        "percent_covered_display": "0",
                        "missing_lines": 2,
                        "excluded_lines": 0,
                        "num_branches": 0,
                        "num_partial_branches": 0,
                        "covered_branches": 0,
                        "missing_branches": 0
                    },
                    "missing_lines": [
                        58,
                        59
                    ],
                    "excluded_lines": [],
                    "executed_branches": [],
                    "missing_branches": []
                },
                "CheckpointManager.delete_checkpoint": {
                    "executed_lines": [],
                    "summary": {
                        "covered_lines": 0,
                        "num_statements": 1,
                        "percent_covered": 0.0,
                        "percent_covered_display": "0",
                        "missing_lines": 1,
                        "excluded_lines": 0,
                        "num_branches": 0,
                        "num_partial_branches": 0,
                        "covered_branches": 0,
                        "missing_branches": 0
                    },
                    "missing_lines": [
                        68
                    ],
                    "excluded_lines": [],
                    "executed_branches": [],
                    "missing_branches": []
                },
                "": {
                    "executed_lines": [
                        1,
                        7,
                        8,
                        10,
                        11,
                        13,
                        17,
                        18,
                        20,
                        36,
                        49,
                        66
                    ],
                    "summary": {
                        "covered_lines": 9,
                        "num_statements": 9,
                        "percent_covered": 100.0,
                        "percent_covered_display": "100",
                        "missing_lines": 0,
                        "excluded_lines": 2,
                        "num_branches": 0,
                        "num_partial_branches": 0,
                        "covered_branches": 0,
                        "missing_branches": 0
                    },
                    "missing_lines": [],
                    "excluded_lines": [
                        13,
                        14
                    ],
                    "executed_branches": [],
                    "missing_branches": []
                }
            },
            "classes": {
                "CheckpointManager": {
                    "executed_lines": [
                        29,
                        30,
                        31,
                        32,
                        33,
                        34
                    ],
                    "summary": {
                        "covered_lines": 6,
                        "num_statements": 16,
                        "percent_covered": 30.0,
                        "percent_covered_display": "30",
                        "missing_lines": 10,
                        "excluded_lines": 0,
                        "num_branches": 4,
                        "num_partial_branches": 0,
                        "covered_branches": 0,
                        "missing_branches": 4
                    },
                    "missing_lines": [
                        38,
                        39,
                        40,
                        41,
                        42,
                        46,
                        47,
                        58,
                        59,
                        68
                    ],
                    "excluded_lines": [],
                    "executed_branches": [],
                    "missing_branches": [
                        [
                            38,
                            39
                        ],
                        [
                            38,
                            47
                        ],
                        [
                            40,
                            41
                        ],
                        [
                            40,
                            47
                        ]
                    ]
                },
                "": {
                    "executed_lines": [
                        1,
                        7,
                        8,
                        10,
                        11,
                        13,
                        17,
                        18,
                        20,
                        36,
                        49,
                        66
                    ],
                    "summary": {
                        "covered_lines": 9,
                        "num_statements": 9,
                        "percent_covered": 100.0,
                        "percent_covered_display": "100",
                        "missing_lines": 0,
                        "excluded_lines": 2,
                        "num_branches": 0,
                        "num_partial_branches": 0,
                        "covered_branches": 0,
                        "missing_branches": 0
                    },
                    "missing_lines": [],
                    "excluded_lines": [
                        13,
                        14
                    ],
                    "executed_branches": [],
                    "missing_branches": []
                }
            }
        },
        "src\\bioetl\\application\\core\\executor.py": {
            "executed_lines": [
                1,
                9,
                10,
                11,
                12,
                13,
                15,
                16,
                18,
                22,
                23,
                25,
                26,
                28,
                34,
                35,
                36,
                41,
                42,
                43,
                44,
                45,
                47,
                49,
                50,
                51,
                53,
                54,
                62,
                63,
                64,
                67,
                68,
                69,
                70,
                73,
                74,
                79,
                80,
                82,
                89,
                90,
                93,
                94,
                96,
                97,
                102,
                103,
                106,
                107,
                108,
                109,
                121,
                122,
                123,
                126,
                127,
                128,
                130,
                134,
                139,
                141,
                147,
                150,
                158,
                164,
                174,
                175,
                181,
                183,
                184
            ],
            "summary": {
                "covered_lines": 68,
                "num_statements": 77,
                "percent_covered": 82.52427184466019,
                "percent_covered_display": "83",
                "missing_lines": 9,
                "excluded_lines": 2,
                "num_branches": 26,
                "num_partial_branches": 5,
                "covered_branches": 17,
                "missing_branches": 9
            },
            "missing_lines": [
                56,
                57,
                60,
                110,
                111,
                112,
                113,
                116,
                118
            ],
            "excluded_lines": [
                18,
                19
            ],
            "executed_branches": [
                [
                    53,
                    54
                ],
                [
                    53,
                    79
                ],
                [
                    54,
                    62
                ],
                [
                    67,
                    68
                ],
                [
                    67,
                    73
                ],
                [
                    73,
                    53
                ],
                [
                    73,
                    74
                ],
                [
                    79,
                    -47
                ],
                [
                    79,
                    80
                ],
                [
                    96,
                    97
                ],
                [
                    96,
                    121
                ],
                [
                    106,
                    107
                ],
                [
                    108,
                    109
                ],
                [
                    121,
                    122
                ],
                [
                    126,
                    127
                ],
                [
                    134,
                    -130
                ],
                [
                    134,
                    139
                ]
            ],
            "missing_branches": [
                [
                    54,
                    56
                ],
                [
                    56,
                    57
                ],
                [
                    56,
                    60
                ],
                [
                    106,
                    96
                ],
                [
                    108,
                    96
                ],
                [
                    112,
                    113
                ],
                [
                    112,
                    118
                ],
                [
                    121,
                    126
                ],
                [
                    126,
                    -82
                ]
            ],
            "functions": {
                "PipelineExecutor.__init__": {
                    "executed_lines": [
                        34,
                        35,
                        36,
                        41,
                        42,
                        43,
                        44,
                        45
                    ],
                    "summary": {
                        "covered_lines": 8,
                        "num_statements": 8,
                        "percent_covered": 100.0,
                        "percent_covered_display": "100",
                        "missing_lines": 0,
                        "excluded_lines": 0,
                        "num_branches": 0,
                        "num_partial_branches": 0,
                        "covered_branches": 0,
                        "missing_branches": 0
                    },
                    "missing_lines": [],
                    "excluded_lines": [],
                    "executed_branches": [],
                    "missing_branches": []
                },
                "PipelineExecutor.execute": {
                    "executed_lines": [
                        49,
                        50,
                        51,
                        53,
                        54,
                        62,
                        63,
                        64,
                        67,
                        68,
                        69,
                        70,
                        73,
                        74,
                        79,
                        80
                    ],
                    "summary": {
                        "covered_lines": 16,
                        "num_statements": 19,
                        "percent_covered": 80.64516129032258,
                        "percent_covered_display": "81",
                        "missing_lines": 3,
                        "excluded_lines": 0,
                        "num_branches": 12,
                        "num_partial_branches": 1,
                        "covered_branches": 9,
                        "missing_branches": 3
                    },
                    "missing_lines": [
                        56,
                        57,
                        60
                    ],
                    "excluded_lines": [],
                    "executed_branches": [
                        [
                            53,
                            54
                        ],
                        [
                            53,
                            79
                        ],
                        [
                            54,
                            62
                        ],
                        [
                            67,
                            68
                        ],
                        [
                            67,
                            73
                        ],
                        [
                            73,
                            53
                        ],
                        [
                            73,
                            74
                        ],
                        [
                            79,
                            -47
                        ],
                        [
                            79,
                            80
                        ]
                    ],
                    "missing_branches": [
                        [
                            54,
                            56
                        ],
                        [
                            56,
                            57
                        ],
                        [
                            56,
                            60
                        ]
                    ]
                },
                "PipelineExecutor._process_batch": {
                    "executed_lines": [
                        89,
                        90,
                        93,
                        94,
                        96,
                        97,
                        102,
                        103,
                        106,
                        107,
                        108,
                        109,
                        121,
                        122,
                        123,
                        126,
                        127,
                        128
                    ],
                    "summary": {
                        "covered_lines": 18,
                        "num_statements": 24,
                        "percent_covered": 66.66666666666667,
                        "percent_covered_display": "67",
                        "missing_lines": 6,
                        "excluded_lines": 0,
                        "num_branches": 12,
                        "num_partial_branches": 4,
                        "covered_branches": 6,
                        "missing_branches": 6
                    },
                    "missing_lines": [
                        110,
                        111,
                        112,
                        113,
                        116,
                        118
                    ],
                    "excluded_lines": [],
                    "executed_branches": [
                        [
                            96,
                            97
                        ],
                        [
                            96,
                            121
                        ],
                        [
                            106,
                            107
                        ],
                        [
                            108,
                            109
                        ],
                        [
                            121,
                            122
                        ],
                        [
                            126,
                            127
                        ]
                    ],
                    "missing_branches": [
                        [
                            106,
                            96
                        ],
                        [
                            108,
                            96
                        ],
                        [
                            112,
                            113
                        ],
                        [
                            112,
                            118
                        ],
                        [
                            121,
                            126
                        ],
                        [
                            126,
                            -82
                        ]
                    ]
                },
                "PipelineExecutor._extract": {
                    "executed_lines": [
                        134,
                        139
                    ],
                    "summary": {
                        "covered_lines": 2,
                        "num_statements": 2,
                        "percent_covered": 100.0,
                        "percent_covered_display": "100",
                        "missing_lines": 0,
                        "excluded_lines": 0,
                        "num_branches": 2,
                        "num_partial_branches": 0,
                        "covered_branches": 2,
                        "missing_branches": 0
                    },
                    "missing_lines": [],
                    "excluded_lines": [],
                    "executed_branches": [
                        [
                            134,
                            -130
                        ],
                        [
                            134,
                            139
                        ]
                    ],
                    "missing_branches": []
                },
                "PipelineExecutor._write_bronze_batch": {
                    "executed_lines": [
                        147,
                        150
                    ],
                    "summary": {
                        "covered_lines": 2,
                        "num_statements": 2,
                        "percent_covered": 100.0,
                        "percent_covered_display": "100",
                        "missing_lines": 0,
                        "excluded_lines": 0,
                        "num_branches": 0,
                        "num_partial_branches": 0,
                        "covered_branches": 0,
                        "missing_branches": 0
                    },
                    "missing_lines": [],
                    "excluded_lines": [],
                    "executed_branches": [],
                    "missing_branches": []
                },
                "PipelineExecutor._write_silver_batch": {
                    "executed_lines": [
                        164,
                        174,
                        175
                    ],
                    "summary": {
                        "covered_lines": 3,
                        "num_statements": 3,
                        "percent_covered": 100.0,
                        "percent_covered_display": "100",
                        "missing_lines": 0,
                        "excluded_lines": 0,
                        "num_branches": 0,
                        "num_partial_branches": 0,
                        "covered_branches": 0,
                        "missing_branches": 0
                    },
                    "missing_lines": [],
                    "excluded_lines": [],
                    "executed_branches": [],
                    "missing_branches": []
                },
                "PipelineExecutor._write_gold_batch": {
                    "executed_lines": [
                        183,
                        184
                    ],
                    "summary": {
                        "covered_lines": 2,
                        "num_statements": 2,
                        "percent_covered": 100.0,
                        "percent_covered_display": "100",
                        "missing_lines": 0,
                        "excluded_lines": 0,
                        "num_branches": 0,
                        "num_partial_branches": 0,
                        "covered_branches": 0,
                        "missing_branches": 0
                    },
                    "missing_lines": [],
                    "excluded_lines": [],
                    "executed_branches": [],
                    "missing_branches": []
                },
                "": {
                    "executed_lines": [
                        1,
                        9,
                        10,
                        11,
                        12,
                        13,
                        15,
                        16,
                        18,
                        22,
                        23,
                        25,
                        26,
                        28,
                        47,
                        82,
                        130,
                        141,
                        158,
                        181
                    ],
                    "summary": {
                        "covered_lines": 17,
                        "num_statements": 17,
                        "percent_covered": 100.0,
                        "percent_covered_display": "100",
                        "missing_lines": 0,
                        "excluded_lines": 2,
                        "num_branches": 0,
                        "num_partial_branches": 0,
                        "covered_branches": 0,
                        "missing_branches": 0
                    },
                    "missing_lines": [],
                    "excluded_lines": [
                        18,
                        19
                    ],
                    "executed_branches": [],
                    "missing_branches": []
                }
            },
            "classes": {
                "PipelineExecutor": {
                    "executed_lines": [
                        34,
                        35,
                        36,
                        41,
                        42,
                        43,
                        44,
                        45,
                        49,
                        50,
                        51,
                        53,
                        54,
                        62,
                        63,
                        64,
                        67,
                        68,
                        69,
                        70,
                        73,
                        74,
                        79,
                        80,
                        89,
                        90,
                        93,
                        94,
                        96,
                        97,
                        102,
                        103,
                        106,
                        107,
                        108,
                        109,
                        121,
                        122,
                        123,
                        126,
                        127,
                        128,
                        134,
                        139,
                        147,
                        150,
                        164,
                        174,
                        175,
                        183,
                        184
                    ],
                    "summary": {
                        "covered_lines": 51,
                        "num_statements": 60,
                        "percent_covered": 79.06976744186046,
                        "percent_covered_display": "79",
                        "missing_lines": 9,
                        "excluded_lines": 0,
                        "num_branches": 26,
                        "num_partial_branches": 5,
                        "covered_branches": 17,
                        "missing_branches": 9
                    },
                    "missing_lines": [
                        56,
                        57,
                        60,
                        110,
                        111,
                        112,
                        113,
                        116,
                        118
                    ],
                    "excluded_lines": [],
                    "executed_branches": [
                        [
                            53,
                            54
                        ],
                        [
                            53,
                            79
                        ],
                        [
                            54,
                            62
                        ],
                        [
                            67,
                            68
                        ],
                        [
                            67,
                            73
                        ],
                        [
                            73,
                            53
                        ],
                        [
                            73,
                            74
                        ],
                        [
                            79,
                            -47
                        ],
                        [
                            79,
                            80
                        ],
                        [
                            96,
                            97
                        ],
                        [
                            96,
                            121
                        ],
                        [
                            106,
                            107
                        ],
                        [
                            108,
                            109
                        ],
                        [
                            121,
                            122
                        ],
                        [
                            126,
                            127
                        ],
                        [
                            134,
                            -130
                        ],
                        [
                            134,
                            139
                        ]
                    ],
                    "missing_branches": [
                        [
                            54,
                            56
                        ],
                        [
                            56,
                            57
                        ],
                        [
                            56,
                            60
                        ],
                        [
                            106,
                            96
                        ],
                        [
                            108,
                            96
                        ],
                        [
                            112,
                            113
                        ],
                        [
                            112,
                            118
                        ],
                        [
                            121,
                            126
                        ],
                        [
                            126,
                            -82
                        ]
                    ]
                },
                "": {
                    "executed_lines": [
                        1,
                        9,
                        10,
                        11,
                        12,
                        13,
                        15,
                        16,
                        18,
                        22,
                        23,
                        25,
                        26,
                        28,
                        47,
                        82,
                        130,
                        141,
                        158,
                        181
                    ],
                    "summary": {
                        "covered_lines": 17,
                        "num_statements": 17,
                        "percent_covered": 100.0,
                        "percent_covered_display": "100",
                        "missing_lines": 0,
                        "excluded_lines": 2,
                        "num_branches": 0,
                        "num_partial_branches": 0,
                        "covered_branches": 0,
                        "missing_branches": 0
                    },
                    "missing_lines": [],
                    "excluded_lines": [
                        18,
                        19
                    ],
                    "executed_branches": [],
                    "missing_branches": []
                }
            }
        },
        "src\\bioetl\\application\\core\\lock_manager.py": {
            "executed_lines": [
                1,
                3,
                4,
                6,
                7,
                8,
                10,
                14,
                15,
                17,
                18,
                20,
                36,
                47
            ],
            "summary": {
                "covered_lines": 11,
                "num_statements": 34,
                "percent_covered": 26.19047619047619,
                "percent_covered_display": "26",
                "missing_lines": 23,
                "excluded_lines": 2,
                "num_branches": 8,
                "num_partial_branches": 0,
                "covered_branches": 0,
                "missing_branches": 8
            },
            "missing_lines": [
                21,
                22,
                24,
                27,
                28,
                29,
                31,
                32,
                37,
                38,
                40,
                41,
                42,
                45,
                48,
                49,
                50,
                51,
                52,
                55,
                56,
                57,
                58
            ],
            "excluded_lines": [
                10,
                11
            ],
            "executed_branches": [],
            "missing_branches": [
                [
                    27,
                    28
                ],
                [
                    27,
                    31
                ],
                [
                    37,
                    38
                ],
                [
                    37,
                    40
                ],
                [
                    50,
                    -47
                ],
                [
                    50,
                    51
                ],
                [
                    55,
                    50
                ],
                [
                    55,
                    56
                ]
            ],
            "functions": {
                "LockManager.__init__": {
                    "executed_lines": [
                        18
                    ],
                    "summary": {
                        "covered_lines": 1,
                        "num_statements": 1,
                        "percent_covered": 100.0,
                        "percent_covered_display": "100",
                        "missing_lines": 0,
                        "excluded_lines": 0,
                        "num_branches": 0,
                        "num_partial_branches": 0,
                        "covered_branches": 0,
                        "missing_branches": 0
                    },
                    "missing_lines": [],
                    "excluded_lines": [],
                    "executed_branches": [],
                    "missing_branches": []
                },
                "LockManager.__aenter__": {
                    "executed_lines": [],
                    "summary": {
                        "covered_lines": 0,
                        "num_statements": 8,
                        "percent_covered": 0.0,
                        "percent_covered_display": "0",
                        "missing_lines": 8,
                        "excluded_lines": 0,
                        "num_branches": 2,
                        "num_partial_branches": 0,
                        "covered_branches": 0,
                        "missing_branches": 2
                    },
                    "missing_lines": [
                        21,
                        22,
                        24,
                        27,
                        28,
                        29,
                        31,
                        32
                    ],
                    "excluded_lines": [],
                    "executed_branches": [],
                    "missing_branches": [
                        [
                            27,
                            28
                        ],
                        [
                            27,
                            31
                        ]
                    ]
                },
                "LockManager.__aexit__": {
                    "executed_lines": [],
                    "summary": {
                        "covered_lines": 0,
                        "num_statements": 6,
                        "percent_covered": 0.0,
                        "percent_covered_display": "0",
                        "missing_lines": 6,
                        "excluded_lines": 0,
                        "num_branches": 2,
                        "num_partial_branches": 0,
                        "covered_branches": 0,
                        "missing_branches": 2
                    },
                    "missing_lines": [
                        37,
                        38,
                        40,
                        41,
                        42,
                        45
                    ],
                    "excluded_lines": [],
                    "executed_branches": [],
                    "missing_branches": [
                        [
                            37,
                            38
                        ],
                        [
                            37,
                            40
                        ]
                    ]
                },
                "LockManager._heartbeat_loop": {
                    "executed_lines": [],
                    "summary": {
                        "covered_lines": 0,
                        "num_statements": 9,
                        "percent_covered": 0.0,
                        "percent_covered_display": "0",
                        "missing_lines": 9,
                        "excluded_lines": 0,
                        "num_branches": 4,
                        "num_partial_branches": 0,
                        "covered_branches": 0,
                        "missing_branches": 4
                    },
                    "missing_lines": [
                        48,
                        49,
                        50,
                        51,
                        52,
                        55,
                        56,
                        57,
                        58
                    ],
                    "excluded_lines": [],
                    "executed_branches": [],
                    "missing_branches": [
                        [
                            50,
                            -47
                        ],
                        [
                            50,
                            51
                        ],
                        [
                            55,
                            50
                        ],
                        [
                            55,
                            56
                        ]
                    ]
                },
                "": {
                    "executed_lines": [
                        1,
                        3,
                        4,
                        6,
                        7,
                        8,
                        10,
                        14,
                        15,
                        17,
                        20,
                        36,
                        47
                    ],
                    "summary": {
                        "covered_lines": 10,
                        "num_statements": 10,
                        "percent_covered": 100.0,
                        "percent_covered_display": "100",
                        "missing_lines": 0,
                        "excluded_lines": 2,
                        "num_branches": 0,
                        "num_partial_branches": 0,
                        "covered_branches": 0,
                        "missing_branches": 0
                    },
                    "missing_lines": [],
                    "excluded_lines": [
                        10,
                        11
                    ],
                    "executed_branches": [],
                    "missing_branches": []
                }
            },
            "classes": {
                "LockManager": {
                    "executed_lines": [
                        18
                    ],
                    "summary": {
                        "covered_lines": 1,
                        "num_statements": 24,
                        "percent_covered": 3.125,
                        "percent_covered_display": "3",
                        "missing_lines": 23,
                        "excluded_lines": 0,
                        "num_branches": 8,
                        "num_partial_branches": 0,
                        "covered_branches": 0,
                        "missing_branches": 8
                    },
                    "missing_lines": [
                        21,
                        22,
                        24,
                        27,
                        28,
                        29,
                        31,
                        32,
                        37,
                        38,
                        40,
                        41,
                        42,
                        45,
                        48,
                        49,
                        50,
                        51,
                        52,
                        55,
                        56,
                        57,
                        58
                    ],
                    "excluded_lines": [],
                    "executed_branches": [],
                    "missing_branches": [
                        [
                            27,
                            28
                        ],
                        [
                            27,
                            31
                        ],
                        [
                            37,
                            38
                        ],
                        [
                            37,
                            40
                        ],
                        [
                            50,
                            -47
                        ],
                        [
                            50,
                            51
                        ],
                        [
                            55,
                            50
                        ],
                        [
                            55,
                            56
                        ]
                    ]
                },
                "": {
                    "executed_lines": [
                        1,
                        3,
                        4,
                        6,
                        7,
                        8,
                        10,
                        14,
                        15,
                        17,
                        20,
                        36,
                        47
                    ],
                    "summary": {
                        "covered_lines": 10,
                        "num_statements": 10,
                        "percent_covered": 100.0,
                        "percent_covered_display": "100",
                        "missing_lines": 0,
                        "excluded_lines": 2,
                        "num_branches": 0,
                        "num_partial_branches": 0,
                        "covered_branches": 0,
                        "missing_branches": 0
                    },
                    "missing_lines": [],
                    "excluded_lines": [
                        10,
                        11
                    ],
                    "executed_branches": [],
                    "missing_branches": []
                }
            }
        },
        "src\\bioetl\\application\\core\\orchestrator.py": {
            "executed_lines": [
                1,
                9,
                10,
                11,
                12,
                14,
                15,
                17,
                21,
                22,
                25,
                26,
                28,
                29,
                30,
                31,
                33,
                123,
                136
            ],
            "summary": {
                "covered_lines": 15,
                "num_statements": 64,
                "percent_covered": 19.736842105263158,
                "percent_covered_display": "20",
                "missing_lines": 49,
                "excluded_lines": 2,
                "num_branches": 12,
                "num_partial_branches": 0,
                "covered_branches": 0,
                "missing_branches": 12
            },
            "missing_lines": [
                35,
                36,
                38,
                42,
                44,
                45,
                47,
                48,
                54,
                55,
                56,
                57,
                59,
                60,
                64,
                65,
                68,
                70,
                77,
                78,
                81,
                82,
                83,
                84,
                85,
                86,
                88,
                89,
                90,
                93,
                96,
                97,
                98,
                108,
                113,
                124,
                125,
                126,
                127,
                128,
                131,
                132,
                133,
                134,
                137,
                138,
                141,
                143,
                144
            ],
            "excluded_lines": [
                17,
                18
            ],
            "executed_branches": [],
            "missing_branches": [
                [
                    54,
                    55
                ],
                [
                    54,
                    59
                ],
                [
                    88,
                    89
                ],
                [
                    88,
                    90
                ],
                [
                    97,
                    -33
                ],
                [
                    97,
                    98
                ],
                [
                    108,
                    -33
                ],
                [
                    108,
                    113
                ],
                [
                    126,
                    -123
                ],
                [
                    126,
                    127
                ],
                [
                    131,
                    126
                ],
                [
                    131,
                    132
                ]
            ],
            "functions": {
                "PipelineOrchestrator.__init__": {
                    "executed_lines": [
                        29,
                        30,
                        31
                    ],
                    "summary": {
                        "covered_lines": 3,
                        "num_statements": 3,
                        "percent_covered": 100.0,
                        "percent_covered_display": "100",
                        "missing_lines": 0,
                        "excluded_lines": 0,
                        "num_branches": 0,
                        "num_partial_branches": 0,
                        "covered_branches": 0,
                        "missing_branches": 0
                    },
                    "missing_lines": [],
                    "excluded_lines": [],
                    "executed_branches": [],
                    "missing_branches": []
                },
                "PipelineOrchestrator.run": {
                    "executed_lines": [],
                    "summary": {
                        "covered_lines": 0,
                        "num_statements": 35,
                        "percent_covered": 0.0,
                        "percent_covered_display": "0",
                        "missing_lines": 35,
                        "excluded_lines": 0,
                        "num_branches": 8,
                        "num_partial_branches": 0,
                        "covered_branches": 0,
                        "missing_branches": 8
                    },
                    "missing_lines": [
                        35,
                        36,
                        38,
                        42,
                        44,
                        45,
                        47,
                        48,
                        54,
                        55,
                        56,
                        57,
                        59,
                        60,
                        64,
                        65,
                        68,
                        70,
                        77,
                        78,
                        81,
                        82,
                        83,
                        84,
                        85,
                        86,
                        88,
                        89,
                        90,
                        93,
                        96,
                        97,
                        98,
                        108,
                        113
                    ],
                    "excluded_lines": [],
                    "executed_branches": [],
                    "missing_branches": [
                        [
                            54,
                            55
                        ],
                        [
                            54,
                            59
                        ],
                        [
                            88,
                            89
                        ],
                        [
                            88,
                            90
                        ],
                        [
                            97,
                            -33
                        ],
                        [
                            97,
                            98
                        ],
                        [
                            108,
                            -33
                        ],
                        [
                            108,
                            113
                        ]
                    ]
                },
                "PipelineOrchestrator._heartbeat_loop": {
                    "executed_lines": [],
                    "summary": {
                        "covered_lines": 0,
                        "num_statements": 9,
                        "percent_covered": 0.0,
                        "percent_covered_display": "0",
                        "missing_lines": 9,
                        "excluded_lines": 0,
                        "num_branches": 4,
                        "num_partial_branches": 0,
                        "covered_branches": 0,
                        "missing_branches": 4
                    },
                    "missing_lines": [
                        124,
                        125,
                        126,
                        127,
                        128,
                        131,
                        132,
                        133,
                        134
                    ],
                    "excluded_lines": [],
                    "executed_branches": [],
                    "missing_branches": [
                        [
                            126,
                            -123
                        ],
                        [
                            126,
                            127
                        ],
                        [
                            131,
                            126
                        ],
                        [
                            131,
                            132
                        ]
                    ]
                },
                "PipelineOrchestrator._setup_shutdown_handlers": {
                    "executed_lines": [],
                    "summary": {
                        "covered_lines": 0,
                        "num_statements": 3,
                        "percent_covered": 0.0,
                        "percent_covered_display": "0",
                        "missing_lines": 3,
                        "excluded_lines": 0,
                        "num_branches": 0,
                        "num_partial_branches": 0,
                        "covered_branches": 0,
                        "missing_branches": 0
                    },
                    "missing_lines": [
                        137,
                        143,
                        144
                    ],
                    "excluded_lines": [],
                    "executed_branches": [],
                    "missing_branches": []
                },
                "PipelineOrchestrator._setup_shutdown_handlers.signal_handler": {
                    "executed_lines": [],
                    "summary": {
                        "covered_lines": 0,
                        "num_statements": 2,
                        "percent_covered": 0.0,
                        "percent_covered_display": "0",
                        "missing_lines": 2,
                        "excluded_lines": 0,
                        "num_branches": 0,
                        "num_partial_branches": 0,
                        "covered_branches": 0,
                        "missing_branches": 0
                    },
                    "missing_lines": [
                        138,
                        141
                    ],
                    "excluded_lines": [],
                    "executed_branches": [],
                    "missing_branches": []
                },
                "": {
                    "executed_lines": [
                        1,
                        9,
                        10,
                        11,
                        12,
                        14,
                        15,
                        17,
                        21,
                        22,
                        25,
                        26,
                        28,
                        33,
                        123,
                        136
                    ],
                    "summary": {
                        "covered_lines": 12,
                        "num_statements": 12,
                        "percent_covered": 100.0,
                        "percent_covered_display": "100",
                        "missing_lines": 0,
                        "excluded_lines": 2,
                        "num_branches": 0,
                        "num_partial_branches": 0,
                        "covered_branches": 0,
                        "missing_branches": 0
                    },
                    "missing_lines": [],
                    "excluded_lines": [
                        17,
                        18
                    ],
                    "executed_branches": [],
                    "missing_branches": []
                }
            },
            "classes": {
                "PipelineShutdownError": {
                    "executed_lines": [],
                    "summary": {
                        "covered_lines": 0,
                        "num_statements": 0,
                        "percent_covered": 100.0,
                        "percent_covered_display": "100",
                        "missing_lines": 0,
                        "excluded_lines": 0,
                        "num_branches": 0,
                        "num_partial_branches": 0,
                        "covered_branches": 0,
                        "missing_branches": 0
                    },
                    "missing_lines": [],
                    "excluded_lines": [],
                    "executed_branches": [],
                    "missing_branches": []
                },
                "PipelineOrchestrator": {
                    "executed_lines": [
                        29,
                        30,
                        31
[...]
                        ],
                        [
                            366,
                            367
                        ],
                        [
                            366,
                            369
                        ]
                    ]
                },
                "": {
                    "executed_lines": [
                        1,
                        17,
                        18,
                        19,
                        21,
                        22,
                        23,
                        24,
                        27,
                        28,
                        51,
                        66,
                        140,
                        166,
                        226,
                        287,
                        322
                    ],
                    "summary": {
                        "covered_lines": 15,
                        "num_statements": 15,
                        "percent_covered": 100.0,
                        "percent_covered_display": "100",
                        "missing_lines": 0,
                        "excluded_lines": 0,
                        "num_branches": 0,
                        "num_partial_branches": 0,
                        "covered_branches": 0,
                        "missing_branches": 0
                    },
                    "missing_lines": [],
                    "excluded_lines": [],
                    "executed_branches": [],
                    "missing_branches": []
                }
            }
        },
        "src\\bioetl\\infrastructure\\storage\\s3_pool.py": {
            "executed_lines": [
                1,
                13,
                15,
                16,
                18,
                19,
                22,
                23,
                49,
                50,
                52,
                53,
                79,
                81,
                82,
                83,
                88,
                96,
                98,
                99,
                109,
                110,
                112,
                113,
                123,
                124
            ],
            "summary": {
                "covered_lines": 24,
                "num_statements": 24,
                "percent_covered": 100.0,
                "percent_covered_display": "100",
                "missing_lines": 0,
                "excluded_lines": 0,
                "num_branches": 2,
                "num_partial_branches": 0,
                "covered_branches": 2,
                "missing_branches": 0
            },
            "missing_lines": [],
            "excluded_lines": [],
            "executed_branches": [
                [
                    82,
                    83
                ],
                [
                    82,
                    96
                ]
            ],
            "missing_branches": [],
            "functions": {
                "S3ClientPool.get_client": {
                    "executed_lines": [
                        79,
                        81,
                        82,
                        83,
                        88,
                        96
                    ],
                    "summary": {
                        "covered_lines": 6,
                        "num_statements": 6,
                        "percent_covered": 100.0,
                        "percent_covered_display": "100",
                        "missing_lines": 0,
                        "excluded_lines": 0,
                        "num_branches": 2,
                        "num_partial_branches": 0,
                        "covered_branches": 2,
                        "missing_branches": 0
                    },
                    "missing_lines": [],
                    "excluded_lines": [],
                    "executed_branches": [
                        [
                            82,
                            83
                        ],
                        [
                            82,
                            96
                        ]
                    ],
                    "missing_branches": []
                },
                "S3ClientPool.clear_pool": {
                    "executed_lines": [
                        109,
                        110
                    ],
                    "summary": {
                        "covered_lines": 2,
                        "num_statements": 2,
                        "percent_covered": 100.0,
                        "percent_covered_display": "100",
                        "missing_lines": 0,
                        "excluded_lines": 0,
                        "num_branches": 0,
                        "num_partial_branches": 0,
                        "covered_branches": 0,
                        "missing_branches": 0
                    },
                    "missing_lines": [],
                    "excluded_lines": [],
                    "executed_branches": [],
                    "missing_branches": []
                },
                "S3ClientPool.pool_size": {
                    "executed_lines": [
                        123,
                        124
                    ],
                    "summary": {
                        "covered_lines": 2,
                        "num_statements": 2,
                        "percent_covered": 100.0,
                        "percent_covered_display": "100",
                        "missing_lines": 0,
                        "excluded_lines": 0,
                        "num_branches": 0,
                        "num_partial_branches": 0,
                        "covered_branches": 0,
                        "missing_branches": 0
                    },
                    "missing_lines": [],
                    "excluded_lines": [],
                    "executed_branches": [],
                    "missing_branches": []
                },
                "": {
                    "executed_lines": [
                        1,
                        13,
                        15,
                        16,
                        18,
                        19,
                        22,
                        23,
                        49,
                        50,
                        52,
                        53,
                        98,
                        99,
                        112,
                        113
                    ],
                    "summary": {
                        "covered_lines": 14,
                        "num_statements": 14,
                        "percent_covered": 100.0,
                        "percent_covered_display": "100",
                        "missing_lines": 0,
                        "excluded_lines": 0,
                        "num_branches": 0,
                        "num_partial_branches": 0,
                        "covered_branches": 0,
                        "missing_branches": 0
                    },
                    "missing_lines": [],
                    "excluded_lines": [],
                    "executed_branches": [],
                    "missing_branches": []
                }
            },
            "classes": {
                "S3ClientPool": {
                    "executed_lines": [
                        79,
                        81,
                        82,
                        83,
                        88,
                        96,
                        109,
                        110,
                        123,
                        124
                    ],
                    "summary": {
                        "covered_lines": 10,
                        "num_statements": 10,
                        "percent_covered": 100.0,
                        "percent_covered_display": "100",
                        "missing_lines": 0,
                        "excluded_lines": 0,
                        "num_branches": 2,
                        "num_partial_branches": 0,
                        "covered_branches": 2,
                        "missing_branches": 0
                    },
                    "missing_lines": [],
                    "excluded_lines": [],
                    "executed_branches": [
                        [
                            82,
                            83
                        ],
                        [
                            82,
                            96
                        ]
                    ],
                    "missing_branches": []
                },
                "": {
                    "executed_lines": [
                        1,
                        13,
                        15,
                        16,
                        18,
                        19,
                        22,
                        23,
                        49,
                        50,
                        52,
                        53,
                        98,
                        99,
                        112,
                        113
                    ],
                    "summary": {
                        "covered_lines": 14,
                        "num_statements": 14,
                        "percent_covered": 100.0,
                        "percent_covered_display": "100",
                        "missing_lines": 0,
                        "excluded_lines": 0,
                        "num_branches": 0,
                        "num_partial_branches": 0,
                        "covered_branches": 0,
                        "missing_branches": 0
                    },
                    "missing_lines": [],
                    "excluded_lines": [],
                    "executed_branches": [],
                    "missing_branches": []
                }
            }
        },
        "src\\bioetl\\orchestration\\__init__.py": {
            "executed_lines": [],
            "summary": {
                "covered_lines": 0,
                "num_statements": 2,
                "percent_covered": 0.0,
                "percent_covered_display": "0",
                "missing_lines": 2,
                "excluded_lines": 0,
                "num_branches": 0,
                "num_partial_branches": 0,
                "covered_branches": 0,
                "missing_branches": 0
            },
            "missing_lines": [
                10,
                17
            ],
            "excluded_lines": [],
            "executed_branches": [],
            "missing_branches": [],
            "functions": {
                "": {
                    "executed_lines": [],
                    "summary": {
                        "covered_lines": 0,
                        "num_statements": 2,
                        "percent_covered": 0.0,
                        "percent_covered_display": "0",
                        "missing_lines": 2,
                        "excluded_lines": 0,
                        "num_branches": 0,
                        "num_partial_branches": 0,
                        "covered_branches": 0,
                        "missing_branches": 0
                    },
                    "missing_lines": [
                        10,
                        17
                    ],
                    "excluded_lines": [],
                    "executed_branches": [],
                    "missing_branches": []
                }
            },
            "classes": {
                "": {
                    "executed_lines": [],
                    "summary": {
                        "covered_lines": 0,
                        "num_statements": 2,
                        "percent_covered": 0.0,
                        "percent_covered_display": "0",
                        "missing_lines": 2,
                        "excluded_lines": 0,
                        "num_branches": 0,
                        "num_partial_branches": 0,
                        "covered_branches": 0,
                        "missing_branches": 0
                    },
                    "missing_lines": [
                        10,
                        17
                    ],
                    "excluded_lines": [],
                    "executed_branches": [],
                    "missing_branches": []
                }
            }
        },
        "src\\bioetl\\orchestration\\tasks.py": {
            "executed_lines": [],
            "summary": {
                "covered_lines": 0,
                "num_statements": 14,
                "percent_covered": 0.0,
                "percent_covered_display": "0",
                "missing_lines": 14,
                "excluded_lines": 5,
                "num_branches": 0,
                "num_partial_branches": 0,
                "covered_branches": 0,
                "missing_branches": 0
            },
            "missing_lines": [
                13,
                15,
                29,
                30,
                45,
                53,
                54,
                63,
                66,
                67,
                73,
                81,
                86,
                95
            ],
            "excluded_lines": [
                17,
                18,
                19,
                20,
                21
            ],
            "executed_branches": [],
            "missing_branches": [],
            "functions": {
                "execute_pipeline_task": {
                    "executed_lines": [],
                    "summary": {
                        "covered_lines": 0,
                        "num_statements": 1,
                        "percent_covered": 0.0,
                        "percent_covered_display": "0",
                        "missing_lines": 1,
                        "excluded_lines": 0,
                        "num_branches": 0,
                        "num_partial_branches": 0,
                        "covered_branches": 0,
                        "missing_branches": 0
                    },
                    "missing_lines": [
                        45
                    ],
                    "excluded_lines": [],
                    "executed_branches": [],
                    "missing_branches": []
                },
                "load_checkpoint_task": {
                    "executed_lines": [],
                    "summary": {
                        "covered_lines": 0,
                        "num_statements": 1,
                        "percent_covered": 0.0,
                        "percent_covered_display": "0",
                        "missing_lines": 1,
                        "excluded_lines": 0,
                        "num_branches": 0,
                        "num_partial_branches": 0,
                        "covered_branches": 0,
                        "missing_branches": 0
                    },
                    "missing_lines": [
                        63
                    ],
                    "excluded_lines": [],
                    "executed_branches": [],
                    "missing_branches": []
                },
                "delete_checkpoint_task": {
                    "executed_lines": [],
                    "summary": {
                        "covered_lines": 0,
                        "num_statements": 1,
                        "percent_covered": 0.0,
                        "percent_covered_display": "0",
                        "missing_lines": 1,
                        "excluded_lines": 0,
                        "num_branches": 0,
                        "num_partial_branches": 0,
                        "covered_branches": 0,
                        "missing_branches": 0
                    },
                    "missing_lines": [
                        73
                    ],
                    "excluded_lines": [],
                    "executed_branches": [],
                    "missing_branches": []
                },
                "run_pipeline_flow": {
                    "executed_lines": [],
                    "summary": {
                        "covered_lines": 0,
                        "num_statements": 1,
                        "percent_covered": 0.0,
                        "percent_covered_display": "0",
                        "missing_lines": 1,
                        "excluded_lines": 0,
                        "num_branches": 0,
                        "num_partial_branches": 0,
                        "covered_branches": 0,
                        "missing_branches": 0
                    },
                    "missing_lines": [
                        95
                    ],
                    "excluded_lines": [],
                    "executed_branches": [],
                    "missing_branches": []
                },
                "": {
                    "executed_lines": [],
                    "summary": {
                        "covered_lines": 0,
                        "num_statements": 10,
                        "percent_covered": 0.0,
                        "percent_covered_display": "0",
                        "missing_lines": 10,
                        "excluded_lines": 5,
                        "num_branches": 0,
                        "num_partial_branches": 0,
                        "covered_branches": 0,
                        "missing_branches": 0
                    },
                    "missing_lines": [
                        13,
                        15,
                        29,
                        30,
                        53,
                        54,
                        66,
                        67,
                        81,
                        86
                    ],
                    "excluded_lines": [
                        17,
                        18,
                        19,
                        20,
                        21
                    ],
                    "executed_branches": [],
                    "missing_branches": []
                }
            },
            "classes": {
                "": {
                    "executed_lines": [],
                    "summary": {
                        "covered_lines": 0,
                        "num_statements": 14,
                        "percent_covered": 0.0,
                        "percent_covered_display": "0",
                        "missing_lines": 14,
                        "excluded_lines": 5,
                        "num_branches": 0,
                        "num_partial_branches": 0,
                        "covered_branches": 0,
                        "missing_branches": 0
                    },
                    "missing_lines": [
                        13,
                        15,
                        29,
                        30,
                        45,
                        53,
                        54,
                        63,
                        66,
                        67,
                        73,
                        81,
                        86,
                        95
                    ],
                    "excluded_lines": [
                        17,
                        18,
                        19,
                        20,
                        21
                    ],
                    "executed_branches": [],
                    "missing_branches": []
                }
            }
        }
    },
    "totals": {
        "covered_lines": 1590,
        "num_statements": 2512,
        "percent_covered": 57.98291721419185,
        "percent_covered_display": "58",
        "missing_lines": 922,
        "excluded_lines": 60,
        "num_branches": 532,
        "num_partial_branches": 57,
        "covered_branches": 175,
        "missing_branches": 357
    }
}
