============================= test session starts =============================
platform win32 -- Python 3.13.7, pytest-9.1.1, pluggy-1.6.0
rootdir: E:\github\BioactivityDataAcquisition
configfile: pyproject.toml
plugins: anyio-4.14.2, hypothesis-6.157.0, archon-0.0.7, asyncio-1.4.0, cov-7.1.0, recording-0.13.4, timeout-2.4.0, xdist-3.8.0, respx-0.23.1, syrupy-5.5.3, typeguard-4.5.2
asyncio: mode=Mode.STRICT, debug=False, asyncio_default_fixture_loop_scope=module, asyncio_default_test_loop_scope=module
timeout: 60.0s
timeout method: thread
timeout func_only: False
collected 6 items

tests\architecture\test_arch_s4_s9_gates.py ....F.                       [100%]

================================== FAILURES ===================================
___________________ test_s8_domain_framework_import_ratchet ___________________

    def test_s8_domain_framework_import_ratchet() -> None:
        config = yaml.safe_load(
            (ROOT / "configs/quality/domain_dataframe_zoning.yaml").read_text(
                encoding="utf-8"
            )
        )
        allowed = tuple(config["allowed_libraries"])
        domain = ROOT / "src/bioetl/domain"
        count = 0
        pandas_in_forbidden = []
        forbidden = tuple(config["pandas_forbidden_path_prefixes"])
        for path in domain.rglob("*.py"):
            tree = ast.parse(path.read_text(encoding="utf-8"), filename=str(path))
            rel = path.resolve().relative_to(ROOT.resolve()).as_posix()
            for node in ast.walk(tree):
                names: list[str] = []
                if isinstance(node, ast.Import):
                    names.extend(alias.name.split(".", 1)[0] for alias in node.names)
                elif isinstance(node, ast.ImportFrom) and node.module:
                    names.append(node.module.split(".", 1)[0])
                for name in names:
                    if name not in allowed:
                        continue
                    count += 1
                    if name == "pandas" and rel.startswith(forbidden):
                        pandas_in_forbidden.append(rel)
        assert count <= int(config["max_framework_imports"])
        assert count == int(config["max_framework_imports"])
        assert str(config["linked_issue"]) == "9630"
        assert not pandas_in_forbidden
        inventory = load_quality_json("module-coverage-inventory.json")
        summary = inventory["summary"]
        status = summary["status_counts"]
        doc = (ROOT / "docs/02-architecture/current-state-inventory.md").read_text(
            encoding="utf-8"
        )
        assert f"`{summary['source_module_count']}`" in doc
>       assert f"`{status['fully_covered']}` fully covered" in doc
E       AssertionError: assert '`1569` fully covered' in '______________________________________________________________________\n\nVersion: 1.0.2\nStatus: active\nClass: publ...remains\n  valid only as an application-owned aggregate protocol and must not be listed as\n  a domain storage port.\n'

tests\architecture\test_arch_s4_s9_gates.py:201: AssertionError
=========================== short test summary info ===========================
FAILED tests/architecture/test_arch_s4_s9_gates.py::test_s8_domain_framework_import_ratchet
======================== 1 failed, 5 passed in 13.36s =========================
