<?xml version="1.0" encoding="utf-8"?><testsuites name="pytest tests"><testsuite name="pytest" errors="0" failures="10" skipped="4" tests="1311" time="219.794" timestamp="2026-07-27T15:11:44.426042+03:00" hostname="DESKTOP-AITNV0T"><testcase classname="" name="tests.architecture.test_architecture_quality_scorecard" time="0.000"><skipped message="collection skipped">('E:\\g-drive\\05_AI\\github\\BioactivityDataAcquisition2\\tests\\architecture\\test_architecture_quality_scorecard.py', 15, 'Skipped: Architecture quality scorecard tests require subprocess operations (git grep) which timeout on Windows')</skipped></testcase><testcase classname="tests.architecture.domain.test_aggregate_fsm_transitions.TestBatchStateTransitions" name="test_batch_state_transitions[open-sealed-True]" time="0.133" /><testcase classname="tests.architecture.domain.test_aggregate_fsm_transitions.TestBatchStateTransitions" name="test_batch_state_transitions[sealed-writing-True]" time="0.001" /><testcase classname="tests.architecture.domain.test_aggregate_fsm_transitions.TestBatchStateTransitions" name="test_batch_state_transitions[writing-committed-True]" time="0.001" /><testcase classname="tests.architecture.domain.test_aggregate_fsm_transitions.TestBatchStateTransitions" name="test_batch_state_transitions[writing-failed-True]" time="0.002" /><testcase classname="tests.architecture.domain.test_aggregate_fsm_transitions.TestBatchStateTransitions" name="test_batch_state_transitions[committed-open-False]" time="0.001" /><testcase classname="tests.architecture.domain.test_aggregate_fsm_transitions.TestBatchStateTransitions" name="test_batch_state_transitions[failed-open-False]" time="0.001" /><testcase classname="tests.architecture.domain.test_aggregate_fsm_transitions.TestBatchStateTransitions" name="test_batch_state_transitions[sealed-committed-False]" time="0.001" /><testcase classname="tests.architecture.domain.test_aggregate_fsm_transitions.TestBatchStateTransitions" name="test_batch_state_transitions[open-writing-False]" time="0.001" /><testcase classname="tests.architecture.domain.test_aggregate_fsm_transitions.TestBatchStateTransitions" name="test_batch_state_transitions[committed-sealed-False]" time="0.001" /><testcase classname="tests.architecture.domain.test_aggregate_fsm_transitions.TestBatchStateTransitions" name="test_batch_state_transitions[failed-sealed-False]" time="0.001" /><testcase classname="tests.architecture.domain.test_aggregate_fsm_transitions.TestBatchStateTransitions" name="test_batch_state_transitions[committed-writing-False]" time="0.001" /><testcase classname="tests.architecture.domain.test_aggregate_fsm_transitions.TestBatchStateTransitions" name="test_batch_state_transitions[failed-writing-False]" time="0.001" /><testcase classname="tests.architecture.domain.test_aggregate_fsm_transitions.TestBatchStateTransitions" name="test_batch_state_transitions[writing-open-False]" time="0.001" /><testcase classname="tests.architecture.domain.test_aggregate_fsm_transitions.TestBatchStateTransitions" name="test_batch_state_transitions[writing-sealed-False]" time="0.001" /><testcase classname="tests.architecture.domain.test_aggregate_fsm_transitions.TestBatchStateTransitions" name="test_batch_state_transitions[open-open-False]" time="0.001" /><testcase classname="tests.architecture.domain.test_aggregate_fsm_transitions.TestBatchStateTransitions" name="test_batch_state_transitions[sealed-sealed-False]" time="0.001" /><testcase classname="tests.architecture.domain.test_aggregate_fsm_transitions.TestBatchStateTransitions" name="test_batch_state_transitions[writing-writing-False]" time="0.001" /><testcase classname="tests.architecture.domain.test_aggregate_fsm_transitions.TestBatchStateTransitions" name="test_batch_state_transitions[committed-committed-False]" time="0.001" /><testcase classname="tests.architecture.domain.test_aggregate_fsm_transitions.TestBatchStateTransitions" name="test_batch_state_transitions[failed-failed-False]" time="0.001" /><testcase classname="tests.architecture.domain.test_aggregate_fsm_transitions.TestPipelineRunStateTransitions" name="test_pipeline_run_state_transitions[pending-running-True]" time="0.001" /><testcase classname="tests.architecture.domain.test_aggregate_fsm_transitions.TestPipelineRunStateTransitions" name="test_pipeline_run_state_transitions[running-completed-True]" time="0.002" /><testcase classname="tests.architecture.domain.test_aggregate_fsm_transitions.TestPipelineRunStateTransitions" name="test_pipeline_run_state_transitions[running-failed-True]" time="0.001" /><testcase classname="tests.architecture.domain.test_aggregate_fsm_transitions.TestPipelineRunStateTransitions" name="test_pipeline_run_state_transitions[running-shutdown-True]" time="0.001" /><testcase classname="tests.architecture.domain.test_aggregate_fsm_transitions.TestPipelineRunStateTransitions" name="test_pipeline_run_state_transitions[completed-running-False]" time="0.001" /><testcase classname="tests.architecture.domain.test_aggregate_fsm_transitions.TestPipelineRunStateTransitions" name="test_pipeline_run_state_transitions[failed-running-False]" time="0.001" /><testcase classname="tests.architecture.domain.test_aggregate_fsm_transitions.TestPipelineRunStateTransitions" name="test_pipeline_run_state_transitions[shutdown-running-False]" time="0.001" /><testcase classname="tests.architecture.domain.test_aggregate_fsm_transitions.TestPipelineRunStateTransitions" name="test_pipeline_run_state_transitions[pending-completed-False]" time="0.001" /><testcase classname="tests.architecture.domain.test_aggregate_fsm_transitions.TestPipelineRunStateTransitions" name="test_pipeline_run_state_transitions[completed-pending-False]" time="0.001" /><testcase classname="tests.architecture.domain.test_aggregate_fsm_transitions.TestPipelineRunStateTransitions" name="test_pipeline_run_state_transitions[failed-pending-False]" time="0.001" /><testcase classname="tests.architecture.domain.test_aggregate_fsm_transitions.TestPipelineRunStateTransitions" name="test_pipeline_run_state_transitions[shutdown-pending-False]" time="0.001" /><testcase classname="tests.architecture.domain.test_aggregate_fsm_transitions.TestPipelineRunStateTransitions" name="test_pipeline_run_state_transitions[pending-failed-False]" time="0.001" /><testcase classname="tests.architecture.domain.test_aggregate_fsm_transitions.TestPipelineRunStateTransitions" name="test_pipeline_run_state_transitions[pending-shutdown-False]" time="0.001" /><testcase classname="tests.architecture.domain.test_aggregate_fsm_transitions.TestPipelineRunStateTransitions" name="test_pipeline_run_state_transitions[completed-failed-False]" time="0.001" /><testcase classname="tests.architecture.domain.test_aggregate_fsm_transitions.TestPipelineRunStateTransitions" name="test_pipeline_run_state_transitions[completed-shutdown-False]" time="0.001" /><testcase classname="tests.architecture.domain.test_aggregate_fsm_transitions.TestPipelineRunStateTransitions" name="test_pipeline_run_state_transitions[failed-completed-False]" time="0.001" /><testcase classname="tests.architecture.domain.test_aggregate_fsm_transitions.TestPipelineRunStateTransitions" name="test_pipeline_run_state_transitions[failed-shutdown-False]" time="0.001" /><testcase classname="tests.architecture.domain.test_aggregate_fsm_transitions.TestPipelineRunStateTransitions" name="test_pipeline_run_state_transitions[shutdown-completed-False]" time="0.001" /><testcase classname="tests.architecture.domain.test_aggregate_fsm_transitions.TestPipelineRunStateTransitions" name="test_pipeline_run_state_transitions[shutdown-failed-False]" time="0.001" /><testcase classname="tests.architecture.domain.test_aggregate_fsm_transitions.TestPipelineRunStateTransitions" name="test_pipeline_run_state_transitions[pending-pending-False]" time="0.001" /><testcase classname="tests.architecture.domain.test_aggregate_fsm_transitions.TestPipelineRunStateTransitions" name="test_pipeline_run_state_transitions[running-running-False]" time="0.001" /><testcase classname="tests.architecture.domain.test_aggregate_fsm_transitions.TestPipelineRunStateTransitions" name="test_pipeline_run_state_transitions[completed-completed-False]" time="0.001" /><testcase classname="tests.architecture.domain.test_aggregate_fsm_transitions.TestPipelineRunStateTransitions" name="test_pipeline_run_state_transitions[failed-failed-False]" time="0.001" /><testcase classname="tests.architecture.domain.test_aggregate_fsm_transitions.TestPipelineRunStateTransitions" name="test_pipeline_run_state_transitions[shutdown-shutdown-False]" time="0.001" /><testcase classname="tests.architecture.domain.test_aggregate_fsm_transitions.TestQuarantineEntryStateTransitions" name="test_quarantine_entry_state_transitions[new-under_review-True]" time="0.001" /><testcase classname="tests.architecture.domain.test_aggregate_fsm_transitions.TestQuarantineEntryStateTransitions" name="test_quarantine_entry_state_transitions[new-ignored-True]" time="0.001" /><testcase classname="tests.architecture.domain.test_aggregate_fsm_transitions.TestQuarantineEntryStateTransitions" name="test_quarantine_entry_state_transitions[new-reprocessed-True]" time="0.001" /><testcase classname="tests.architecture.domain.test_aggregate_fsm_transitions.TestQuarantineEntryStateTransitions" name="test_quarantine_entry_state_transitions[new-expired-True]" time="0.002" /><testcase classname="tests.architecture.domain.test_aggregate_fsm_transitions.TestQuarantineEntryStateTransitions" name="test_quarantine_entry_state_transitions[under_review-ignored-True]" time="0.001" /><testcase classname="tests.architecture.domain.test_aggregate_fsm_transitions.TestQuarantineEntryStateTransitions" name="test_quarantine_entry_state_transitions[under_review-reprocessed-True]" time="0.001" /><testcase classname="tests.architecture.domain.test_aggregate_fsm_transitions.TestQuarantineEntryStateTransitions" name="test_quarantine_entry_state_transitions[under_review-expired-True]" time="0.001" /><testcase classname="tests.architecture.domain.test_aggregate_fsm_transitions.TestQuarantineEntryStateTransitions" name="test_quarantine_entry_state_transitions[ignored-under_review-False]" time="0.001" /><testcase classname="tests.architecture.domain.test_aggregate_fsm_transitions.TestQuarantineEntryStateTransitions" name="test_quarantine_entry_state_transitions[reprocessed-under_review-False]" time="0.001" /><testcase classname="tests.architecture.domain.test_aggregate_fsm_transitions.TestQuarantineEntryStateTransitions" name="test_quarantine_entry_state_transitions[expired-under_review-False]" time="0.001" /><testcase classname="tests.architecture.domain.test_aggregate_fsm_transitions.TestQuarantineEntryStateTransitions" name="test_quarantine_entry_state_transitions[under_review-new-False]" time="0.001" /><testcase classname="tests.architecture.domain.test_aggregate_fsm_transitions.TestQuarantineEntryStateTransitions" name="test_quarantine_entry_state_transitions[ignored-new-False]" time="0.001" /><testcase classname="tests.architecture.domain.test_aggregate_fsm_transitions.TestQuarantineEntryStateTransitions" name="test_quarantine_entry_state_transitions[reprocessed-new-False]" time="0.001" /><testcase classname="tests.architecture.domain.test_aggregate_fsm_transitions.TestQuarantineEntryStateTransitions" name="test_quarantine_entry_state_transitions[expired-new-False]" time="0.001" /><testcase classname="tests.architecture.domain.test_aggregate_fsm_transitions.TestQuarantineEntryStateTransitions" name="test_quarantine_entry_state_transitions[ignored-reprocessed-False]" time="0.001" /><testcase classname="tests.architecture.domain.test_aggregate_fsm_transitions.TestQuarantineEntryStateTransitions" name="test_quarantine_entry_state_transitions[ignored-expired-False]" time="0.001" /><testcase classname="tests.architecture.domain.test_aggregate_fsm_transitions.TestQuarantineEntryStateTransitions" name="test_quarantine_entry_state_transitions[reprocessed-ignored-False]" time="0.001" /><testcase classname="tests.architecture.domain.test_aggregate_fsm_transitions.TestQuarantineEntryStateTransitions" name="test_quarantine_entry_state_transitions[reprocessed-expired-False]" time="0.001" /><testcase classname="tests.architecture.domain.test_aggregate_fsm_transitions.TestQuarantineEntryStateTransitions" name="test_quarantine_entry_state_transitions[expired-ignored-False]" time="0.001" /><testcase classname="tests.architecture.domain.test_aggregate_fsm_transitions.TestQuarantineEntryStateTransitions" name="test_quarantine_entry_state_transitions[expired-reprocessed-False]" time="0.001" /><testcase classname="tests.architecture.domain.test_aggregate_fsm_transitions.TestQuarantineEntryStateTransitions" name="test_quarantine_entry_state_transitions[new-new-False]" time="0.001" /><testcase classname="tests.architecture.domain.test_aggregate_fsm_transitions.TestQuarantineEntryStateTransitions" name="test_quarantine_entry_state_transitions[under_review-under_review-False]" time="0.001" /><testcase classname="tests.architecture.domain.test_aggregate_fsm_transitions.TestQuarantineEntryStateTransitions" name="test_quarantine_entry_state_transitions[ignored-ignored-False]" time="0.001" /><testcase classname="tests.architecture.domain.test_aggregate_fsm_transitions.TestQuarantineEntryStateTransitions" name="test_quarantine_entry_state_transitions[reprocessed-reprocessed-False]" time="0.001" /><testcase classname="tests.architecture.domain.test_aggregate_fsm_transitions.TestQuarantineEntryStateTransitions" name="test_quarantine_entry_state_transitions[expired-expired-False]" time="0.001" /><testcase classname="tests.architecture.domain.test_aggregate_fsm_transitions.TestAggregateInvariantConsistency" name="test_no_self_transitions_allowed" time="0.001" /><testcase classname="tests.architecture.domain.test_aggregate_fsm_transitions.TestAggregateInvariantConsistency" name="test_terminal_states_are_final" time="0.001" /><testcase classname="tests.architecture.domain.test_aggregate_fsm_transitions.TestAggregateInvariantConsistency" name="test_all_transitions_are_documented" time="0.002" /><testcase classname="tests.architecture.test_adapter_contracts.TestAdapterHealthCheck" name="test_adapters_have_health_check" time="0.015" /><testcase classname="tests.architecture.test_adapter_contracts.TestAdapterMixinPolicy" name="test_adapter_mixins_use_canonical_naming" time="0.001" /><testcase classname="tests.architecture.test_adapter_contracts.TestAdapterMixinPolicy" name="test_adapter_mixins_do_not_implement_health_check" time="0.002" /><testcase classname="tests.architecture.test_adapter_contracts.TestAdapterMixinPolicy" name="test_removed_legacy_mixin_shims_are_absent" time="0.001" /><testcase classname="tests.architecture.test_adapter_contracts.TestAdapterMixinPolicy" name="test_src_does_not_import_legacy_adapter_mixin_modules" time="0.667" /><testcase classname="tests.architecture.test_adapter_contracts.TestAdapterMixinPolicy" name="test_src_does_not_use_legacy_adapter_mixin_symbols" time="0.631" /><testcase classname="tests.architecture.test_adapter_contracts.TestAdapterPortCompliance" name="test_infrastructure_imports_domain_ports" time="0.002" /><testcase classname="tests.architecture.test_adapter_contracts.TestAdapterPortCompliance" name="test_filterable_adapters_implement_protocol" time="0.020" /><testcase classname="tests.architecture.test_adapter_contracts.TestAdapterPortCompliance" name="test_filterable_adapters_runtime_isinstance_protocol[bioetl.infrastructure.adapters.chembl.client-ChemblAdapter-bioetl/infrastructure/adapters/chembl/client.py-contract_markers0]" time="0.003" /><testcase classname="tests.architecture.test_adapter_contracts.TestAdapterPortCompliance" name="test_filterable_adapters_runtime_isinstance_protocol[bioetl.infrastructure.adapters.crossref.client-CrossRefAdapter-bioetl/infrastructure/adapters/crossref/client.py-contract_markers1]" time="0.002" /><testcase classname="tests.architecture.test_adapter_contracts.TestAdapterPortCompliance" name="test_filterable_adapters_runtime_isinstance_protocol[bioetl.infrastructure.adapters.openalex.client-OpenAlexAdapter-bioetl/infrastructure/adapters/openalex/client.py-contract_markers2]" time="0.002" /><testcase classname="tests.architecture.test_adapter_contracts.TestAdapterPortCompliance" name="test_filterable_adapters_runtime_isinstance_protocol[bioetl.infrastructure.adapters.pubmed-PubMedAdapter-bioetl/infrastructure/adapters/pubmed/adapter.py-contract_markers3]" time="0.002" /><testcase classname="tests.architecture.test_adapter_contracts.TestAdapterPortCompliance" name="test_filterable_adapters_runtime_isinstance_protocol[bioetl.infrastructure.adapters.pubchem.client-PubChemAdapter-bioetl/infrastructure/adapters/pubchem/client.py-contract_markers4]" time="0.002" /><testcase classname="tests.architecture.test_adapter_contracts.TestAdapterPortCompliance" name="test_filterable_adapters_runtime_isinstance_protocol[bioetl.infrastructure.adapters.semanticscholar-SemanticScholarAdapter-bioetl/infrastructure/adapters/semanticscholar/adapter.py-contract_markers5]" time="0.002" /><testcase classname="tests.architecture.test_adapter_contracts.TestAdapterPortCompliance" name="test_filterable_adapters_runtime_isinstance_protocol[bioetl.infrastructure.adapters.uniprot.client-UniProtAdapter-bioetl/infrastructure/adapters/uniprot/client.py-contract_markers6]" time="0.002" /><testcase classname="tests.architecture.test_adapter_contracts.TestAdapterPortCompliance" name="test_filtered_data_source_uses_isinstance" time="0.001" /><testcase classname="tests.architecture.test_adapter_contracts.TestAdapterPortCompliance" name="test_primary_adapter_classes_use_package_root_imports" time="2.326" /><testcase classname="tests.architecture.test_adapter_contracts.TestStorageWriterContracts" name="test_atomic_write_used_in_writers" time="0.002" /><testcase classname="tests.architecture.test_adapter_http_client_enforcement" name="test_runtime_adapters_use_sanctioned_http_surface_only" time="0.026" /><testcase classname="tests.architecture.test_adapter_port_conformance" name="test_infrastructure_adapter_signatures_conform_to_ports[BronzeWriter-&gt;BronzeStoragePort]" time="0.001" /><testcase classname="tests.architecture.test_adapter_port_conformance" name="test_infrastructure_adapter_signatures_conform_to_ports[SilverWriter-&gt;SilverStoragePort]" time="0.001" /><testcase classname="tests.architecture.test_adapter_port_conformance" name="test_infrastructure_adapter_signatures_conform_to_ports[GoldWriter-&gt;GoldStoragePort]" time="0.001" /><testcase classname="tests.architecture.test_adapter_port_conformance" name="test_infrastructure_adapter_signatures_conform_to_ports[NoOpLogger-&gt;LoggerPort]" time="0.001" /><testcase classname="tests.architecture.test_adapter_port_conformance" name="test_infrastructure_adapter_signatures_conform_to_ports[UnifiedLogger-&gt;LoggerPort]" time="0.001" /><testcase classname="tests.architecture.test_adapter_port_conformance" name="test_infrastructure_adapter_signatures_conform_to_ports[StructlogLogger-&gt;LoggerPort]" time="0.002" /><testcase classname="tests.architecture.test_adapter_port_conformance" name="test_infrastructure_adapter_signatures_conform_to_ports[CircuitBreakerGuard-&gt;CircuitBreakerPort]" time="0.001" /><testcase classname="tests.architecture.test_adapter_port_conformance" name="test_runtime_checkable_storage_ports_accept_real_adapters" time="0.026" /><testcase classname="tests.architecture.test_adapter_port_conformance" name="test_runtime_checkable_observability_ports_accept_real_adapters" time="0.001" /><testcase classname="tests.architecture.test_add_svg_text_fallback" name="test_build_fallback_text_emits_multiline_tspans" time="0.076" /><testcase classname="tests.architecture.test_add_svg_text_fallback" name="test_build_fallback_text_keeps_field_card_names_on_one_line" time="0.002" /><testcase classname="tests.architecture.test_add_svg_text_fallback" name="test_build_fallback_text_keeps_criteria_on_explicit_lines" time="0.002" /><testcase classname="tests.architecture.test_add_svg_text_fallback" name="test_add_fallbacks_replaces_old_single_line_text" time="0.005" /><testcase classname="tests.architecture.test_add_svg_text_fallback" name="test_sanitize_preserves_method_signature_parentheses" time="0.002" /><testcase classname="tests.architecture.test_add_svg_text_fallback" name="test_suffix_spacing_skips_methods_and_applies_for_titles" time="0.002" /><testcase classname="tests.architecture.test_add_svg_text_fallback" name="test_add_fallbacks_methods_group_keeps_method_format_and_supports_escaped_newline" time="0.004" /><testcase classname="tests.architecture.test_adr_enforcement_matrix" name="test_adr_enforcement_matrix_artifact_matches_live_generator" time="0.328" /><testcase classname="tests.architecture.test_adr_enforcement_matrix" name="test_accepted_adr_enforcement_matrix_has_no_unreviewed_gaps" time="0.002" /><testcase classname="tests.architecture.test_adr_enforcement_matrix" name="test_legacy_adr_enforcement_anchor_paths_exist" time="0.002" /><testcase classname="tests.architecture.test_adr_enforcement_matrix" name="test_adr_reference_index_uses_python_fallback_when_git_grep_fails" time="0.006" /><testcase classname="tests.architecture.test_adr_registry_governance_sync" name="test_adr_registry_mirrors_track_latest_decision_index" time="0.003" /><testcase classname="tests.architecture.test_adr_registry_governance_sync" name="test_rules_and_requirements_do_not_publish_stale_adr_ceiling" time="0.002" /><testcase classname="tests.architecture.test_adr_registry_governance_sync" name="test_filters_docs_keep_adr_050_as_canonical_boundary" time="0.001" /><testcase classname="tests.architecture.test_aggregate_boundaries.TestAggregateBoundaryIsolation" name="test_no_cross_aggregate_imports" time="0.002" /><testcase classname="tests.architecture.test_aggregate_boundaries.TestAggregateBoundaryIsolation" name="test_aggregates_use_id_types_for_references" time="0.016" /><testcase classname="tests.architecture.test_aggregate_boundaries.TestAggregateInvariantProtection" name="test_aggregates_have_validate_invariants" time="0.003" /><testcase classname="tests.architecture.test_aggregate_boundaries.TestAggregateInvariantProtection" name="test_aggregate_properties_return_immutable_collections" time="0.016" /><testcase classname="tests.architecture.test_aggregate_boundaries.TestDomainEventsForCoordination" name="test_aggregates_emit_domain_events" time="0.016" /><testcase classname="tests.architecture.test_aggregate_boundaries.TestDomainEventsForCoordination" name="test_batch_creation_and_sealing_events_are_aggregate_owned" time="0.771" /><testcase classname="tests.architecture.test_aggregate_boundaries.TestDomainEventsForCoordination" name="test_aggregates_have_collect_events_method" time="0.011" /><testcase classname="tests.architecture.test_aggregate_boundaries.TestAggregateConsistencyBoundary" name="test_aggregate_state_changes_through_methods_only" time="0.003" /><testcase classname="tests.architecture.test_aggregate_boundaries.TestAggregateConsistencyBoundary" name="test_aggregate_ids_are_immutable" time="0.003" /><testcase classname="tests.architecture.test_ai_runtime_governance_links" name="test_ai_runtime_governance_link_check_passes_current_repo" time="0.201" /><testcase classname="tests.architecture.test_ai_vibe_surface_contract" name="test_vibe_readme_prefers_top_level_ai_surface" time="0.002" /><testcase classname="tests.architecture.test_ai_vibe_surface_contract" name="test_vibe_module_router_compatibility_entrypoint_stays_retired" time="0.001" /><testcase classname="tests.architecture.test_antipatterns" name="test_no_sentinel_values" time="0.197" /><testcase classname="tests.architecture.test_antipatterns" name="test_no_print_in_production" time="0.181" /><testcase classname="tests.architecture.test_antipatterns" name="test_no_blocking_io_in_async" time="3.699" /><testcase classname="tests.architecture.test_any_budget" name="test_any_budget_threshold" time="0.392" /><testcase classname="tests.architecture.test_any_budget" name="test_any_budget_no_regression" time="0.380" /><testcase classname="tests.architecture.test_application_composite_public_surface_usage" name="test_application_composite_compat_surfaces_are_confined_in_src" time="0.836" /><testcase classname="tests.architecture.test_application_composite_public_surface_usage" name="test_application_composite_compat_surfaces_are_confined_in_tests" time="9.559" /><testcase classname="tests.architecture.test_application_composite_public_surface_usage" name="test_removed_application_composite_compat_shim_files_stay_absent" time="0.001" /><testcase classname="tests.architecture.test_application_composite_public_surface_usage" name="test_removed_application_composite_compat_shims_are_not_imported" time="0.963" /><testcase classname="tests.architecture.test_application_constructor_debt" name="test_application_core_constructors_do_not_accept_unbounded_legacy_kwargs" time="0.003" /><testcase classname="tests.architecture.test_application_core_lifecycle_boundary_usage" name="test_application_core_lifecycle_shim_files_have_been_removed" time="0.001" /><testcase classname="tests.architecture.test_application_core_lifecycle_boundary_usage" name="test_application_core_lifecycle_shims_are_not_used_in_src" time="1.379" /><testcase classname="tests.architecture.test_application_core_lifecycle_boundary_usage" name="test_application_core_lifecycle_shims_are_not_used_in_tests" time="2.350" /><testcase classname="tests.architecture.test_application_services_facade_usage" name="test_removed_application_services_facade_file_stays_absent" time="0.002" /><testcase classname="tests.architecture.test_application_services_facade_usage" name="test_removed_application_services_facade_is_not_used_in_src" time="1.413" /><testcase classname="tests.architecture.test_application_services_facade_usage" name="test_removed_application_services_facade_is_not_used_in_tests" time="2.260" /><testcase classname="tests.architecture.test_application_services_lazy_facade_governance" name="test_package_root_import_prefilter_accepts_exact_root_imports" time="0.002" /><testcase classname="tests.architecture.test_application_services_lazy_facade_governance" name="test_package_root_import_prefilter_ignores_submodule_imports" time="0.001" /><testcase classname="tests.architecture.test_application_services_lazy_facade_governance" name="test_windows_mnt_checkout_prefers_python_scan" time="0.001" /><testcase classname="tests.architecture.test_application_services_lazy_facade_governance" name="test_temp_output_cleanup_does_not_mask_windows_file_lock" time="0.001" /><testcase classname="tests.architecture.test_application_services_lazy_facade_governance" name="test_candidate_source_read_does_not_spawn_subprocess_for_prefiltered_file" time="0.003" /><testcase classname="tests.architecture.test_application_services_lazy_facade_governance" name="test_windows_subprocess_kwargs_hide_command_windows" time="0.001" /><testcase classname="tests.architecture.test_application_services_lazy_facade_governance" name="test_application_services_package_root_has_zero_first_party_src_callers" time="0.282" /><testcase classname="tests.architecture.test_application_services_lazy_facade_governance" name="test_application_services_package_root_test_import_inventory_is_frozen" time="0.226" /><testcase classname="tests.architecture.test_application_services_lazy_facade_governance" name="test_application_services_package_root_inventory_avoids_direct_module_imports" time="0.001" /><testcase classname="tests.architecture.test_architecture_acceptance_baseline" name="test_acceptance_baseline_file_is_present_and_scoped" time="0.008" /><testcase classname="tests.architecture.test_architecture_acceptance_baseline" name="test_acceptance_baseline_points_to_existing_source_of_truth_artifacts" time="0.007" /><testcase classname="tests.architecture.test_architecture_acceptance_baseline" name="test_acceptance_baseline_declares_expected_curated_criteria" time="0.007" /><testcase classname="tests.architecture.test_architecture_acceptance_baseline" name="test_acceptance_baseline_rows_reference_existing_artifacts" time="0.009" /><testcase classname="tests.architecture.test_architecture_acceptance_baseline" name="test_acceptance_baseline_code_anchors_match_current_runtime_contract" time="0.008" /><testcase classname="tests.architecture.test_architecture_acceptance_baseline" name="test_acceptance_baseline_keeps_removed_value_object_manifest_absent" time="0.007" /><testcase classname="tests.architecture.test_architecture_audit_closeout_gates" name="test_h1_export_options_default_to_deterministic_manifest_timestamp" time="0.001" /><testcase classname="tests.architecture.test_architecture_audit_closeout_gates" name="test_h1_resolve_generated_at_requires_explicit_timestamp_by_default" time="0.001" /><testcase classname="tests.architecture.test_architecture_audit_closeout_gates" name="test_h1_resolve_generated_at_uses_clock_port_when_opted_in" time="0.001" /><testcase classname="tests.architecture.test_architecture_audit_closeout_gates" name="test_h1_export_identity_has_no_direct_datetime_now" time="0.002" /><testcase classname="tests.architecture.test_architecture_audit_closeout_gates" name="test_h2_silver_ownership_inventory_covers_pipeline_providers" time="0.006" /><testcase classname="tests.architecture.test_architecture_audit_closeout_gates" name="test_h2_pandera_silver_validator_defaults_to_strict" time="0.001" /><testcase classname="tests.architecture.test_architecture_audit_closeout_gates" name="test_h3_gold_replay_matrix_covers_all_pipelines" time="0.006" /><testcase classname="tests.architecture.test_architecture_audit_closeout_gates" name="test_m1_bronze_append_only_enforcement_present" time="0.003" /><testcase classname="tests.architecture.test_architecture_audit_closeout_gates" name="test_m2_production_provenance_required_fields_documented" time="0.001" /><testcase classname="tests.architecture.test_architecture_audit_closeout_gates" name="test_m2_validate_production_provenance_fail_closed" time="0.001" /><testcase classname="tests.architecture.test_architecture_audit_closeout_gates" name="test_m3_gold_schemas_inherit_strict_base" time="0.001" /><testcase classname="tests.architecture.test_architecture_audit_closeout_gates" name="test_m4_governance_refresh_recipe_surfaces_exist" time="0.001" /><testcase classname="tests.architecture.test_architecture_audit_closeout_gates" name="test_m5_composition_ownership_map_and_no_business_transformers" time="0.236" /><testcase classname="tests.architecture.test_architecture_audit_closeout_gates" name="test_m6_quarantine_storage_is_append_only" time="0.003" /><testcase classname="tests.architecture.test_architecture_audit_rebaseline" name="test_current_architecture_runtime_surfaces_exist" time="0.002" /><testcase classname="tests.architecture.test_architecture_audit_rebaseline" name="test_stale_audit_greenfield_and_legacy_paths_stay_absent" time="0.001" /><testcase classname="tests.architecture.test_architecture_closeout_inventory" name="test_closeout_inventory_exists_and_classifies_policy" time="0.028" /><testcase classname="tests.architecture.test_architecture_closeout_inventory" name="test_closeout_files_are_inventoried_or_default_fold" time="0.032" /><testcase classname="tests.architecture.test_architecture_debt_agent_surface" name="test_architecture_debt_runtime_surfaces_exist" time="0.001" /><testcase classname="tests.architecture.test_architecture_debt_agent_surface" name="test_architecture_debt_codex_skill_is_self_contained" time="0.001" /><testcase classname="tests.architecture.test_architecture_debt_agent_surface" name="test_codex_agent_routes_config_writes_via_py_config_bot" time="0.001" /><testcase classname="tests.architecture.test_architecture_debt_agent_surface" name="test_historical_prompts_reference_new_runtime_surface" time="0.001" /><testcase classname="tests.architecture.test_architecture_dependency_docs_drift" name="test_dependency_map_script_exists" time="0.001" /><testcase classname="tests.architecture.test_architecture_dependency_docs_drift" name="test_mkdocs_nav_includes_dependency_map" time="0.001" /><testcase classname="tests.architecture.test_architecture_dependency_docs_drift" name="test_docs_workflow_checks_dependency_map_drift" time="0.001" /><testcase classname="tests.architecture.test_architecture_dependency_docs_drift" name="test_docs_workflow_autogen_dependency_map_on_pr" time="0.001" /><testcase classname="tests.architecture.test_architecture_dependency_docs_drift" name="test_tests_workflow_checks_dependency_map_drift" time="0.001" /><testcase classname="tests.architecture.test_architecture_dependency_docs_drift" name="test_pre_commit_checks_dependency_map_drift" time="0.001" /><testcase classname="tests.architecture.test_architecture_dependency_docs_drift" name="test_nightly_workflow_regenerates_dependency_map" time="0.001" /><testcase classname="tests.architecture.test_architecture_dependency_docs_drift" name="test_dependency_map_drift_check_passes_current_repo" time="0.001"><skipped type="pytest.skip" message="Skipped on Windows due to filesystem performance">E:\g-drive\05_AI\github\BioactivityDataAcquisition2\tests\architecture\test_architecture_dependency_docs_drift.py:89: Skipped on Windows due to filesystem performance</skipped></testcase><testcase classname="tests.architecture.test_architecture_dependency_docs_drift" name="test_dependency_map_check_explains_source_fingerprint_only_drift" time="0.013" /><testcase classname="tests.architecture.test_architecture_dependency_docs_drift" name="test_dependency_map_generated_markdown_uses_canonical_generator_path" time="0.001" /><testcase classname="tests.architecture.test_architecture_dependency_docs_drift" name="test_dependency_map_generated_markdown_declares_scope_boundary" time="0.001" /><testcase classname="tests.architecture.test_architecture_scan_index_policy" name="test_architecture_scan_index_fixtures_are_registered" time="0.002" /><testcase classname="tests.architecture.test_architecture_scan_index_policy" name="test_migration_targets_prefer_shared_index_or_bounded_paths" time="0.002" /><testcase classname="tests.architecture.test_artifact_duplication_audit" name="test_artifact_duplication_audit_report_matches_live_collector" time="0.171" /><testcase classname="tests.architecture.test_artifact_duplication_audit" name="test_artifact_duplication_audit_is_registered_for_jscpd_blind_spot" time="0.077" /><testcase classname="tests.architecture.test_artifact_duplication_audit" name="test_qa_router_exposes_artifact_duplication_audit_command" time="0.001" /><testcase classname="tests.architecture.test_artifact_duplication_audit" name="test_governance_preflight_runs_artifact_duplication_audit_gate" time="0.050" /><testcase classname="tests.architecture.test_base_pipeline_purity" name="test_base_pipeline_does_not_have_gold_methods" time="0.002" /><testcase classname="tests.architecture.test_base_pipeline_purity" name="test_base_pipeline_does_not_have_gold_constants" time="0.002" /><testcase classname="tests.architecture.test_batch_transformer_helpers_boundary_usage" name="test_batch_transformer_helpers_shim_file_has_been_removed" time="0.001" /><testcase classname="tests.architecture.test_batch_transformer_helpers_boundary_usage" name="test_batch_transformer_helpers_shim_is_not_used_in_src" time="1.345" /><testcase classname="tests.architecture.test_batch_transformer_helpers_boundary_usage" name="test_batch_transformer_helpers_shim_is_not_used_in_tests" time="2.434" /><testcase classname="tests.architecture.test_behavior_retirement_ledger_governance" name="test_behavior_retirement_ledger_exists_and_is_valid" time="0.005" /><testcase classname="tests.architecture.test_behavior_retirement_ledger_governance" name="test_behavior_retirement_ledger_entries_have_required_fields" time="0.005" /><testcase classname="tests.architecture.test_bootstrap_layer_boundaries.TestBootstrapLayerBoundaries" name="test_runtime_does_not_import_cli" time="0.007" /><testcase classname="tests.architecture.test_bootstrap_layer_boundaries.TestBootstrapLayerBoundaries" name="test_bootstrap_package_structure_exists" time="0.001" /><testcase classname="tests.architecture.test_bootstrap_layer_boundaries.TestBootstrapLayerBoundaries" name="test_assembly_has_no_noop_imports" time="0.003" /><testcase classname="tests.architecture.test_bootstrap_layer_boundaries.TestBootstrapLayerBoundaries" name="test_cli_modules_use_noop_logger" time="0.003" /><testcase classname="tests.architecture.test_bootstrap_layer_boundaries.TestBootstrapLayerBoundaries" name="test_runtime_observability_uses_full_stack" time="0.001" /><testcase classname="tests.architecture.test_bootstrap_layer_boundaries.TestBootstrapLayerBoundaries" name="test_cli_can_import_runtime" time="0.001" /><testcase classname="tests.architecture.test_bootstrap_layer_boundaries.TestBootstrapLayerBoundaries" name="test_backward_compatibility_re_exports" time="0.001" /><testcase classname="tests.architecture.test_bootstrap_layer_boundaries.TestBootstrapFunctionCategorization" name="test_cli_functions_in_cli_package" time="0.001" /><testcase classname="tests.architecture.test_bootstrap_layer_boundaries.TestBootstrapFunctionCategorization" name="test_runtime_functions_in_runtime_package" time="0.001" /><testcase classname="tests.architecture.test_bootstrap_layer_boundaries.TestBootstrapFunctionCategorization" name="test_assembly_functions_in_assembly_package" time="0.002" /><testcase classname="tests.architecture.test_boundary_assertions.TestBoundaryAssertionsExist" name="test_factory_contains_isinstance_assertion[factories/services/port_factories.py::create_lock]" time="0.002" /><testcase classname="tests.architecture.test_boundary_assertions.TestBoundaryAssertionsExist" name="test_factory_contains_isinstance_assertion[factories/services/port_factories.py::create_checkpoint]" time="0.002" /><testcase classname="tests.architecture.test_boundary_assertions.TestBoundaryAssertionsExist" name="test_factory_contains_isinstance_assertion[factories/services/port_factories.py::create_quarantine]" time="0.002" /><testcase classname="tests.architecture.test_boundary_assertions.TestBoundaryAssertionsExist" name="test_factory_contains_isinstance_assertion[factories/services/port_factories.py::create_metrics]" time="0.002" /><testcase classname="tests.architecture.test_boundary_assertions.TestBoundaryAssertionsExist" name="test_factory_contains_isinstance_assertion[factories/datasource/data_source_factory.py::create]" time="0.003" /><testcase classname="tests.architecture.test_boundary_assertions.TestBoundaryAssertionsExist" name="test_factory_contains_isinstance_assertion[bootstrap/assembly/checkpoint.py::bootstrap_quarantine_adapter]" time="0.003" /><testcase classname="tests.architecture.test_boundary_assertions.TestBoundaryAssertionsExist" name="test_factory_contains_isinstance_assertion[bootstrap/assembly/checkpoint.py::bootstrap_checkpoint_adapter]" time="0.002" /><testcase classname="tests.architecture.test_boundary_assertions.TestBoundaryAssertionsSufficiency" name="test_minimum_assertion_count" time="0.002" /><testcase classname="tests.architecture.test_bronze_fixture_replay_baseline" name="test_replay_critical_families_are_promoted_to_tracked_ci_samples" time="0.023" /><testcase classname="tests.architecture.test_bronze_fixture_replay_baseline" name="test_exact_replay_supported_families_have_bronze_fixture_evidence" time="0.022" /><testcase classname="tests.architecture.test_bronze_fixture_replay_baseline" name="test_replay_critical_families_keep_ci_visible_consumer_paths" time="0.002" /><testcase classname="tests.architecture.test_bronze_metadata_builder_guardrails" name="test_runtime_code_does_not_import_legacy_bronze_metadata_builders_directly" time="0.003" /><testcase classname="tests.architecture.test_c901_governance" name="test_c901_governance_job_is_declared_in_workflow" time="0.001" /><testcase classname="tests.architecture.test_c901_governance" name="test_import_linter_contracts_are_declared_as_blocking_workflow_step" time="0.001" /><testcase classname="tests.architecture.test_c901_governance" name="test_c901_baseline_manifest_contains_expected_count" time="0.001" /><testcase classname="tests.architecture.test_c901_governance" name="test_c901_baseline_entries_are_unique" time="0.001" /><testcase classname="tests.architecture.test_check_diagram_visual_smoke" name="test_load_manifest_rejects_absolute_entries" time="0.057" /><testcase classname="tests.architecture.test_check_diagram_visual_smoke" name="test_load_manifest_rejects_parent_traversal_entries" time="0.003" /><testcase classname="tests.architecture.test_check_diagram_visual_smoke" name="test_build_report_payload_records_visual_smoke_summary" time="0.002" /><testcase classname="tests.architecture.test_check_diagram_visual_smoke" name="test_write_json_report_creates_parent_directory" time="0.005" /><testcase classname="tests.architecture.test_check_diagram_visual_smoke" name="test_main_writes_failed_json_report_when_baseline_changed" time="0.006" /><testcase classname="tests.architecture.test_check_doc_links_guardrails" name="test_iter_python_fence_lines_extracts_python_blocks_only" time="0.037" /><testcase classname="tests.architecture.test_check_doc_links_guardrails" name="test_python_snippet_guardrails_detect_known_invalid_tokens" time="0.001" /><testcase classname="tests.architecture.test_check_doc_links_guardrails" name="test_python_snippet_guardrails_detect_renamed_files" time="0.001" /><testcase classname="tests.architecture.test_check_doc_links_guardrails" name="test_python_snippet_guardrails_allow_explicit_legacy_marker" time="0.001" /><testcase classname="tests.architecture.test_check_doc_links_guardrails" name="test_path_contracts_allow_canonical_requirements_link" time="0.002" /><testcase classname="tests.architecture.test_check_doc_links_guardrails" name="test_path_contracts_detect_noncanonical_requirements_link" time="0.002" /><testcase classname="tests.architecture.test_check_doc_links_guardrails" name="test_path_contracts_detect_noncanonical_governance_link" time="0.002" /><testcase classname="tests.architecture.test_check_doc_links_guardrails" name="test_runbook_governance_accepts_rollup_rollback_recovery_heading" time="0.001" /><testcase classname="tests.architecture.test_check_doc_links_guardrails" name="test_drift_rules_include_legacy_run_flag_and_path_tokens" time="0.001" /><testcase classname="tests.architecture.test_check_doc_links_guardrails" name="test_legacy_system_meta_field_rule_ignores_cli_double_dash_flags" time="0.001" /><testcase classname="tests.architecture.test_check_doc_links_guardrails" name="test_not_in_nav_baseline_file_exists" time="0.001" /><testcase classname="tests.architecture.test_check_doc_links_guardrails" name="test_not_in_nav_growth_guard_passes_for_current_repo" time="0.204" /><testcase classname="tests.architecture.test_check_doc_links_guardrails" name="test_not_in_nav_growth_excludes_reports_prefixes" time="0.003" /><testcase classname="tests.architecture.test_check_doc_links_guardrails" name="test_control_plane_contract_governance_detects_compatibility_facade_paths" time="0.003" /><testcase classname="tests.architecture.test_check_doc_links_guardrails" name="test_collect_link_scan_files_keeps_nav_docs_without_prechecking_existence" time="0.003" /><testcase classname="tests.architecture.test_check_doc_links_guardrails" name="test_has_any_heading_accepts_cli_inspection_alias" time="0.001" /><testcase classname="tests.architecture.test_check_doc_links_guardrails" name="test_control_plane_contract_files_include_run_manifest_ledger" time="0.003" /><testcase classname="tests.architecture.test_check_doc_links_guardrails" name="test_control_plane_contract_governance_passes_current_repo" time="0.005" /><testcase classname="tests.architecture.test_check_doc_links_guardrails" name="test_load_nav_docs_ignores_exclude_docs_entries" time="0.003" /><testcase classname="tests.architecture.test_check_doc_links_guardrails" name="test_not_in_nav_growth_detects_increase_against_reduced_baseline" time="0.352" /><testcase classname="tests.architecture.test_check_doc_links_guardrails" name="test_gold_contract_index_matches_exports" time="0.003" /><testcase classname="tests.architecture.test_check_doc_links_guardrails" name="test_github_actions_workflow_inventory_matches_live_repo" time="0.003" /><testcase classname="tests.architecture.test_check_doc_links_guardrails" name="test_workflow_inventory_keeps_scheduled_only_workflows_out_of_pr_push_section" time="0.001" /><testcase classname="tests.architecture.test_check_doc_links_guardrails" name="test_chembl_provider_overview_matches_active_config_inventory" time="0.002" /><testcase classname="tests.architecture.test_checkpoint_policy_retired_modes_surface" name="test_active_checkpoint_policy_surfaces_do_not_expose_removed_legacy_modes" time="0.002" /><testcase classname="tests.architecture.test_checkpoint_runtime_facade_usage" name="test_checkpoint_compatibility_runtime_facade_file_stays_absent" time="0.001" /><testcase classname="tests.architecture.test_checkpoint_runtime_facade_usage" name="test_checkpoint_compatibility_runtime_facade_import_fails" time="0.001" /><testcase classname="tests.architecture.test_checkpoint_runtime_facade_usage" name="test_checkpoint_compatibility_runtime_facade_is_not_used_in_src" time="0.564" /><testcase classname="tests.architecture.test_checkpoint_runtime_facade_usage" name="test_checkpoint_compatibility_runtime_facade_is_not_used_in_tests" time="0.552" /><testcase classname="tests.architecture.test_chembl_baseline_smoke_workflow" name="test_chembl_baseline_smoke_workflow_exists_and_supports_ci_entrypoints" time="0.001" /><testcase classname="tests.architecture.test_chembl_baseline_smoke_workflow" name="test_chembl_baseline_smoke_workflow_pins_runner_permissions_and_concurrency" time="0.010" /><testcase classname="tests.architecture.test_chembl_baseline_smoke_workflow" name="test_chembl_baseline_smoke_workflow_covers_python_312_and_313" time="0.009" /><testcase classname="tests.architecture.test_chembl_baseline_smoke_workflow" name="test_chembl_baseline_smoke_workflow_uses_pinned_artifacts_and_summary" time="0.001" /><testcase classname="tests.architecture.test_chembl_derived_vocabulary_policy" name="test_derived_vocabulary_policy_metadata_exists_and_documents_sidecars[configs/entities/chembl/assay_parameters.yaml-assay_parameter_type_policy-raw_plus_canonical_controlled_vocabulary-type_raw-type]" time="0.023" /><testcase classname="tests.architecture.test_chembl_derived_vocabulary_policy" name="test_derived_vocabulary_policy_metadata_exists_and_documents_sidecars[configs/entities/chembl/subcellular_fraction.yaml-subcellular_fraction_policy-raw_plus_canonical_derived_vocabulary-subcellular_fraction_raw-subcellular_fraction]" time="0.013" /><testcase classname="tests.architecture.test_chembl_json_ordering_hash_migration" name="test_chembl_json_ordering_policy_changes_require_explicit_version_and_hash_review" time="0.001" /><testcase classname="tests.architecture.test_chembl_protein_classification_contracts" name="test_chembl_target_hash_excludes_protein_classification_summary" time="0.017" /><testcase classname="tests.architecture.test_chembl_protein_classification_contracts" name="test_target_protein_classification_hash_includes_path_first_fields" time="0.013" /><testcase classname="tests.architecture.test_chembl_publication_subset_policy.TestGlobalPublicationTaxonomy" name="test_global_publication_taxonomy_is_broad" time="0.010" /><testcase classname="tests.architecture.test_chembl_publication_subset_policy.TestGlobalPublicationTaxonomy" name="test_global_taxonomy_documentation_exists" time="0.001" /><testcase classname="tests.architecture.test_chembl_publication_subset_policy.TestChEMBLSourceSpecificSubset" name="test_chembl_subset_is_proper_subset_of_global" time="0.019" /><testcase classname="tests.architecture.test_chembl_publication_subset_policy.TestChEMBLSourceSpecificSubset" name="test_chembl_subset_metadata_exists" time="0.004" /><testcase classname="tests.architecture.test_chembl_publication_subset_policy.TestChEMBLSourceSpecificSubset" name="test_chembl_filter_policy_metadata_exists" time="0.003" /><testcase classname="tests.architecture.test_chembl_publication_subset_policy.TestChEMBLSourceSpecificSubset" name="test_field_semantics_documentation_exists" time="0.004" /><testcase classname="tests.architecture.test_chembl_publication_subset_policy.TestPythonConstantsSync" name="test_python_publication_types_match_global_enum" time="0.001" /><testcase classname="tests.architecture.test_chembl_publication_subset_policy.TestFilterSubsetGovernance" name="test_silver_filter_does_not_carry_publication_type_subset" time="0.001" /><testcase classname="tests.architecture.test_chembl_publication_subset_policy.TestFilterSubsetGovernance" name="test_gold_filter_is_subset_of_global" time="0.001" /><testcase classname="tests.architecture.test_chembl_publication_subset_policy.TestFilterSubsetGovernance" name="test_filter_comments_document_source_specific_scope" time="0.004" /><testcase classname="tests.architecture.test_ci_coverage_surface_matrix.TestCiCoverageSurfaceMatrix" name="test_ci_coverage_surface_matrix_is_present_and_scoped" time="0.008" /><testcase classname="tests.architecture.test_ci_coverage_surface_matrix.TestCiCoverageSurfaceMatrix" name="test_ci_coverage_surface_matrix_tracks_expected_major_lanes" time="0.009" /><testcase classname="tests.architecture.test_ci_coverage_surface_matrix.TestCiCoverageSurfaceMatrix" name="test_workflow_and_matrix_agree_on_coverage_roles" time="0.008" /><testcase classname="tests.architecture.test_ci_coverage_surface_matrix.TestCiCoverageSurfaceMatrix" name="test_workflow_contains_expected_artifacts_and_exclusions" time="0.008" /><testcase classname="tests.architecture.test_ci_coverage_surface_matrix.TestCiCoverageSurfaceMatrix" name="test_excluded_confidence_lanes_have_blocking_assertions" time="0.008"><failure message="AssertionError: workflow is missing mapped job 'contract-confidence'&#10;assert None">#x1B[1m#x1B[31mE   AssertionError: workflow is missing mapped job 'contract-confidence'#x1B[0m
#x1B[1m#x1B[31m    assert None#x1B[0m</failure></testcase><testcase classname="tests.architecture.test_ci_coverage_surface_matrix.TestCiCoverageSurfaceMatrix" name="test_coverage_shard_python_versions_match_workflow" time="0.008" /><testcase classname="tests.architecture.test_ci_heavy_lane_rebalance.TestCiHeavyLaneRebalance" name="test_policy_declares_heavy_lane_inventory_and_success_metrics" time="0.008" /><testcase classname="tests.architecture.test_ci_heavy_lane_rebalance.TestCiHeavyLaneRebalance" name="test_declared_heavy_lanes_exist_in_workflow" time="0.008"><failure message="AssertionError: assert '    track-d-gates:' in '# Note: Previously had a duplicate in project-automation.yml (removed)\nname: Tests\n\non:\n  push:\n    branches: [m...lemetry\n          path: reports/quality/test-runs/\n          if-no-files-found: warn\n          retention-days: 14\n'">#x1B[1m#x1B[31mE   AssertionError: assert '    track-d-gates:' in '# Note: Previously had a duplicate in project-automation.yml (removed)\nname: Tests\n\non:\n  push:\n    branches: [m...lemetry\n          path: reports/quality/test-runs/\n          if-no-files-found: warn\n          retention-days: 14\n'#x1B[0m</failure></testcase><testcase classname="tests.architecture.test_ci_heavy_lane_rebalance.TestCiHeavyLaneRebalance" name="test_track_d_gate_contains_only_runtime_linkage_suite" time="0.009"><failure message="AssertionError: workflow is missing job 'track-d-gates'&#10;assert None">#x1B[1m#x1B[31mE   AssertionError: workflow is missing job 'track-d-gates'#x1B[0m
#x1B[1m#x1B[31m    assert None#x1B[0m</failure></testcase><testcase classname="tests.architecture.test_ci_heavy_lane_rebalance.TestCiHeavyLaneRebalance" name="test_coverage_verify_remains_serial_subset_not_full_suite_rerun" time="0.009"><failure message="AssertionError: workflow is missing job 'coverage-verify'&#10;assert None">#x1B[1m#x1B[31mE   AssertionError: workflow is missing job 'coverage-verify'#x1B[0m
#x1B[1m#x1B[31m    assert None#x1B[0m</failure></testcase><testcase classname="tests.architecture.test_ci_heavy_lane_rebalance.TestCiHeavyLaneRebalance" name="test_memory_and_performance_lanes_stay_isolated" time="0.008"><failure message="AssertionError: workflow is missing job 'memory-tests'&#10;assert None">#x1B[1m#x1B[31mE   AssertionError: workflow is missing job 'memory-tests'#x1B[0m
#x1B[1m#x1B[31m    assert None#x1B[0m</failure></testcase><testcase classname="tests.architecture.test_ci_heavy_lane_rebalance.TestCiHeavyLaneRebalance" name="test_duration_telemetry_consumes_rebalanced_lane_artifacts" time="0.008"><failure message="AssertionError: workflow is missing job 'duration-telemetry'&#10;assert None">#x1B[1m#x1B[31mE   AssertionError: workflow is missing job 'duration-telemetry'#x1B[0m
#x1B[1m#x1B[31m    assert None#x1B[0m</failure></testcase><testcase classname="tests.architecture.test_ci_test_strategy" name="test_coverage_job_combines_shard_coverage_and_runs_serial_pass" time="0.002" /><testcase classname="tests.architecture.test_ci_test_strategy" name="test_parallel_ci_jobs_exclude_serial_marker" time="0.001"><failure message="ValueError: substring not found">#x1B[1m#x1B[31mE   ValueError: substring not found#x1B[0m</failure></testcase><testcase classname="tests.architecture.test_ci_test_strategy" name="test_tests_workflow_splits_heavy_preflight_from_dependency_smoke" time="0.001" /><testcase classname="tests.architecture.test_ci_test_strategy" name="test_tests_workflow_publishes_duration_telemetry_artifact" time="0.001" /><testcase classname="tests.architecture.test_ci_test_strategy" name="test_tests_workflow_publishes_test_health_telemetry_artifact" time="0.001"><failure message="AssertionError: duration-telemetry must run even when upstream test jobs fail&#10;assert 'duration-telemetry:\n        if: always()' in '# Note: Previously had a duplicate in project-automation.yml (removed)\nname: Tests\n\non:\n  push:\n    branches: [m...lemetry\n          path: reports/quality/test-runs/\n          if-no-files-found: warn\n          retention-days: 14\n'">#x1B[1m#x1B[31mE   AssertionError: duration-telemetry must run even when upstream test jobs fail#x1B[0m
#x1B[1m#x1B[31m    assert 'duration-telemetry:\n        if: always()' in '# Note: Previously had a duplicate in project-automation.yml (removed)\nname: Tests\n\non:\n  push:\n    branches: [m...lemetry\n          path: reports/quality/test-runs/\n          if-no-files-found: warn\n          retention-days: 14\n'#x1B[0m</failure></testcase><testcase classname="tests.architecture.test_ci_test_strategy" name="test_tests_workflow_has_dedicated_memory_lane_outside_coverage" time="0.001" /><testcase classname="tests.architecture.test_ci_test_strategy" name="test_tests_workflow_has_dedicated_contract_confidence_lane_outside_coverage" time="0.001" /><testcase classname="tests.architecture.test_ci_test_strategy" name="test_local_confidence_gate_keeps_lanes_separate_and_enforces_85_percent" time="0.001" /><testcase classname="tests.architecture.test_ci_test_strategy" name="test_tests_workflow_publishes_empirical_flaky_telemetry" time="0.001"><failure message="ValueError: substring not found">#x1B[1m#x1B[31mE   ValueError: substring not found#x1B[0m</failure></testcase><testcase classname="tests.architecture.test_cli_command_import_guards" name="test_non_cli_source_avoids_interfaces_package_root_convenience_imports" time="0.070" /><testcase classname="tests.architecture.test_cli_command_import_guards" name="test_non_cli_source_keeps_retained_public_cli_seams_outside_runtime_code" time="0.072" /><testcase classname="tests.architecture.test_closeout_ratchet_triage" name="test_closeout_ratchets_are_fully_classified" time="0.068" /><testcase classname="tests.architecture.test_closeout_ratchet_triage" name="test_closeout_ratchet_entries_are_live_and_actionable" time="0.036" /><testcase classname="tests.architecture.test_closeout_ratchet_triage" name="test_closeout_ratchet_policy_does_not_allow_stale_historical_tests" time="0.033" /><testcase classname="tests.architecture.test_closeout_ratchet_triage" name="test_closeout_retention_summary_matches_live_inventory" time="0.066" /><testcase classname="tests.architecture.test_code_metrics.TestFileSizeLimits" name="test_domain_files_under_limit" time="0.100" /><testcase classname="tests.architecture.test_code_metrics.TestFileSizeLimits" name="test_application_files_under_limit" time="0.096" /><testcase classname="tests.architecture.test_code_metrics.TestFileSizeLimits" name="test_composition_files_under_limit" time="0.077" /><testcase classname="tests.architecture.test_code_metrics.TestFileSizeLimits" name="test_infrastructure_files_under_limit" time="0.100" /><testcase classname="tests.architecture.test_code_metrics.TestFileSizeLimits" name="test_interfaces_files_under_limit" time="0.069" /><testcase classname="tests.architecture.test_code_metrics.TestFunctionComplexity" name="test_domain_complexity" time="0.944" /><testcase classname="tests.architecture.test_code_metrics.TestFunctionComplexity" name="test_application_complexity" time="1.236" /><testcase classname="tests.architecture.test_code_metrics.TestFunctionComplexity" name="test_infrastructure_complexity" time="1.152" /><testcase classname="tests.architecture.test_code_metrics.TestFunctionLength" name="test_functions_under_100_lines" time="1.716" /><testcase classname="tests.architecture.test_code_metrics.TestClassSize" name="test_classes_under_300_lines" time="0.954" /><testcase classname="tests.architecture.test_code_metrics.TestClassSize" name="test_classes_under_20_methods" time="0.936" /><testcase classname="tests.architecture.test_code_metrics.TestGodObjectDetection" name="test_large_classes_have_delegation" time="0.876" /><testcase classname="tests.architecture.test_codex_agent_catalog_inventory" name="test_tracked_py_agent_profiles_match_active_inventory" time="0.002" /><testcase classname="tests.architecture.test_codex_agent_catalog_inventory" name="test_orchestration_mentions_every_active_profile" time="0.001" /><testcase classname="tests.architecture.test_codex_agent_catalog_inventory" name="test_agent_readme_lists_nine_active_and_marks_sp_docs_only" time="0.002" /><testcase classname="tests.architecture.test_codex_launcher_bootstrap" name="test_wsl_launchers_use_local_bootstrap_helper" time="0.002" /><testcase classname="tests.architecture.test_codex_launcher_bootstrap" name="test_windows_launchers_delegate_to_wsl_scripts_without_posix_redirects" time="0.001" /><testcase classname="tests.architecture.test_codex_launcher_bootstrap" name="test_windows_compatibility_wrappers_delegate_to_existing_targets" time="0.002" /><testcase classname="tests.architecture.test_codex_launcher_bootstrap" name="test_wsl_setup_uses_local_update_path" time="0.001" /><testcase classname="tests.architecture.test_codex_launcher_bootstrap" name="test_removed_thin_wrappers_are_absent_and_router_uses_canonical_targets" time="0.002" /><testcase classname="tests.architecture.test_codex_launcher_bootstrap" name="test_powershell_codex_launcher_is_thin_transport_to_canonical_wsl_entrypoint" time="0.001" /><testcase classname="tests.architecture.test_codex_skill_agent_links" name="test_codex_skills_must_not_reference_ai_claude_runtime_tree" time="0.010" /><testcase classname="tests.architecture.test_codex_skill_agent_links" name="test_codex_skill_frontmatter_names_match_directory_names" time="0.021" /><testcase classname="tests.architecture.test_codex_skill_agent_links" name="test_codex_skill_markdown_links_resolve" time="0.024" /><testcase classname="tests.architecture.test_codex_skill_agent_links" name="test_codex_active_skills_have_openai_metadata_or_explicit_tombstone" time="0.037" /><testcase classname="tests.architecture.test_codex_skill_agent_links" name="test_codex_project_skills_do_not_have_user_global_duplicates" time="0.056"><skipped type="pytest.skip" message="User-global BioETL skills shadow project skills: capability-discovery, collecting-evidence, create-pr, deep-research, documentation-audit, documentation-cascade-audit, generating-constrained-specs, initializing-ledger, making-decisions, nci-analysis, new-pipeline, py-audit-bot, py-code-bot, py-config-bot, py-debug-bot, py-doc-bot, py-plan-bot, py-review-orchestrator, py-test-bot, py-test-swarm, repo-config, suggest-users, synthesizing-pillars, technical-designer-mermaid, vcr-record, verify-architecture. This is a local environment state, not a project code error. Consider removing or renaming conflicting skills in ~/.codex/skills/.">E:\g-drive\05_AI\github\BioactivityDataAcquisition2\tests\architecture\test_codex_skill_agent_links.py:168: User-global BioETL skills shadow project skills: capability-discovery, collecting-evidence, create-pr, deep-research, documentation-audit, documentation-cascade-audit, generating-constrained-specs, initializing-ledger, making-decisions, nci-analysis, new-pipeline, py-audit-bot, py-code-bot, py-config-bot, py-debug-bot, py-doc-bot, py-plan-bot, py-review-orchestrator, py-test-bot, py-test-swarm, repo-config, suggest-users, synthesizing-pillars, technical-designer-mermaid, vcr-record, verify-architecture. This is a local environment state, not a project code error. Consider removing or renaming conflicting skills in ~/.codex/skills/.</skipped></testcase><testcase classname="tests.architecture.test_column_order.TestCanonicalColumnOrderFunction" name="test_reorders_prefix_first" time="0.001" /><testcase classname="tests.architecture.test_column_order.TestCanonicalColumnOrderFunction" name="test_business_fields_sorted" time="0.001" /><testcase classname="tests.architecture.test_column_order.TestCanonicalColumnOrderFunction" name="test_dq_suffix_last" time="0.001" /><testcase classname="tests.architecture.test_column_order.TestCanonicalColumnOrderFunction" name="test_preserves_all_columns" time="0.001" /><testcase classname="tests.architecture.test_column_order.TestCanonicalColumnOrderFunction" name="test_handles_tuple_input" time="0.001" /><testcase classname="tests.architecture.test_column_order.TestCanonicalColumnOrderFunction" name="test_empty_input" time="0.001" /><testcase classname="tests.architecture.test_column_order.TestCanonicalColumnOrderFunction" name="test_only_system_fields" time="0.001" /><testcase classname="tests.architecture.test_column_order.TestCanonicalColumnOrderFunction" name="test_full_system_fields_order" time="0.001" /><testcase classname="tests.architecture.test_column_order.TestSchemaColumnOrder" name="test_prefix_fields_in_correct_order[CHEMBL_ACTIVITY_SCHEMA-schema0]" time="0.001" /><testcase classname="tests.architecture.test_column_order.TestSchemaColumnOrder" name="test_prefix_fields_in_correct_order[CHEMBL_ASSAY_PARAMETERS_SCHEMA-schema1]" time="0.001" /><testcase classname="tests.architecture.test_column_order.TestSchemaColumnOrder" name="test_prefix_fields_in_correct_order[CHEMBL_ASSAY_SCHEMA-schema2]" time="0.001" /><testcase classname="tests.architecture.test_column_order.TestSchemaColumnOrder" name="test_prefix_fields_in_correct_order[CHEMBL_CELL_LINE_SCHEMA-schema3]" time="0.001" /><testcase classname="tests.architecture.test_column_order.TestSchemaColumnOrder" name="test_prefix_fields_in_correct_order[CHEMBL_COMPOUND_RECORD_SCHEMA-schema4]" time="0.001" /><testcase classname="tests.architecture.test_column_order.TestSchemaColumnOrder" name="test_prefix_fields_in_correct_order[CHEMBL_DOCUMENT_SIMILARITY_SCHEMA-schema5]" time="0.002" /><testcase classname="tests.architecture.test_column_order.TestSchemaColumnOrder" name="test_prefix_fields_in_correct_order[CHEMBL_DOCUMENT_TERM_SCHEMA-schema6]" time="0.001" /><testcase classname="tests.architecture.test_column_order.TestSchemaColumnOrder" name="test_prefix_fields_in_correct_order[CHEMBL_MOLECULE_SCHEMA-schema7]" time="0.001" /><testcase classname="tests.architecture.test_column_order.TestSchemaColumnOrder" name="test_prefix_fields_in_correct_order[CHEMBL_PROTEIN_CLASS_SCHEMA-schema8]" time="0.001" /><testcase classname="tests.architecture.test_column_order.TestSchemaColumnOrder" name="test_prefix_fields_in_correct_order[CHEMBL_PUBLICATION_SCHEMA-schema9]" time="0.001" /><testcase classname="tests.architecture.test_column_order.TestSchemaColumnOrder" name="test_prefix_fields_in_correct_order[CHEMBL_SUBCELLULAR_FRACTION_SCHEMA-schema10]" time="0.001" /><testcase classname="tests.architecture.test_column_order.TestSchemaColumnOrder" name="test_prefix_fields_in_correct_order[CHEMBL_TARGET_COMPONENT_SCHEMA-schema11]" time="0.001" /><testcase classname="tests.architecture.test_column_order.TestSchemaColumnOrder" name="test_prefix_fields_in_correct_order[CHEMBL_TARGET_PROTEIN_CLASSIFICATION_SCHEMA-schema12]" time="0.001" /><testcase classname="tests.architecture.test_column_order.TestSchemaColumnOrder" name="test_prefix_fields_in_correct_order[CHEMBL_TARGET_SCHEMA-schema13]" time="0.001" /><testcase classname="tests.architecture.test_column_order.TestSchemaColumnOrder" name="test_prefix_fields_in_correct_order[CHEMBL_TISSUE_SCHEMA-schema14]" time="0.001" /><testcase classname="tests.architecture.test_column_order.TestSchemaColumnOrder" name="test_prefix_fields_in_correct_order[CROSSREF_PUBLICATION_SCHEMA-schema15]" time="0.001" /><testcase classname="tests.architecture.test_column_order.TestSchemaColumnOrder" name="test_prefix_fields_in_correct_order[OPENALEX_PUBLICATION_SCHEMA-schema16]" time="0.001" /><testcase classname="tests.architecture.test_column_order.TestSchemaColumnOrder" name="test_prefix_fields_in_correct_order[PUBCHEM_COMPOUND_SCHEMA-schema17]" time="0.001" /><testcase classname="tests.architecture.test_column_order.TestSchemaColumnOrder" name="test_prefix_fields_in_correct_order[PUBMED_PUBLICATION_SCHEMA-schema18]" time="0.001" /><testcase classname="tests.architecture.test_column_order.TestSchemaColumnOrder" name="test_prefix_fields_in_correct_order[SEMANTICSCHOLAR_PUBLICATION_SCHEMA-schema19]" time="0.001" /><testcase classname="tests.architecture.test_column_order.TestSchemaColumnOrder" name="test_prefix_fields_in_correct_order[UNIPROT_ID_MAPPING_SCHEMA-schema20]" time="0.001" /><testcase classname="tests.architecture.test_column_order.TestSchemaColumnOrder" name="test_prefix_fields_in_correct_order[UNIPROT_PROTEIN_SCHEMA-schema21]" time="0.001" /><testcase classname="tests.architecture.test_column_order.TestSchemaColumnOrder" name="test_prefix_fields_at_start[CHEMBL_ACTIVITY_SCHEMA-schema0]" time="0.001" /><testcase classname="tests.architecture.test_column_order.TestSchemaColumnOrder" name="test_prefix_fields_at_start[CHEMBL_ASSAY_PARAMETERS_SCHEMA-schema1]" time="0.001" /><testcase classname="tests.architecture.test_column_order.TestSchemaColumnOrder" name="test_prefix_fields_at_start[CHEMBL_ASSAY_SCHEMA-schema2]" time="0.001" /><testcase classname="tests.architecture.test_column_order.TestSchemaColumnOrder" name="test_prefix_fields_at_start[CHEMBL_CELL_LINE_SCHEMA-schema3]" time="0.001" /><testcase classname="tests.architecture.test_column_order.TestSchemaColumnOrder" name="test_prefix_fields_at_start[CHEMBL_COMPOUND_RECORD_SCHEMA-schema4]" time="0.001" /><testcase classname="tests.architecture.test_column_order.TestSchemaColumnOrder" name="test_prefix_fields_at_start[CHEMBL_DOCUMENT_SIMILARITY_SCHEMA-schema5]" time="0.001" /><testcase classname="tests.architecture.test_column_order.TestSchemaColumnOrder" name="test_prefix_fields_at_start[CHEMBL_DOCUMENT_TERM_SCHEMA-schema6]" time="0.001" /><testcase classname="tests.architecture.test_column_order.TestSchemaColumnOrder" name="test_prefix_fields_at_start[CHEMBL_MOLECULE_SCHEMA-schema7]" time="0.001" /><testcase classname="tests.architecture.test_column_order.TestSchemaColumnOrder" name="test_prefix_fields_at_start[CHEMBL_PROTEIN_CLASS_SCHEMA-schema8]" time="0.001" /><testcase classname="tests.architecture.test_column_order.TestSchemaColumnOrder" name="test_prefix_fields_at_start[CHEMBL_PUBLICATION_SCHEMA-schema9]" time="0.001" /><testcase classname="tests.architecture.test_column_order.TestSchemaColumnOrder" name="test_prefix_fields_at_start[CHEMBL_SUBCELLULAR_FRACTION_SCHEMA-schema10]" time="0.001" /><testcase classname="tests.architecture.test_column_order.TestSchemaColumnOrder" name="test_prefix_fields_at_start[CHEMBL_TARGET_COMPONENT_SCHEMA-schema11]" time="0.001" /><testcase classname="tests.architecture.test_column_order.TestSchemaColumnOrder" name="test_prefix_fields_at_start[CHEMBL_TARGET_PROTEIN_CLASSIFICATION_SCHEMA-schema12]" time="0.001" /><testcase classname="tests.architecture.test_column_order.TestSchemaColumnOrder" name="test_prefix_fields_at_start[CHEMBL_TARGET_SCHEMA-schema13]" time="0.001" /><testcase classname="tests.architecture.test_column_order.TestSchemaColumnOrder" name="test_prefix_fields_at_start[CHEMBL_TISSUE_SCHEMA-schema14]" time="0.001" /><testcase classname="tests.architecture.test_column_order.TestSchemaColumnOrder" name="test_prefix_fields_at_start[CROSSREF_PUBLICATION_SCHEMA-schema15]" time="0.001" /><testcase classname="tests.architecture.test_column_order.TestSchemaColumnOrder" name="test_prefix_fields_at_start[OPENALEX_PUBLICATION_SCHEMA-schema16]" time="0.001" /><testcase classname="tests.architecture.test_column_order.TestSchemaColumnOrder" name="test_prefix_fields_at_start[PUBCHEM_COMPOUND_SCHEMA-schema17]" time="0.001" /><testcase classname="tests.architecture.test_column_order.TestSchemaColumnOrder" name="test_prefix_fields_at_start[PUBMED_PUBLICATION_SCHEMA-schema18]" time="0.001" /><testcase classname="tests.architecture.test_column_order.TestSchemaColumnOrder" name="test_prefix_fields_at_start[SEMANTICSCHOLAR_PUBLICATION_SCHEMA-schema19]" time="0.001" /><testcase classname="tests.architecture.test_column_order.TestSchemaColumnOrder" name="test_prefix_fields_at_start[UNIPROT_ID_MAPPING_SCHEMA-schema20]" time="0.001" /><testcase classname="tests.architecture.test_column_order.TestSchemaColumnOrder" name="test_prefix_fields_at_start[UNIPROT_PROTEIN_SCHEMA-schema21]" time="0.001" /><testcase classname="tests.architecture.test_column_order.TestSchemaColumnOrder" name="test_suffix_fields_at_end[CHEMBL_ACTIVITY_SCHEMA-schema0]" time="0.001" /><testcase classname="tests.architecture.test_column_order.TestSchemaColumnOrder" name="test_suffix_fields_at_end[CHEMBL_ASSAY_PARAMETERS_SCHEMA-schema1]" time="0.001" /><testcase classname="tests.architecture.test_column_order.TestSchemaColumnOrder" name="test_suffix_fields_at_end[CHEMBL_ASSAY_SCHEMA-schema2]" time="0.001" /><testcase classname="tests.architecture.test_column_order.TestSchemaColumnOrder" name="test_suffix_fields_at_end[CHEMBL_CELL_LINE_SCHEMA-schema3]" time="0.001" /><testcase classname="tests.architecture.test_column_order.TestSchemaColumnOrder" name="test_suffix_fields_at_end[CHEMBL_COMPOUND_RECORD_SCHEMA-schema4]" time="0.001" /><testcase classname="tests.architecture.test_column_order.TestSchemaColumnOrder" name="test_suffix_fields_at_end[CHEMBL_DOCUMENT_SIMILARITY_SCHEMA-schema5]" time="0.001" /><testcase classname="tests.architecture.test_column_order.TestSchemaColumnOrder" name="test_suffix_fields_at_end[CHEMBL_DOCUMENT_TERM_SCHEMA-schema6]" time="0.001" /><testcase classname="tests.architecture.test_column_order.TestSchemaColumnOrder" name="test_suffix_fields_at_end[CHEMBL_MOLECULE_SCHEMA-schema7]" time="0.001" /><testcase classname="tests.architecture.test_column_order.TestSchemaColumnOrder" name="test_suffix_fields_at_end[CHEMBL_PROTEIN_CLASS_SCHEMA-schema8]" time="0.001" /><testcase classname="tests.architecture.test_column_order.TestSchemaColumnOrder" name="test_suffix_fields_at_end[CHEMBL_PUBLICATION_SCHEMA-schema9]" time="0.001" /><testcase classname="tests.architecture.test_column_order.TestSchemaColumnOrder" name="test_suffix_fields_at_end[CHEMBL_SUBCELLULAR_FRACTION_SCHEMA-schema10]" time="0.001" /><testcase classname="tests.architecture.test_column_order.TestSchemaColumnOrder" name="test_suffix_fields_at_end[CHEMBL_TARGET_COMPONENT_SCHEMA-schema11]" time="0.001" /><testcase classname="tests.architecture.test_column_order.TestSchemaColumnOrder" name="test_suffix_fields_at_end[CHEMBL_TARGET_PROTEIN_CLASSIFICATION_SCHEMA-schema12]" time="0.001" /><testcase classname="tests.architecture.test_column_order.TestSchemaColumnOrder" name="test_suffix_fields_at_end[CHEMBL_TARGET_SCHEMA-schema13]" time="0.001" /><testcase classname="tests.architecture.test_column_order.TestSchemaColumnOrder" name="test_suffix_fields_at_end[CHEMBL_TISSUE_SCHEMA-schema14]" time="0.001" /><testcase classname="tests.architecture.test_column_order.TestSchemaColumnOrder" name="test_suffix_fields_at_end[CROSSREF_PUBLICATION_SCHEMA-schema15]" time="0.001" /><testcase classname="tests.architecture.test_column_order.TestSchemaColumnOrder" name="test_suffix_fields_at_end[OPENALEX_PUBLICATION_SCHEMA-schema16]" time="0.001" /><testcase classname="tests.architecture.test_column_order.TestSchemaColumnOrder" name="test_suffix_fields_at_end[PUBCHEM_COMPOUND_SCHEMA-schema17]" time="0.001" /><testcase classname="tests.architecture.test_column_order.TestSchemaColumnOrder" name="test_suffix_fields_at_end[PUBMED_PUBLICATION_SCHEMA-schema18]" time="0.001" /><testcase classname="tests.architecture.test_column_order.TestSchemaColumnOrder" name="test_suffix_fields_at_end[SEMANTICSCHOLAR_PUBLICATION_SCHEMA-schema19]" time="0.001" /><testcase classname="tests.architecture.test_column_order.TestSchemaColumnOrder" name="test_suffix_fields_at_end[UNIPROT_ID_MAPPING_SCHEMA-schema20]" time="0.001" /><testcase classname="tests.architecture.test_column_order.TestSchemaColumnOrder" name="test_suffix_fields_at_end[UNIPROT_PROTEIN_SCHEMA-schema21]" time="0.001" /><testcase classname="tests.architecture.test_column_order.TestSchemaColumnOrder" name="test_business_fields_sorted__test_schema_column_order_tests_architecture_test_column_order_189[CHEMBL_ACTIVITY_SCHEMA-schema0]" time="0.001" /><testcase classname="tests.architecture.test_column_order.TestSchemaColumnOrder" name="test_business_fields_sorted__test_schema_column_order_tests_architecture_test_column_order_189[CHEMBL_ASSAY_PARAMETERS_SCHEMA-schema1]" time="0.001" /><testcase classname="tests.architecture.test_column_order.TestSchemaColumnOrder" name="test_business_fields_sorted__test_schema_column_order_tests_architecture_test_column_order_189[CHEMBL_ASSAY_SCHEMA-schema2]" time="0.001" /><testcase classname="tests.architecture.test_column_order.TestSchemaColumnOrder" name="test_business_fields_sorted__test_schema_column_order_tests_architecture_test_column_order_189[CHEMBL_CELL_LINE_SCHEMA-schema3]" time="0.001" /><testcase classname="tests.architecture.test_column_order.TestSchemaColumnOrder" name="test_business_fields_sorted__test_schema_column_order_tests_architecture_test_column_order_189[CHEMBL_COMPOUND_RECORD_SCHEMA-schema4]" time="0.001" /><testcase classname="tests.architecture.test_column_order.TestSchemaColumnOrder" name="test_business_fields_sorted__test_schema_column_order_tests_architecture_test_column_order_189[CHEMBL_DOCUMENT_SIMILARITY_SCHEMA-schema5]" time="0.001" /><testcase classname="tests.architecture.test_column_order.TestSchemaColumnOrder" name="test_business_fields_sorted__test_schema_column_order_tests_architecture_test_column_order_189[CHEMBL_DOCUMENT_TERM_SCHEMA-schema6]" time="0.001" /><testcase classname="tests.architecture.test_column_order.TestSchemaColumnOrder" name="test_business_fields_sorted__test_schema_column_order_tests_architecture_test_column_order_189[CHEMBL_MOLECULE_SCHEMA-schema7]" time="0.001" /><testcase classname="tests.architecture.test_column_order.TestSchemaColumnOrder" name="test_business_fields_sorted__test_schema_column_order_tests_architecture_test_column_order_189[CHEMBL_PROTEIN_CLASS_SCHEMA-schema8]" time="0.001" /><testcase classname="tests.architecture.test_column_order.TestSchemaColumnOrder" name="test_business_fields_sorted__test_schema_column_order_tests_architecture_test_column_order_189[CHEMBL_PUBLICATION_SCHEMA-schema9]" time="0.001" /><testcase classname="tests.architecture.test_column_order.TestSchemaColumnOrder" name="test_business_fields_sorted__test_schema_column_order_tests_architecture_test_column_order_189[CHEMBL_SUBCELLULAR_FRACTION_SCHEMA-schema10]" time="0.001" /><testcase classname="tests.architecture.test_column_order.TestSchemaColumnOrder" name="test_business_fields_sorted__test_schema_column_order_tests_architecture_test_column_order_189[CHEMBL_TARGET_COMPONENT_SCHEMA-schema11]" time="0.001" /><testcase classname="tests.architecture.test_column_order.TestSchemaColumnOrder" name="test_business_fields_sorted__test_schema_column_order_tests_architecture_test_column_order_189[CHEMBL_TARGET_PROTEIN_CLASSIFICATION_SCHEMA-schema12]" time="0.001" /><testcase classname="tests.architecture.test_column_order.TestSchemaColumnOrder" name="test_business_fields_sorted__test_schema_column_order_tests_architecture_test_column_order_189[CHEMBL_TARGET_SCHEMA-schema13]" time="0.001" /><testcase classname="tests.architecture.test_column_order.TestSchemaColumnOrder" name="test_business_fields_sorted__test_schema_column_order_tests_architecture_test_column_order_189[CHEMBL_TISSUE_SCHEMA-schema14]" time="0.001" /><testcase classname="tests.architecture.test_column_order.TestSchemaColumnOrder" name="test_business_fields_sorted__test_schema_column_order_tests_architecture_test_column_order_189[CROSSREF_PUBLICATION_SCHEMA-schema15]" time="0.001" /><testcase classname="tests.architecture.test_column_order.TestSchemaColumnOrder" name="test_business_fields_sorted__test_schema_column_order_tests_architecture_test_column_order_189[OPENALEX_PUBLICATION_SCHEMA-schema16]" time="0.001" /><testcase classname="tests.architecture.test_column_order.TestSchemaColumnOrder" name="test_business_fields_sorted__test_schema_column_order_tests_architecture_test_column_order_189[PUBCHEM_COMPOUND_SCHEMA-schema17]" time="0.001" /><testcase classname="tests.architecture.test_column_order.TestSchemaColumnOrder" name="test_business_fields_sorted__test_schema_column_order_tests_architecture_test_column_order_189[PUBMED_PUBLICATION_SCHEMA-schema18]" time="0.001" /><testcase classname="tests.architecture.test_column_order.TestSchemaColumnOrder" name="test_business_fields_sorted__test_schema_column_order_tests_architecture_test_column_order_189[SEMANTICSCHOLAR_PUBLICATION_SCHEMA-schema19]" time="0.001" /><testcase classname="tests.architecture.test_column_order.TestSchemaColumnOrder" name="test_business_fields_sorted__test_schema_column_order_tests_architecture_test_column_order_189[UNIPROT_ID_MAPPING_SCHEMA-schema20]" time="0.001" /><testcase classname="tests.architecture.test_column_order.TestSchemaColumnOrder" name="test_business_fields_sorted__test_schema_column_order_tests_architecture_test_column_order_189[UNIPROT_PROTEIN_SCHEMA-schema21]" time="0.001" /><testcase classname="tests.architecture.test_column_order.TestSchemaColumnOrder" name="test_schema_matches_canonical_order[CHEMBL_ACTIVITY_SCHEMA-schema0]" time="0.001" /><testcase classname="tests.architecture.test_column_order.TestSchemaColumnOrder" name="test_schema_matches_canonical_order[CHEMBL_ASSAY_PARAMETERS_SCHEMA-schema1]" time="0.001" /><testcase classname="tests.architecture.test_column_order.TestSchemaColumnOrder" name="test_schema_matches_canonical_order[CHEMBL_ASSAY_SCHEMA-schema2]" time="0.001" /><testcase classname="tests.architecture.test_column_order.TestSchemaColumnOrder" name="test_schema_matches_canonical_order[CHEMBL_CELL_
[...]
workflow_exists_and_is_scheduled" time="0.002" /><testcase classname="tests.architecture.test_docs_kpi_workflow" name="test_docs_kpi_workflow_runs_kpi_report_script" time="0.002" /><testcase classname="tests.architecture.test_docs_kpi_workflow" name="test_docs_kpi_workflow_publishes_artifacts_and_summary" time="0.002" /><testcase classname="tests.architecture.test_docs_root_surface_governance_alignment" name="test_adr_003_status_is_superseded_across_governance_surfaces" time="0.006" /><testcase classname="tests.architecture.test_docs_root_surface_governance_alignment" name="test_technical_debt_summary_tracks_live_exemption_baseline" time="0.171" /><testcase classname="tests.architecture.test_docs_root_surface_governance_alignment" name="test_docker_helper_contract_schema_is_explicit_and_fail_closed" time="0.012" /><testcase classname="tests.architecture.test_docs_root_surface_governance_alignment" name="test_root_governance_ratifies_reviewed_docker_helpers" time="0.014" /><testcase classname="tests.architecture.test_docs_root_surface_governance_alignment" name="test_docker_helper_compose_files_fail_closed_for_credentials_and_ports" time="0.061" /><testcase classname="tests.architecture.test_docs_root_surface_governance_alignment" name="test_sonarqube_helper_uses_canonical_environment_names" time="0.023" /><testcase classname="tests.architecture.test_docs_root_surface_governance_alignment" name="test_docker_helper_monitoring_contracts_match_prometheus_config" time="0.053" /><testcase classname="tests.architecture.test_docs_root_surface_governance_alignment" name="test_canonical_docker_helpers_bootstrap_shared_external_networks" time="0.004" /><testcase classname="tests.architecture.test_docs_root_surface_governance_alignment" name="test_concepts_root_surface_is_retired_from_repo_root" time="0.171" /><testcase classname="tests.architecture.test_docs_runtime_wrapper_governance" name="test_docs_shims_delegate_to_shared_compat_helper" time="0.027" /><testcase classname="tests.architecture.test_docs_runtime_wrapper_governance" name="test_docs_direct_file_dispatch_does_not_regrow_in_active_surfaces" time="6.625" /><testcase classname="tests.architecture.test_docs_runtime_wrapper_governance" name="test_script_compatibility_wrappers_have_lifecycle_rows" time="0.003" /><testcase classname="tests.architecture.test_docs_runtime_wrapper_governance" name="test_retired_script_compatibility_wrappers_stay_absent" time="0.003" /><testcase classname="tests.architecture.test_docs_version_sync.TestDocsVersionSync" name="test_rules_version_extractable" time="0.005" /><testcase classname="tests.architecture.test_docs_version_sync.TestDocsVersionSync" name="test_claude_md_synced" time="0.005" /><testcase classname="tests.architecture.test_docs_version_sync.TestDocsVersionSync" name="test_required_docs_synced" time="0.006" /><testcase classname="tests.architecture.test_docs_version_sync.TestDocsVersionSync" name="test_no_outdated_versions_in_active_docs" time="0.206" /><testcase classname="tests.architecture.test_docs_version_sync.TestDocsVersionSync" name="test_no_outdated_versions_in_canonical_docs" time="0.241" /><testcase classname="tests.architecture.test_docs_version_sync.TestVersionFormat" name="test_rules_version_format" time="0.083" /><testcase classname="tests.architecture.test_docs_version_sync.TestVersionFormat" name="test_rules_header_format" time="0.123" /><testcase classname="tests.architecture.test_documentation.TestModuleDocstrings" name="test_port_modules_have_docstrings" time="1.499" /><testcase classname="tests.architecture.test_documentation.TestModuleDocstrings" name="test_pipeline_modules_have_docstrings" time="3.087" /><testcase classname="tests.architecture.test_documentation.TestClassDocstrings" name="test_port_protocols_have_docstrings" time="0.030" /><testcase classname="tests.architecture.test_documentation.TestClassDocstrings" name="test_adapter_classes_have_docstrings" time="1.203" /><testcase classname="tests.architecture.test_documentation.TestMethodDocstrings" name="test_port_methods_have_docstrings" time="0.031" /><testcase classname="tests.architecture.test_documentation.TestExceptionDocstrings" name="test_domain_exceptions_have_docstrings" time="0.019" /><testcase classname="tests.architecture.test_documentation_audit_remediation" name="test_operator_docs_use_current_readiness_endpoint" time="0.003" /><testcase classname="tests.architecture.test_documentation_audit_remediation" name="test_cli_reference_covers_checkpoint_inspection_commands" time="0.002" /><testcase classname="tests.architecture.test_documentation_audit_remediation" name="test_write_mode_docs_match_domain_enums" time="0.003" /><testcase classname="tests.architecture.test_documentation_audit_remediation" name="test_adr_044_keeps_owner_doc_boundary_for_mutable_control_plane_facts" time="0.002" /><testcase classname="tests.architecture.test_documentation_audit_remediation" name="test_project_map_promotes_active_entrypoints_into_published_nav" time="0.525" /><testcase classname="tests.architecture.test_documentation_audit_remediation" name="test_rules_appendix_f_tracks_latest_adr_registry_policy" time="0.002" /><testcase classname="tests.architecture.test_documentation_audit_remediation" name="test_mkdocs_comment_uses_packaged_docs_guardrail_name" time="0.002" /><testcase classname="tests.architecture.test_documentation_audit_remediation" name="test_source_tree_readme_maps_entrypoints_and_ownership" time="0.002" /><testcase classname="tests.architecture.test_documentation_cleanup_inventory" name="test_documentation_cleanup_inventory_artifacts_exist" time="0.004" /><testcase classname="tests.architecture.test_documentation_cleanup_inventory" name="test_documentation_cleanup_inventory_has_no_unknown_published_docs" time="0.046" /><testcase classname="tests.architecture.test_documentation_cleanup_inventory" name="test_documentation_cleanup_inventory_surface_families_present" time="0.043" /><testcase classname="tests.architecture.test_documentation_cleanup_inventory" name="test_documentation_cleanup_inventory_has_no_duplicate_surfaces" time="0.045" /><testcase classname="tests.architecture.test_documentation_cleanup_inventory" name="test_ai_skill_reference_redirects_are_active_compatibility_surfaces" time="0.045" /><testcase classname="tests.architecture.test_documentation_cleanup_inventory" name="test_documentation_cleanup_inventory_routes_diagram_artifacts" time="0.051" /><testcase classname="tests.architecture.test_documentation_cleanup_inventory" name="test_documentation_cleanup_inventory_covers_github_issue_drafts" time="0.079" /><testcase classname="tests.architecture.test_documentation_cleanup_inventory" name="test_documentation_cleanup_inventory_covers_root_entrypoints" time="0.043" /><testcase classname="tests.architecture.test_documentation_cleanup_inventory" name="test_documentation_cleanup_inventory_accounts_for_local_docs_reports" time="0.086" /><testcase classname="tests.architecture.test_documentation_cleanup_inventory" name="test_documentation_cleanup_inventory_generated_routes_are_owned" time="0.086" /><testcase classname="tests.architecture.test_documentation_cleanup_inventory" name="test_documentation_cleanup_inventory_classifies_plans_and_reports" time="0.047" /><testcase classname="tests.architecture.test_documentation_cleanup_inventory" name="test_documentation_cleanup_inventory_maps_drafts_and_skill_mirrors" time="0.045" /><testcase classname="tests.architecture.test_documentation_cleanup_inventory" name="test_documentation_cleanup_inventory_check_passes" time="18.758" /><testcase classname="tests.architecture.test_documentation_cleanup_inventory" name="test_documentation_cleanup_inventory_routed_in_registry" time="0.042" /><testcase classname="tests.architecture.test_documentation_cleanup_inventory" name="test_ai_runtime_generated_mirrors_are_routed_in_registry" time="0.045" /><testcase classname="tests.architecture.test_documentation_issues_6487_6488_closeout" name="test_issue_6487_inventory_count_and_docs_workflow_are_source_derived" time="0.002" /><testcase classname="tests.architecture.test_documentation_issues_6487_6488_closeout" name="test_issue_6488_gold_runtime_is_not_inferred_from_input_filter_flags" time="0.022" /><testcase classname="tests.architecture.test_documentation_issues_6497_6498_closeout" name="test_domain_public_facades_have_documented_classification" time="0.003" /><testcase classname="tests.architecture.test_documentation_issues_6497_6498_closeout" name="test_aggregate_registry_anchors_resolve" time="0.340" /><testcase classname="tests.architecture.test_documentation_issues_6497_6498_closeout" name="test_pipeline_contract_matrix_matches_active_inventory" time="0.089" /><testcase classname="tests.architecture.test_documentation_issues_6497_6498_closeout" name="test_publication_runbook_uses_supported_read_only_surfaces" time="0.002" /><testcase classname="tests.architecture.test_documentation_issues_6497_6498_closeout" name="test_dq_recovery_does_not_recommend_threshold_weakening" time="0.001" /><testcase classname="tests.architecture.test_documentation_issues_6497_6498_closeout" name="test_monitoring_guide_routes_panel_detail_to_all_shipped_panel_docs" time="0.002" /><testcase classname="tests.architecture.test_documentation_sync" name="test_codeowners_assigns_explicit_docs_ownership" time="0.002" /><testcase classname="tests.architecture.test_documentation_sync" name="test_ports_count_matches_docs" time="0.002" /><testcase classname="tests.architecture.test_documentation_sync" name="test_pipeline_count_matches_docs" time="0.020" /><testcase classname="tests.architecture.test_documentation_sync" name="test_pipeline_ids_match_reference_index" time="0.658" /><testcase classname="tests.architecture.test_documentation_sync" name="test_adr_numbers_are_unique" time="0.002" /><testcase classname="tests.architecture.test_documentation_sync" name="test_adr_index_links_match_decision_files" time="0.002" /><testcase classname="tests.architecture.test_documentation_sync" name="test_adr_h1_number_matches_filename" time="0.009" /><testcase classname="tests.architecture.test_documentation_sync" name="test_adr_status_is_from_allowed_set" time="0.009" /><testcase classname="tests.architecture.test_documentation_sync" name="test_mkdocs_nav_references_existing_markdown_files" time="0.045" /><testcase classname="tests.architecture.test_documentation_sync" name="test_no_legacy_repo_slug_in_active_docs_and_workflows" time="0.059" /><testcase classname="tests.architecture.test_documentation_sync" name="test_no_legacy_contract_path_in_active_docs" time="0.042" /><testcase classname="tests.architecture.test_documentation_sync" name="test_root_readme_uses_current_docs_entrypoints" time="0.002" /><testcase classname="tests.architecture.test_documentation_sync" name="test_no_legacy_kebab_pipeline_ids_in_active_docs" time="0.141" /><testcase classname="tests.architecture.test_documentation_sync" name="test_generated_docs_artifacts_excluded_from_active_scope" time="0.056" /><testcase classname="tests.architecture.test_documentation_sync" name="test_report_docs_excluded_from_active_scope" time="0.078" /><testcase classname="tests.architecture.test_documentation_sync" name="test_generated_zone_docs_excluded_from_active_scope" time="0.131" /><testcase classname="tests.architecture.test_documentation_sync" name="test_canonical_doc_roots_are_active_scope_only" time="0.090" /><testcase classname="tests.architecture.test_documentation_sync" name="test_generated_export_markdown_has_generation_marker" time="0.013" /><testcase classname="tests.architecture.test_documentation_sync" name="test_generated_export_report_names_are_timestamped" time="0.012" /><testcase classname="tests.architecture.test_documentation_sync" name="test_quarantine_states_match_docs" time="0.002" /><testcase classname="tests.architecture.test_documentation_sync" name="test_exit_codes_match_docs" time="0.002" /><testcase classname="tests.architecture.test_domain_aggregate_classification" name="test_domain_aggregate_classification_has_expected_policy_shape" time="0.015" /><testcase classname="tests.architecture.test_domain_aggregate_classification" name="test_domain_top_level_packages_are_exactly_classified" time="0.016" /><testcase classname="tests.architecture.test_domain_aggregate_classification" name="test_domain_top_level_root_modules_are_exactly_classified" time="0.557"><failure message="AssertionError: assert {'src/bioetl/...tion.py', ...} == {'src/bioetl/...onze.py', ...}&#10;  &#10;  Extra items in the right set:&#10;  #x1B[0m#x1B[33m'#x1B[39;49;00m#x1B[33msrc/bioetl/domain/adapter_config.py#x1B[39;49;00m#x1B[33m'#x1B[39;49;00m#x1B[90m#x1B[39;49;00m&#10;  #x1B[0m#x1B[33m'#x1B[39;49;00m#x1B[33msrc/bioetl/domain/resilience_circuit_breaker.py#x1B[39;49;00m#x1B[33m'#x1B[39;49;00m#x1B[90m#x1B[39;49;00m&#10;  &#10;  Full diff:&#10;  #x1B[0m#x1B[90m #x1B[39;49;00m {#x1B[90m#x1B[39;49;00m&#10;  #x1B[90m #x1B[39;49;00m     'src/bioetl/domain/_observability_contract_core.py',#x1B[90m#x1B[39;49;00m&#10;  #x1B[90m #x1B[39;49;00m     'src/bioetl/domain/_observability_contract_primitives.py',#x1B[90m#x1B[39;49;00m&#10;  #x1B[91m-     'src/bioetl/domain/adapter_config.py',#x1B[39;49;00m#x1B[90m#x1B[39;49;00m&#10;  #x1B[90m #x1B[39;49;00m     'src/bioetl/domain/constants.py',#x1B[90m#x1B[39;49;00m&#10;  #x1B[90m #x1B[39;49;00m     'src/bioetl/domain/context.py',#x1B[90m#x1B[39;49;00m&#10;  #x1B[90m #x1B[39;49;00m     'src/bioetl/domain/context_cached_bronze.py',#x1B[90m#x1B[39;49;00m&#10;  #x1B[90m #x1B[39;49;00m     'src/bioetl/domain/context_correlation.py',#x1B[90m#x1B[39;49;00m&#10;  #x1B[90m #x1B[39;49;00m     'src/bioetl/domain/context_filtering.py',#x1B[90m#x1B[39;49;00m&#10;  #x1B[90m #x1B[39;49;00m     'src/bioetl/domain/context_run.py',#x1B[90m#x1B[39;49;00m&#10;  #x1B[90m #x1B[39;49;00m     'src/bioetl/domain/context_time.py',#x1B[90m#x1B[39;49;00m&#10;  #x1B[90m #x1B[39;49;00m     'src/bioetl/domain/context_validation.py',#x1B[90m#x1B[39;49;00m&#10;  #x1B[90m #x1B[39;49;00m     'src/bioetl/domain/deterministic_identity.py',#x1B[90m#x1B[39;49;00m&#10;  #x1B[90m #x1B[39;49;00m     'src/bioetl/domain/error_classifier.py',#x1B[90m#x1B[39;49;00m&#10;  #x1B[90m #x1B[39;49;00m     'src/bioetl/domain/error_types.py',#x1B[90m#x1B[39;49;00m&#10;  #x1B[90m #x1B[39;49;00m     'src/bioetl/domain/events.py',#x1B[90m#x1B[39;49;00m&#10;  #x1B[90m #x1B[39;49;00m     'src/bioetl/domain/immutability.py',#x1B[90m#x1B[39;49;00m&#10;  #x1B[90m #x1B[39;49;00m     'src/bioetl/domain/locking.py',#x1B[90m#x1B[39;49;00m&#10;  #x1B[90m #x1B[39;49;00m     'src/bioetl/domain/medallion.py',#x1B[90m#x1B[39;49;00m&#10;  #x1B[90m #x1B[39;49;00m     'src/bioetl/domain/observability_contract.py',#x1B[90m#x1B[39;49;00m&#10;  #x1B[90m #x1B[39;49;00m     'src/bioetl/domain/observability_event_mapping.py',#x1B[90m#x1B[39;49;00m&#10;  #x1B[90m #x1B[39;49;00m     'src/bioetl/domain/observability_metric_names.py',#x1B[90m#x1B[39;49;00m&#10;  #x1B[90m #x1B[39;49;00m     'src/bioetl/domain/pubchem_standardization_catalog.py',#x1B[90m#x1B[39;49;00m&#10;  #x1B[90m #x1B[39;49;00m     'src/bioetl/domain/resilience.py',#x1B[90m#x1B[39;49;00m&#10;  #x1B[91m-     'src/bioetl/domain/resilience_circuit_breaker.py',#x1B[39;49;00m#x1B[90m#x1B[39;49;00m&#10;  #x1B[90m #x1B[39;49;00m     'src/bioetl/domain/runtime_observability_publication_contract.py',#x1B[90m#x1B[39;49;00m&#10;  #x1B[90m #x1B[39;49;00m     'src/bioetl/domain/serialization.py',#x1B[90m#x1B[39;49;00m&#10;  #x1B[90m #x1B[39;49;00m     'src/bioetl/domain/types_config_validation.py',#x1B[90m#x1B[39;49;00m&#10;  #x1B[90m #x1B[39;49;00m     'src/bioetl/domain/version.py',#x1B[90m#x1B[39;49;00m&#10;  #x1B[90m #x1B[39;49;00m }#x1B[90m#x1B[39;49;00m">#x1B[1m#x1B[31mE   AssertionError: assert {'src/bioetl/...tion.py', ...} == {'src/bioetl/...onze.py', ...}#x1B[0m
#x1B[1m#x1B[31m      #x1B[0m
#x1B[1m#x1B[31m      Extra items in the right set:#x1B[0m
#x1B[1m#x1B[31m      #x1B[0m#x1B[33m'#x1B[39;49;00m#x1B[33msrc/bioetl/domain/adapter_config.py#x1B[39;49;00m#x1B[33m'#x1B[39;49;00m#x1B[90m#x1B[39;49;00m#x1B[0m
#x1B[1m#x1B[31m      #x1B[0m#x1B[33m'#x1B[39;49;00m#x1B[33msrc/bioetl/domain/resilience_circuit_breaker.py#x1B[39;49;00m#x1B[33m'#x1B[39;49;00m#x1B[90m#x1B[39;49;00m#x1B[0m
#x1B[1m#x1B[31m      #x1B[0m
#x1B[1m#x1B[31m      Full diff:#x1B[0m
#x1B[1m#x1B[31m      #x1B[0m#x1B[90m #x1B[39;49;00m {#x1B[90m#x1B[39;49;00m#x1B[0m
#x1B[1m#x1B[31m      #x1B[90m #x1B[39;49;00m     'src/bioetl/domain/_observability_contract_core.py',#x1B[90m#x1B[39;49;00m#x1B[0m
#x1B[1m#x1B[31m      #x1B[90m #x1B[39;49;00m     'src/bioetl/domain/_observability_contract_primitives.py',#x1B[90m#x1B[39;49;00m#x1B[0m
#x1B[1m#x1B[31m      #x1B[91m-     'src/bioetl/domain/adapter_config.py',#x1B[39;49;00m#x1B[90m#x1B[39;49;00m#x1B[0m
#x1B[1m#x1B[31m      #x1B[90m #x1B[39;49;00m     'src/bioetl/domain/constants.py',#x1B[90m#x1B[39;49;00m#x1B[0m
#x1B[1m#x1B[31m      #x1B[90m #x1B[39;49;00m     'src/bioetl/domain/context.py',#x1B[90m#x1B[39;49;00m#x1B[0m
#x1B[1m#x1B[31m      #x1B[90m #x1B[39;49;00m     'src/bioetl/domain/context_cached_bronze.py',#x1B[90m#x1B[39;49;00m#x1B[0m
#x1B[1m#x1B[31m      #x1B[90m #x1B[39;49;00m     'src/bioetl/domain/context_correlation.py',#x1B[90m#x1B[39;49;00m#x1B[0m
#x1B[1m#x1B[31m      #x1B[90m #x1B[39;49;00m     'src/bioetl/domain/context_filtering.py',#x1B[90m#x1B[39;49;00m#x1B[0m
#x1B[1m#x1B[31m      #x1B[90m #x1B[39;49;00m     'src/bioetl/domain/context_run.py',#x1B[90m#x1B[39;49;00m#x1B[0m
#x1B[1m#x1B[31m      #x1B[90m #x1B[39;49;00m     'src/bioetl/domain/context_time.py',#x1B[90m#x1B[39;49;00m#x1B[0m
#x1B[1m#x1B[31m      #x1B[90m #x1B[39;49;00m     'src/bioetl/domain/context_validation.py',#x1B[90m#x1B[39;49;00m#x1B[0m
#x1B[1m#x1B[31m      #x1B[90m #x1B[39;49;00m     'src/bioetl/domain/deterministic_identity.py',#x1B[90m#x1B[39;49;00m#x1B[0m
#x1B[1m#x1B[31m      #x1B[90m #x1B[39;49;00m     'src/bioetl/domain/error_classifier.py',#x1B[90m#x1B[39;49;00m#x1B[0m
#x1B[1m#x1B[31m      #x1B[90m #x1B[39;49;00m     'src/bioetl/domain/error_types.py',#x1B[90m#x1B[39;49;00m#x1B[0m
#x1B[1m#x1B[31m      #x1B[90m #x1B[39;49;00m     'src/bioetl/domain/events.py',#x1B[90m#x1B[39;49;00m#x1B[0m
#x1B[1m#x1B[31m      #x1B[90m #x1B[39;49;00m     'src/bioetl/domain/immutability.py',#x1B[90m#x1B[39;49;00m#x1B[0m
#x1B[1m#x1B[31m      #x1B[90m #x1B[39;49;00m     'src/bioetl/domain/locking.py',#x1B[90m#x1B[39;49;00m#x1B[0m
#x1B[1m#x1B[31m      #x1B[90m #x1B[39;49;00m     'src/bioetl/domain/medallion.py',#x1B[90m#x1B[39;49;00m#x1B[0m
#x1B[1m#x1B[31m      #x1B[90m #x1B[39;49;00m     'src/bioetl/domain/observability_contract.py',#x1B[90m#x1B[39;49;00m#x1B[0m
#x1B[1m#x1B[31m      #x1B[90m #x1B[39;49;00m     'src/bioetl/domain/observability_event_mapping.py',#x1B[90m#x1B[39;49;00m#x1B[0m
#x1B[1m#x1B[31m      #x1B[90m #x1B[39;49;00m     'src/bioetl/domain/observability_metric_names.py',#x1B[90m#x1B[39;49;00m#x1B[0m
#x1B[1m#x1B[31m      #x1B[90m #x1B[39;49;00m     'src/bioetl/domain/pubchem_standardization_catalog.py',#x1B[90m#x1B[39;49;00m#x1B[0m
#x1B[1m#x1B[31m      #x1B[90m #x1B[39;49;00m     'src/bioetl/domain/resilience.py',#x1B[90m#x1B[39;49;00m#x1B[0m
#x1B[1m#x1B[31m      #x1B[91m-     'src/bioetl/domain/resilience_circuit_breaker.py',#x1B[39;49;00m#x1B[90m#x1B[39;49;00m#x1B[0m
#x1B[1m#x1B[31m      #x1B[90m #x1B[39;49;00m     'src/bioetl/domain/runtime_observability_publication_contract.py',#x1B[90m#x1B[39;49;00m#x1B[0m
#x1B[1m#x1B[31m      #x1B[90m #x1B[39;49;00m     'src/bioetl/domain/serialization.py',#x1B[90m#x1B[39;49;00m#x1B[0m
#x1B[1m#x1B[31m      #x1B[90m #x1B[39;49;00m     'src/bioetl/domain/types_config_validation.py',#x1B[90m#x1B[39;49;00m#x1B[0m
#x1B[1m#x1B[31m      #x1B[90m #x1B[39;49;00m     'src/bioetl/domain/version.py',#x1B[90m#x1B[39;49;00m#x1B[0m
#x1B[1m#x1B[31m      #x1B[90m #x1B[39;49;00m }#x1B[90m#x1B[39;49;00m#x1B[0m</failure></testcase></testsuite></testsuites>