============================= test session starts =============================
platform win32 -- Python 3.13.7, pytest-9.1.1, pluggy-1.6.0
rootdir: E:\github\BioactivityDataAcquisition
configfile: pyproject.toml
plugins: anyio-4.14.2, hypothesis-6.157.0, archon-0.0.7, asyncio-1.4.0, cov-7.1.0, recording-0.13.4, timeout-2.4.0, xdist-3.8.0, respx-0.23.1, syrupy-5.5.3, typeguard-4.5.2
asyncio: mode=Mode.STRICT, debug=False, asyncio_default_fixture_loop_scope=module, asyncio_default_test_loop_scope=module
timeout: 60.0s
timeout method: thread
timeout func_only: False
collected 8006 items

tests\unit\domain\aggregates\test_batch.py ............................. [  0%]
........                                                                 [  0%]
tests\unit\domain\aggregates\test_batch_determinism.py ....              [  0%]
tests\unit\domain\aggregates\test_batch_fsm_exhaustive.py .......s..s.s. [  0%]
..s.....................                                                 [  0%]
tests\unit\domain\aggregates\test_batch_internal_modules.py ............ [  1%]
.......................                                                  [  1%]
tests\unit\domain\aggregates\test_batch_invariant_properties.py ...      [  1%]
tests\unit\domain\aggregates\test_deterministic_identity.py ....         [  1%]
tests\unit\domain\aggregates\test_domain_aggregates_cr_residuals_8172_8177.py . [  1%]
.......                                                                  [  1%]
tests\unit\domain\aggregates\test_pipeline_run.py ...................... [  1%]
.........                                                                [  1%]
tests\unit\domain\aggregates\test_pipeline_run_events.py ....            [  2%]
tests\unit\domain\aggregates\test_pipeline_run_internal_mixins.py ...... [  2%]
..................................................                       [  2%]
tests\unit\domain\aggregates\test_pipeline_run_invariant_properties.py . [  2%]
...                                                                      [  2%]
tests\unit\domain\aggregates\test_quarantine_entry.py .................. [  3%]
.......................                                                  [  3%]
tests\unit\domain\aggregates\test_quarantine_entry_internal_mixins.py .. [  3%]
................................................                         [  3%]
tests\unit\domain\aggregates\test_quarantine_entry_invariant_properties.py . [  3%]
...                                                                      [  3%]
tests\unit\domain\behavior\activity_aggregator\test_aggregator_branch_coverage.py . [  3%]
.                                                                        [  4%]
tests\unit\domain\behavior\activity_aggregator\test_init.py .            [  4%]
tests\unit\domain\behavior\test_aggregation_validator.py ......          [  4%]
tests\unit\domain\behavior\test_chemical_standardization.py ..           [  4%]
tests\unit\domain\behavior\test_composite_validation_layer.py .......    [  4%]
tests\unit\domain\behavior\test_cross_validation_helpers.py ......       [  4%]
tests\unit\domain\behavior\test_domain_behavior_cr_residuals_8178_8214.py . [  4%]
..........                                                               [  4%]
tests\unit\domain\behavior\test_dq_rule_evaluator.py ................... [  4%]
                                                                         [  4%]
tests\unit\domain\behavior\test_dq_rule_evaluator_additional.py ........ [  4%]
.                                                                        [  4%]
tests\unit\domain\behavior\test_dq_rule_evaluator_golden.py ..           [  4%]
tests\unit\domain\behavior\test_dq_rule_evaluator_properties.py ..ssssss [  4%]
.                                                                        [  4%]
tests\unit\domain\behavior\test_dq_rule_evaluators.py .................. [  5%]
...............                                                          [  5%]
tests\unit\domain\behavior\test_dq_serializer.py ......                  [  5%]
tests\unit\domain\behavior\test_issue_8863_behavior_residuals.py ....... [  5%]
.................                                                        [  5%]
tests\unit\domain\behavior\test_merged_metadata_explainability.py ...... [  5%]
..                                                                       [  5%]
tests\unit\domain\behavior\test_normalization_service.py ...........     [  5%]
tests\unit\domain\behavior\test_staged_enforcement.py ......             [  6%]
tests\unit\domain\behavior\test_value_validator.py ...............       [  6%]
tests\unit\domain\composite\test_composite_config.py ................... [  6%]
..........................                                               [  6%]
tests\unit\domain\composite\test_composite_config_edge_cases.py ........ [  6%]
.......                                                                  [  6%]
tests\unit\domain\composite\test_composite_config_facade.py ....         [  6%]
tests\unit\domain\composite\test_composite_config_serialization.py ..... [  7%]
..                                                                       [  7%]
tests\unit\domain\composite\test_composite_result.py ................... [  7%]
.........                                                                [  7%]
tests\unit\domain\composite\test_config_cross_validation.py ..           [  7%]
tests\unit\domain\composite\test_config_parsing.py ..................... [  7%]
.......................                                                  [  8%]
tests\unit\domain\composite\test_cross_validation.py ................... [  8%]
.....                                                                    [  8%]
tests\unit\domain\composite\test_data_schema_config.py ................. [  8%]
......                                                                   [  8%]
tests\unit\domain\composite\test_domain_composite_cr_residuals_8220_8240.py . [  8%]
..........                                                               [  8%]
tests\unit\domain\composite\test_domain_composite_cr_residuals_8222_8255.py . [  8%]
.............                                                            [  8%]
tests\unit\domain\composite\test_domain_composite_cr_residuals_8238_8253.py . [  8%]
.......                                                                  [  9%]
tests\unit\domain\composite\test_field_groups.py ....................... [  9%]
..................                                                       [  9%]
tests\unit\domain\composite\test_issue_8863_composite_residuals.py ..... [  9%]
.............                                                            [  9%]
tests\unit\domain\composite\test_lineage.py ............................ [ 10%]
.....................                                                    [ 10%]
tests\unit\domain\composite\test_merge_and_lineage.py .................. [ 10%]
..........................................                               [ 11%]
tests\unit\domain\composite\test_state.py .............................. [ 11%]
...........................................................              [ 12%]
tests\unit\domain\config\test_base_provider.py ................          [ 12%]
tests\unit\domain\config\test_dq.py ..............                       [ 12%]
tests\unit\domain\config\test_enum_loader.py ....                        [ 12%]
tests\unit\domain\config\test_pipeline.py ................               [ 12%]
tests\unit\domain\config\test_table.py ..........                        [ 12%]
tests\unit\domain\config\test_validation.py .....................        [ 13%]
tests\unit\domain\configs\test_base_configs.py ..............            [ 13%]
tests\unit\domain\configs\test_dq_config_extended.py ................... [ 13%]
.....                                                                    [ 13%]
tests\unit\domain\configs\test_memory_config.py ..................       [ 13%]
tests\unit\domain\configs\test_validation_config_classes.py ...