============================= test session starts =============================
platform win32 -- Python 3.13.7, pytest-9.1.1, pluggy-1.6.0
rootdir: E:\github\BioactivityDataAcquisition
configfile: pyproject.toml
plugins: anyio-4.14.2, hypothesis-6.157.0, archon-0.0.7, asyncio-1.4.0, cov-7.1.0, recording-0.13.4, timeout-2.4.0, xdist-3.8.0, respx-0.23.1, syrupy-5.5.3, typeguard-4.5.2
asyncio: mode=Mode.STRICT, debug=False, asyncio_default_fixture_loop_scope=module, asyncio_default_test_loop_scope=module
timeout: 60.0s
timeout method: thread
timeout func_only: False
collected 16006 items

tests\unit\application\composite\checkpoint\test_checkpoint_public_facade.py . [  0%]
..                                                                       [  0%]
tests\unit\application\composite\checkpoint\test_checkpoint_service.py . [  0%]
.........................................................                [  0%]
tests\unit\application\composite\checkpoint\test_checkpoint_state.py ... [  0%]
..........................................................               [  0%]
tests\unit\application\composite\checkpoint\test_checkpoint_transition_service.py . [  0%]
....                                                                     [  0%]
tests\unit\application\composite\checkpoint\test_load_validation.py ...  [  0%]
tests\unit\application\composite\runner_pkg\test_runner_completion_helpers.py . [  0%]
..                                                                       [  0%]
tests\unit\application\composite\runner_pkg\test_runner_constants.py ... [  0%]
..............................                                           [  1%]
tests\unit\application\composite\runner_pkg\test_runner_execution_orchestrator.py . [  1%]
.                                                                        [  1%]
tests\unit\application\composite\runner_pkg\test_runner_helpers.py ..... [  1%]
...................                                                      [  1%]
tests\unit\application\composite\runner_pkg\test_runner_key_flow.py .    [  1%]
tests\unit\application\composite\runner_pkg\test_runner_merge_stage_mixin.py . [  1%]
................                                                         [  1%]
tests\unit\application\composite\runner_pkg\test_runner_observability_mixin.py . [  1%]
.........                                                                [  1%]
tests\unit\application\composite\runner_pkg\test_runner_runtime_helpers.py . [  1%]
.....                                                                    [  1%]
tests\unit\application\composite\runner_pkg\test_runner_stage_dependency_state_flow.py . [  1%]
.......                                                                  [  1%]
tests\unit\application\composite\runner_pkg\test_runner_stage_enrichment_mixin.py . [  1%]
............                                                             [  1%]
tests\unit\application\composite\runner_pkg\test_runner_stage_mixin.py . [  1%]
...............                                                          [  1%]
tests\unit\application\composite\runner_pkg\test_runner_stage_payloads.py . [  1%]
...                                                                      [  1%]
tests\unit\application\composite\runner_pkg\test_runner_stage_start_flow.py . [  1%]
                                                                         [  1%]
tests\unit\application\composite\runner_pkg\test_runner_stage_support_mixin.py . [  1%]
.................                                                        [  1%]
tests\unit\application\composite\runner_pkg\test_runner_support_mixin.py . [  1%]
................................                                         [  1%]
tests\unit\application\composite\test_aggregator.py ...................  [  2%]
tests\unit\application\composite\test_checkpoint.py .................... [  2%]
.........                                                                [  2%]
tests\unit\application\composite\test_coalesce_policy.py ............... [  2%]
...                                                                      [  2%]
tests\unit\application\composite\test_coalesce_policy_support_branches.py . [  2%]
.......                                                                  [  2%]
tests\unit\application\composite\test_coalesce_qualified.py ......       [  2%]
tests\unit\application\composite\test_coalesce_timestamp_support.py .... [  2%]
                                                                         [  2%]
tests\unit\application\composite\test_column_orderer.py ................ [  2%]
.........                                                                [  2%]
tests\unit\application\composite\test_column_orderer_renames.py ........ [  2%]
....                                                                     [  2%]
tests\unit\application\composite\test_column_priority_orderer.py ....... [  2%]
....                                                                     [  2%]
tests\unit\application\composite\test_column_renamer.py ................ [  2%]
...                                                                      [  2%]
tests\unit\application\composite\test_composite_activity.py ............ [  3%]
..                                                                       [  3%]
tests\unit\application\composite\test_composite_merge_conflicts.py ..    [  3%]
tests\unit\application\composite\test_composite_phase_ordering.py ..     [  3%]
tests\unit\application\composite\test_conflict_resolver.py ............  [  3%]
tests\unit\application\composite\test_coordinator_edges.py .........     [  3%]
tests\unit\application\composite\test_coordinator_logging.py .....       [  3%]
tests\unit\application\composite\test_cross_validator.py ............... [  3%]
...........                                                              [  3%]
tests\unit\application\composite\test_dependency_coordinator.py ........ [  3%]
.......                                                                  [  3%]
tests\unit\application\composite\test_dependency_join_support_exports.py . [  3%]
                                                                         [  3%]
tests\unit\application\composite\test_dependency_joiner_service.py ....  [  3%]
tests\unit\application\composite\test_dependency_key_resolvers.py ...... [  3%]
.......                                                                  [  3%]
tests\unit\application\composite\test_dependency_progress_tracker.py ... [  3%]
                                                                         [  3%]
tests\unit\application\composite\test_dependency_result_mapper.py ....   [  3%]
tests\unit\application\composite\test_enricher_join_execution.py ..      [  3%]
tests\unit\application\composite\test_fsm_helper.py .........            [  3%]
tests\unit\application\composite\test_fsm_pipeline_scenarios.py ........ [  3%]
.................                                                        [  3%]
tests\unit\application\composite\test_helper_module_coverage.py .....    [  3%]
tests\unit\application\composite\test_join_key_resolution_property.py .. [  3%]
...                                                                      [  3%]
tests\unit\application\composite\test_join_planner.py .............      [  3%]
tests\unit\application\composite\test_lifecycle_observer_service.py .... [  4%]
...                                                                      [  4%]
tests\unit\application\composite\test_merger.py ........................ [  4%]
