<?xml version="1.0" encoding="utf-8"?><testsuites name="pytest tests"><testsuite name="pytest" errors="0" failures="0" skipped="12" tests="142" time="21.233" timestamp="2026-08-14T13:54:55.667625+00:00" hostname="DESKTOP-AITNV0T"><testcase classname="tests.architecture.test_docs_build_site_router" name="test_build_site_router_targets_importable_backend" time="2.001" /><testcase classname="tests.architecture.test_docs_governance_workflow" name="test_tests_workflow_keeps_docs_only_changes_out_of_heavy_matrix" time="0.001" /><testcase classname="tests.architecture.test_docs_governance_workflow" name="test_docs_workflow_runs_lightweight_docs_governance_profile" time="0.001" /><testcase classname="tests.architecture.test_docs_governance_workflow" name="test_docs_governance_profile_covers_doc_sync_architecture_tests" time="0.002" /><testcase classname="tests.architecture.test_docs_internal_bootstrap_governance" name="test_internal_docs_modules_use_local_bootstrap_helpers" time="0.002" /><testcase classname="tests.architecture.test_docs_kpi_workflow" name="test_docs_kpi_workflow_exists_and_is_scheduled" time="0.001" /><testcase classname="tests.architecture.test_docs_kpi_workflow" name="test_docs_kpi_workflow_runs_kpi_report_script" time="0.001" /><testcase classname="tests.architecture.test_docs_kpi_workflow" name="test_docs_kpi_workflow_publishes_artifacts_and_summary" time="0.001" /><testcase classname="tests.architecture.test_docs_root_surface_governance_alignment" name="test_adr_003_status_is_superseded_across_governance_surfaces" time="0.003" /><testcase classname="tests.architecture.test_docs_root_surface_governance_alignment" name="test_technical_debt_summary_tracks_live_exemption_baseline" time="0.052" /><testcase classname="tests.architecture.test_docs_root_surface_governance_alignment" name="test_docker_helper_contract_schema_is_explicit_and_fail_closed" time="0.004" /><testcase classname="tests.architecture.test_docs_root_surface_governance_alignment" name="test_root_governance_ratifies_reviewed_docker_helpers" time="0.004" /><testcase classname="tests.architecture.test_docs_root_surface_governance_alignment" name="test_docker_helper_compose_files_fail_closed_for_credentials_and_ports" time="0.015" /><testcase classname="tests.architecture.test_docs_root_surface_governance_alignment" name="test_sonarqube_helper_uses_canonical_environment_names" time="0.008" /><testcase classname="tests.architecture.test_docs_root_surface_governance_alignment" name="test_docker_helper_monitoring_contracts_match_prometheus_config" time="0.017" /><testcase classname="tests.architecture.test_docs_root_surface_governance_alignment" name="test_canonical_docker_helpers_bootstrap_shared_external_networks" time="0.001" /><testcase classname="tests.architecture.test_docs_root_surface_governance_alignment" name="test_concepts_root_surface_is_retired_from_repo_root" time="0.064" /><testcase classname="tests.architecture.test_docs_runtime_wrapper_governance" name="test_docs_top_level_shims_are_removed" time="0.001" /><testcase classname="tests.architecture.test_docs_runtime_wrapper_governance" name="test_docs_direct_file_dispatch_does_not_regrow_in_active_surfaces" time="0.129" /><testcase classname="tests.architecture.test_docs_runtime_wrapper_governance" name="test_retired_script_compatibility_wrappers_stay_absent" time="0.002" /><testcase classname="tests.architecture.test_docs_runtime_wrapper_governance" name="test_docs_common_bootstrap_exists" time="0.001" /><testcase classname="tests.architecture.test_documentation_audit_remediation" name="test_operator_docs_use_current_readiness_endpoint" time="0.001" /><testcase classname="tests.architecture.test_documentation_audit_remediation" name="test_cli_reference_covers_checkpoint_inspection_commands" time="0.001" /><testcase classname="tests.architecture.test_documentation_audit_remediation" name="test_write_mode_docs_match_domain_enums" time="0.002" /><testcase classname="tests.architecture.test_documentation_audit_remediation" name="test_adr_044_keeps_owner_doc_boundary_for_mutable_control_plane_facts" time="0.001" /><testcase classname="tests.architecture.test_documentation_audit_remediation" name="test_project_map_promotes_active_entrypoints_into_published_nav" time="0.001" /><testcase classname="tests.architecture.test_documentation_audit_remediation" name="test_rules_appendix_f_tracks_latest_adr_registry_policy" time="0.001" /><testcase classname="tests.architecture.test_documentation_audit_remediation" name="test_mkdocs_comment_uses_packaged_docs_guardrail_name" time="0.001" /><testcase classname="tests.architecture.test_documentation_audit_remediation" name="test_source_tree_readme_maps_entrypoints_and_ownership" time="0.001" /><testcase classname="tests.architecture.test_documentation_cleanup_inventory" name="test_documentation_cleanup_inventory_artifacts_exist" time="0.001" /><testcase classname="tests.architecture.test_documentation_cleanup_inventory" name="test_documentation_cleanup_inventory_has_no_unknown_published_docs" time="0.280"><skipped type="pytest.skip" message="Committed-artifact assertions are only authoritative for a clean docs/reports/generated/documentation-cleanup-inventory.json artifact.">/tmp/bioetl-audit-seq-8ab59e2395/tests/architecture/_module_coverage_inventory_support.py:109: Committed-artifact assertions are only authoritative for a clean docs/reports/generated/documentation-cleanup-inventory.json artifact.</skipped></testcase><testcase classname="tests.architecture.test_documentation_cleanup_inventory" name="test_documentation_cleanup_inventory_surface_families_present" time="0.281"><skipped type="pytest.skip" message="Committed-artifact assertions are only authoritative for a clean docs/reports/generated/documentation-cleanup-inventory.json artifact.">/tmp/bioetl-audit-seq-8ab59e2395/tests/architecture/_module_coverage_inventory_support.py:109: Committed-artifact assertions are only authoritative for a clean docs/reports/generated/documentation-cleanup-inventory.json artifact.</skipped></testcase><testcase classname="tests.architecture.test_documentation_cleanup_inventory" name="test_documentation_cleanup_inventory_has_no_duplicate_surfaces" time="0.281"><skipped type="pytest.skip" message="Committed-artifact assertions are only authoritative for a clean docs/reports/generated/documentation-cleanup-inventory.json artifact.">/tmp/bioetl-audit-seq-8ab59e2395/tests/architecture/_module_coverage_inventory_support.py:109: Committed-artifact assertions are only authoritative for a clean docs/reports/generated/documentation-cleanup-inventory.json artifact.</skipped></testcase><testcase classname="tests.architecture.test_documentation_cleanup_inventory" name="test_ai_skill_reference_redirects_are_active_compatibility_surfaces" time="0.281"><skipped type="pytest.skip" message="Committed-artifact assertions are only authoritative for a clean docs/reports/generated/documentation-cleanup-inventory.json artifact.">/tmp/bioetl-audit-seq-8ab59e2395/tests/architecture/_module_coverage_inventory_support.py:109: Committed-artifact assertions are only authoritative for a clean docs/reports/generated/documentation-cleanup-inventory.json artifact.</skipped></testcase><testcase classname="tests.architecture.test_documentation_cleanup_inventory" name="test_documentation_cleanup_inventory_routes_diagram_artifacts" time="0.280"><skipped type="pytest.skip" message="Committed-artifact assertions are only authoritative for a clean docs/reports/generated/documentation-cleanup-inventory.json artifact.">/tmp/bioetl-audit-seq-8ab59e2395/tests/architecture/_module_coverage_inventory_support.py:109: Committed-artifact assertions are only authoritative for a clean docs/reports/generated/documentation-cleanup-inventory.json artifact.</skipped></testcase><testcase classname="tests.architecture.test_documentation_cleanup_inventory" name="test_documentation_cleanup_inventory_covers_github_issue_drafts" time="0.281"><skipped type="pytest.skip" message="Committed-artifact assertions are only authoritative for a clean docs/reports/generated/documentation-cleanup-inventory.json artifact.">/tmp/bioetl-audit-seq-8ab59e2395/tests/architecture/_module_coverage_inventory_support.py:109: Committed-artifact assertions are only authoritative for a clean docs/reports/generated/documentation-cleanup-inventory.json artifact.</skipped></testcase><testcase classname="tests.architecture.test_documentation_cleanup_inventory" name="test_documentation_cleanup_inventory_covers_root_entrypoints" time="0.281"><skipped type="pytest.skip" message="Committed-artifact assertions are only authoritative for a clean docs/reports/generated/documentation-cleanup-inventory.json artifact.">/tmp/bioetl-audit-seq-8ab59e2395/tests/architecture/_module_coverage_inventory_support.py:109: Committed-artifact assertions are only authoritative for a clean docs/reports/generated/documentation-cleanup-inventory.json artifact.</skipped></testcase><testcase classname="tests.architecture.test_documentation_cleanup_inventory" name="test_documentation_cleanup_inventory_accounts_for_local_docs_reports" time="0.281"><skipped type="pytest.skip" message="Committed-artifact assertions are only authoritative for a clean docs/reports/generated/documentation-cleanup-inventory.json artifact.">/tmp/bioetl-audit-seq-8ab59e2395/tests/architecture/_module_coverage_inventory_support.py:109: Committed-artifact assertions are only authoritative for a clean docs/reports/generated/documentation-cleanup-inventory.json artifact.</skipped></testcase><testcase classname="tests.architecture.test_documentation_cleanup_inventory" name="test_documentation_cleanup_inventory_generated_routes_are_owned" time="0.280"><skipped type="pytest.skip" message="Committed-artifact assertions are only authoritative for a clean docs/reports/generated/documentation-cleanup-inventory.json artifact.">/tmp/bioetl-audit-seq-8ab59e2395/tests/architecture/_module_coverage_inventory_support.py:109: Committed-artifact assertions are only authoritative for a clean docs/reports/generated/documentation-cleanup-inventory.json artifact.</skipped></testcase><testcase classname="tests.architecture.test_documentation_cleanup_inventory" name="test_documentation_cleanup_inventory_classifies_plans_and_reports" time="0.280"><skipped type="pytest.skip" message="Committed-artifact assertions are only authoritative for a clean docs/reports/generated/documentation-cleanup-inventory.json artifact.">/tmp/bioetl-audit-seq-8ab59e2395/tests/architecture/_module_coverage_inventory_support.py:109: Committed-artifact assertions are only authoritative for a clean docs/reports/generated/documentation-cleanup-inventory.json artifact.</skipped></testcase><testcase classname="tests.architecture.test_documentation_cleanup_inventory" name="test_documentation_cleanup_inventory_maps_drafts_and_skill_mirrors" time="0.280"><skipped type="pytest.skip" message="Committed-artifact assertions are only authoritative for a clean docs/reports/generated/documentation-cleanup-inventory.json artifact.">/tmp/bioetl-audit-seq-8ab59e2395/tests/architecture/_module_coverage_inventory_support.py:109: Committed-artifact assertions are only authoritative for a clean docs/reports/generated/documentation-cleanup-inventory.json artifact.</skipped></testcase><testcase classname="tests.architecture.test_documentation_cleanup_inventory" name="test_documentation_cleanup_inventory_check_passes" time="0.281"><skipped type="pytest.skip" message="Committed-artifact assertions are only authoritative for a clean docs/reports/generated/documentation-cleanup-inventory.json artifact.">/tmp/bioetl-audit-seq-8ab59e2395/tests/architecture/_module_coverage_inventory_support.py:109: Committed-artifact assertions are only authoritative for a clean docs/reports/generated/documentation-cleanup-inventory.json artifact.</skipped></testcase><testcase classname="tests.architecture.test_documentation_cleanup_inventory" name="test_documentation_cleanup_inventory_routed_in_registry" time="0.031" /><testcase classname="tests.architecture.test_documentation_cleanup_inventory" name="test_ai_runtime_generated_mirrors_are_routed_in_registry" time="0.030" /><testcase classname="tests.architecture.test_documentation_sync" name="test_codeowners_assigns_explicit_docs_ownership" time="0.001" /><testcase classname="tests.architecture.test_documentation_sync" name="test_ports_count_matches_docs" time="0.001" /><testcase classname="tests.architecture.test_documentation_sync" name="test_pipeline_count_matches_docs" time="0.006" /><testcase classname="tests.architecture.test_documentation_sync" name="test_pipeline_ids_match_reference_index" time="0.300" /><testcase classname="tests.architecture.test_documentation_sync" name="test_adr_numbers_are_unique" time="0.002" /><testcase classname="tests.architecture.test_documentation_sync" name="test_adr_index_links_match_decision_files" time="0.001" /><testcase classname="tests.architecture.test_documentation_sync" name="test_adr_h1_number_matches_filename" time="0.004" /><testcase classname="tests.architecture.test_documentation_sync" name="test_adr_status_is_from_allowed_set" time="0.004" /><testcase classname="tests.architecture.test_documentation_sync" name="test_mkdocs_nav_references_existing_markdown_files" time="0.010" /><testcase classname="tests.architecture.test_documentation_sync" name="test_no_legacy_repo_slug_in_active_docs_and_workflows" time="0.504" /><testcase classname="tests.architecture.test_documentation_sync" name="test_no_legacy_contract_path_in_active_docs" time="0.031" /><testcase classname="tests.architecture.test_documentation_sync" name="test_root_readme_uses_current_docs_entrypoints" time="0.001" /><testcase classname="tests.architecture.test_documentation_sync" name="test_no_legacy_kebab_pipeline_ids_in_active_docs" time="3.397" /><testcase classname="tests.architecture.test_documentation_sync" name="test_generated_docs_artifacts_excluded_from_active_scope" time="0.052" /><testcase classname="tests.architecture.test_documentation_sync" name="test_report_docs_excluded_from_active_scope" time="0.048" /><testcase classname="tests.architecture.test_documentation_sync" name="test_generated_zone_docs_excluded_from_active_scope" time="0.075" /><testcase classname="tests.architecture.test_documentation_sync" name="test_canonical_doc_roots_are_active_scope_only" time="0.062" /><testcase classname="tests.architecture.test_documentation_sync" name="test_generated_export_markdown_has_generation_marker" time="0.009" /><testcase classname="tests.architecture.test_documentation_sync" name="test_generated_export_report_names_are_timestamped" time="0.009" /><testcase classname="tests.architecture.test_documentation_sync" name="test_quarantine_states_match_docs" time="0.001" /><testcase classname="tests.architecture.test_documentation_sync" name="test_exit_codes_match_docs" time="0.002" /><testcase classname="tests.unit.scripts.docs.passports.test_passport_path_renamer" name="test_migration_dry_run_apply_and_check_are_idempotent" time="0.006" /><testcase classname="tests.unit.scripts.docs.passports.test_passport_path_renamer" name="test_migration_refuses_to_overwrite_existing_target" time="0.002" /><testcase classname="tests.unit.scripts.docs.passports.test_passport_projector" name="test_inventory_matches_canonical_executable_surfaces" time="4.535" /><testcase classname="tests.unit.scripts.docs.passports.test_passport_projector" name="test_inventory_is_registry_owned_ordered_and_alias_safe" time="0.002" /><testcase classname="tests.unit.scripts.docs.passports.test_passport_projector" name="test_inventory_rejects_registry_config_mismatch_and_duplicate_alias" time="0.003" /><testcase classname="tests.unit.scripts.docs.passports.test_passport_projector" name="test_source_revision_excludes_ephemeral_merge_commits" time="0.001" /><testcase classname="tests.unit.scripts.docs.passports.test_passport_projector" name="test_workflow_operations_are_classified" time="1.776" /><testcase classname="tests.unit.scripts.docs.passports.test_passport_projector" name="test_generated_facts_validate_against_published_schemas" time="1.061" /><testcase classname="tests.unit.scripts.docs.passports.test_passport_projector" name="test_representative_pipeline_projection_profiles_are_explicit" time="0.002" /><testcase classname="tests.unit.scripts.docs.passports.test_passport_projector" name="test_schema_rejects_unknown_nested_keys_and_incompatible_version" time="0.063" /><testcase classname="tests.unit.scripts.docs.passports.test_passport_projector" name="test_composite_validation_fails_closed_for_invalid_invariants" time="0.001" /><testcase classname="tests.unit.scripts.docs.passports.test_passport_projector" name="test_source_refs_exist_and_metric_labels_are_bounded" time="0.007" /><testcase classname="tests.unit.scripts.docs.passports.test_passport_projector" name="test_manual_sidecar_is_strict_and_preserved" time="0.002" /><testcase classname="tests.unit.scripts.docs.passports.test_passport_projector" name="test_pipeline_markdown_is_compact_complete_and_not_a_json_dump" time="0.001" /><testcase classname="tests.unit.scripts.docs.passports.test_passport_projector" name="test_composite_commands_and_diagram_use_real_composite_cli_options" time="0.001" /><testcase classname="tests.unit.scripts.docs.passports.test_passport_projector" name="test_duplicate_audit_reports_compaction" time="0.017" /><testcase classname="tests.unit.scripts.docs.test_docs_parity_check.TestDocumentationParityChecker" name="test_parity_result_critical" time="0.001" /><testcase classname="tests.unit.scripts.docs.test_docs_parity_check.TestDocumentationParityChecker" name="test_parity_result_error" time="0.001" /><testcase classname="tests.unit.scripts.docs.test_docs_parity_check.TestDocumentationParityChecker" name="test_parity_result_warning" time="0.001" /><testcase classname="tests.unit.scripts.docs.test_docs_parity_check.TestDocumentationParityChecker" name="test_parity_result_success" time="0.001" /><testcase classname="tests.unit.scripts.docs.test_docs_parity_check.TestDocumentationParityChecker" name="test_documentation_parity_checker_initialization" time="0.003" /><testcase classname="tests.unit.scripts.docs.test_docs_parity_check.TestDocumentationParityChecker" name="test_documentation_parity_checker_extract_config_metadata_yaml" time="0.002" /><testcase classname="tests.unit.scripts.docs.test_docs_parity_check.TestDocumentationParityChecker" name="test_documentation_parity_checker_extract_config_metadata_json" time="0.001" /><testcase classname="tests.unit.scripts.docs.test_docs_parity_check.TestDocumentationParityChecker" name="test_documentation_parity_checker_extract_doc_metadata" time="0.002" /><testcase classname="tests.unit.scripts.docs.test_docs_parity_check.TestDocumentationParityChecker" name="test_documentation_parity_checker_extract_doc_metadata_no_front_matter" time="0.001" /><testcase classname="tests.unit.scripts.docs.test_docs_parity_check.TestDocumentationParityChecker" name="test_documentation_parity_checker_config_entity_creation" time="0.001" /><testcase classname="tests.unit.scripts.docs.test_generate_adr_registry.TestADRJsonRegistryEntry" name="test_adr_registry_entry_structure" time="0.001" /><testcase classname="tests.unit.scripts.docs.test_generate_adr_registry.TestADRJsonRegistryEntry" name="test_adr_registry_entry_optional_fields" time="0.001" /><testcase classname="tests.unit.scripts.docs.test_generate_adr_registry.TestADRRegistryGeneration" name="test_adr_directory_structure" time="0.001" /><testcase classname="tests.unit.scripts.docs.test_generate_adr_registry.TestADRRegistryGeneration" name="test_adr_file_parsing" time="0.001" /><testcase classname="tests.unit.scripts.docs.test_generate_adr_registry.TestADRRegistryGeneration" name="test_adr_registry_json_structure" time="0.001" /><testcase classname="tests.unit.scripts.test_documentation_governance_check" name="test_adr_registry_sync_check_passes_on_current_repository" time="0.003" /><testcase classname="tests.unit.scripts.test_documentation_cleanup_inventory" name="test_outgoing_links_keeps_windows_absolute_paths" time="0.002" /><testcase classname="tests.unit.scripts.test_documentation_cleanup_inventory" name="test_resolve_link_maps_wsl_absolute_repo_alias_on_windows" time="0.002" /><testcase classname="tests.unit.scripts.test_documentation_cleanup_inventory" name="test_resolve_link_normalizes_relative_paths_without_filesystem" time="0.001" /><testcase classname="tests.unit.scripts.test_documentation_cleanup_inventory" name="test_github_issue_number_ignores_dates[.github/ISSUES/README.md-None]" time="0.001" /><testcase classname="tests.unit.scripts.test_documentation_cleanup_inventory" name="test_github_issue_number_ignores_dates[.github/ISSUES/ADR-HYGIENE-4746-Archive-ADR-003-ADR-008.md-4746]" time="0.001" /><testcase classname="tests.unit.scripts.test_documentation_cleanup_inventory" name="test_github_issue_number_ignores_dates[.github/ISSUES/DOC-AUDIT-2026-06-19-ISSUE-PACK.md-None]" time="0.001" /><testcase classname="tests.unit.scripts.test_documentation_cleanup_inventory" name="test_github_issue_lifecycle[.github/ISSUES/CREATION_GUIDE.md-guide]" time="0.001" /><testcase classname="tests.unit.scripts.test_documentation_cleanup_inventory" name="test_github_issue_lifecycle[.github/ISSUES/CHEMBL-ISSUES-INDEX.md-index]" time="0.001" /><testcase classname="tests.unit.scripts.test_documentation_cleanup_inventory" name="test_github_issue_lifecycle[.github/ISSUES/DOC-AUDIT-2026-06-19-ISSUE-PACK.md-issue_pack]" time="0.001" /><testcase classname="tests.unit.scripts.test_documentation_cleanup_inventory" name="test_github_issue_lifecycle[.github/ISSUES/ADR-HYGIENE-4746-Archive-ADR-003-ADR-008.md-live_issue_mirror]" time="0.001" /><testcase classname="tests.unit.scripts.test_documentation_cleanup_inventory" name="test_github_issue_lifecycle[.github/ISSUES/PLAN-EXAMPLE.md-active_draft]" time="0.001" /><testcase classname="tests.unit.scripts.test_documentation_cleanup_inventory" name="test_reports_lifecycle[docs/reports/index.md-docs_reports_curated_entrypoint]" time="0.001" /><testcase classname="tests.unit.scripts.test_documentation_cleanup_inventory" name="test_reports_lifecycle[docs/reports/generated/documentation-cleanup-inventory.json-docs_reports_generated_or_route_owned]" time="0.001" /><testcase classname="tests.unit.scripts.test_documentation_cleanup_inventory" name="test_reports_lifecycle[docs/reports/evidence/project-test-health/SUMMARY.md-docs_reports_retention_sensitive_evidence]" time="0.001" /><testcase classname="tests.unit.scripts.test_documentation_cleanup_inventory" name="test_reports_lifecycle[reports/quality/tech-debt-issues-5847-5852-closeout.json-closeout_evidence]" time="0.001" /><testcase classname="tests.unit.scripts.test_documentation_cleanup_inventory" name="test_reports_lifecycle[reports/quality/dead-code-inventory.md-active_quality_baseline]" time="0.001" /><testcase classname="tests.unit.scripts.test_documentation_cleanup_inventory" name="test_generated_route_exception_requires_generated_status" time="0.001" /><testcase classname="tests.unit.scripts.test_documentation_cleanup_inventory" name="test_safe_iter_local_doc_tree_reports_quarantined_paths" time="0.002" /><testcase classname="tests.unit.scripts.test_documentation_cleanup_inventory" name="test_safe_iter_local_doc_tree_ignores_transient_link_report" time="0.002" /><testcase classname="tests.unit.scripts.test_documentation_cleanup_inventory" name="test_generated_route_violations_reports_unowned_generated_rows" time="0.001" /><testcase classname="tests.unit.scripts.test_documentation_cleanup_inventory" name="test_historical_docs_report_is_retained_without_repeated_migration" time="0.001" /><testcase classname="tests.unit.scripts.test_report_docs_kpi" name="test_docs_kpi_safe_is_file_returns_false_on_oserror" time="0.001" /><testcase classname="tests.unit.scripts.test_report_docs_kpi" name="test_safe_read_text_returns_none_on_oserror" time="0.001" /><testcase classname="tests.unit.scripts.test_report_docs_kpi" name="test_iter_inbound_targets_skips_unreadable_markdown" time="0.001" /><testcase classname="tests.unit.scripts.test_cli_dispatch" name="test_run_command_dispatches_module_main_with_argv_in_process" time="0.003" /><testcase classname="tests.unit.scripts.test_cli_dispatch" name="test_run_command_rejects_argv_for_zero_argument_module_main" time="0.003" /><testcase classname="tests.unit.scripts.test_cli_dispatch" name="test_run_command_dispatches_zero_argument_main_without_forwarded_argv" time="0.002" /><testcase classname="tests.unit.scripts.test_cli_dispatch" name="test_docs_check_drift_and_docstrings_accept_documented_flags" time="0.018" /><testcase classname="tests.unit.scripts.test_cli_dispatch" name="test_docs_verify_and_kpi_accept_workflow_flags" time="0.003" /><testcase classname="tests.unit.scripts.ai.test_prompt_library" name="test_registry_loads_and_ids_unique" time="0.033" /><testcase classname="tests.unit.scripts.ai.test_prompt_library" name="test_registry_paths_exist" time="0.031" /><testcase classname="tests.unit.scripts.ai.test_prompt_library" name="test_parse_frontmatter" time="0.001" /><testcase classname="tests.unit.scripts.ai.test_prompt_library" name="test_load_card_closeout" time="0.035" /><testcase classname="tests.unit.scripts.ai.test_prompt_library" name="test_render_includes_fragments" time="0.044" /><testcase classname="tests.unit.scripts.ai.test_prompt_library" name="test_substitute_params_missing_raises" time="0.001" /><testcase classname="tests.unit.scripts.ai.test_prompt_library" name="test_substitute_params_ok" time="0.001" /><testcase classname="tests.unit.scripts.ai.test_prompt_library" name="test_check_registry_ok" time="0.146" /><testcase classname="tests.unit.scripts.ai.test_prompt_library" name="test_dashboard_audit_cycle_registry_advertises_v2_theme_zoom" time="0.034" /><testcase classname="tests.unit.scripts.ai.test_prompt_library" name="test_check_hygiene_ok" time="0.132" /><testcase classname="tests.unit.scripts.ai.test_prompt_library" name="test_cli_list" time="0.036" /><testcase classname="tests.unit.scripts.ai.test_prompt_library" name="test_cli_show" time="0.034" /><testcase classname="tests.unit.scripts.ai.test_prompt_library" name="test_cli_render" time="0.041" /><testcase classname="tests.unit.scripts.ai.test_prompt_library" name="test_cli_check_registry" time="0.158" /><testcase classname="tests.unit.scripts.ai.test_prompt_library" name="test_cli_unknown_id" time="0.034" /><testcase classname="tests.unit.scripts.ai.test_prompt_library" name="test_prompts_root_layout" time="0.002" /></testsuite></testsuites>